ARM GAS  /var/folders/zf/mkqpy7tx7p1_khjt1h6hykn40000gn/T//cc4aEuab.s 			page 1


   1              		.cpu cortex-m0
   2              		.arch armv6s-m
   3              		.fpu softvfp
   4              		.eabi_attribute 20, 1
   5              		.eabi_attribute 21, 1
   6              		.eabi_attribute 23, 3
   7              		.eabi_attribute 24, 1
   8              		.eabi_attribute 25, 1
   9              		.eabi_attribute 26, 1
  10              		.eabi_attribute 30, 1
  11              		.eabi_attribute 34, 0
  12              		.eabi_attribute 18, 4
  13              		.file	"stm32f0xx_hal_msp.c"
  14              		.text
  15              	.Ltext0:
  16              		.cfi_sections	.debug_frame
  17              		.section	.text.HAL_MspInit,"ax",%progbits
  18              		.align	1
  19              		.global	HAL_MspInit
  20              		.syntax unified
  21              		.code	16
  22              		.thumb_func
  24              	HAL_MspInit:
  25              	.LFB343:
  26              		.file 1 "Core/Src/stm32f0xx_hal_msp.c"
   1:Core/Src/stm32f0xx_hal_msp.c **** /* USER CODE BEGIN Header */
   2:Core/Src/stm32f0xx_hal_msp.c **** /**
   3:Core/Src/stm32f0xx_hal_msp.c ****   ******************************************************************************
   4:Core/Src/stm32f0xx_hal_msp.c ****   * @file         stm32f0xx_hal_msp.c
   5:Core/Src/stm32f0xx_hal_msp.c ****   * @brief        This file provides code for the MSP Initialization
   6:Core/Src/stm32f0xx_hal_msp.c ****   *               and de-Initialization codes.
   7:Core/Src/stm32f0xx_hal_msp.c ****   ******************************************************************************
   8:Core/Src/stm32f0xx_hal_msp.c ****   * @attention
   9:Core/Src/stm32f0xx_hal_msp.c ****   *
  10:Core/Src/stm32f0xx_hal_msp.c ****   * Copyright (c) 2023 STMicroelectronics.
  11:Core/Src/stm32f0xx_hal_msp.c ****   * All rights reserved.
  12:Core/Src/stm32f0xx_hal_msp.c ****   *
  13:Core/Src/stm32f0xx_hal_msp.c ****   * This software is licensed under terms that can be found in the LICENSE file
  14:Core/Src/stm32f0xx_hal_msp.c ****   * in the root directory of this software component.
  15:Core/Src/stm32f0xx_hal_msp.c ****   * If no LICENSE file comes with this software, it is provided AS-IS.
  16:Core/Src/stm32f0xx_hal_msp.c ****   *
  17:Core/Src/stm32f0xx_hal_msp.c ****   ******************************************************************************
  18:Core/Src/stm32f0xx_hal_msp.c ****   */
  19:Core/Src/stm32f0xx_hal_msp.c **** /* USER CODE END Header */
  20:Core/Src/stm32f0xx_hal_msp.c **** 
  21:Core/Src/stm32f0xx_hal_msp.c **** /* Includes ------------------------------------------------------------------*/
  22:Core/Src/stm32f0xx_hal_msp.c **** #include "main.h"
  23:Core/Src/stm32f0xx_hal_msp.c **** 
  24:Core/Src/stm32f0xx_hal_msp.c **** /* USER CODE BEGIN Includes */
  25:Core/Src/stm32f0xx_hal_msp.c **** 
  26:Core/Src/stm32f0xx_hal_msp.c **** /* USER CODE END Includes */
  27:Core/Src/stm32f0xx_hal_msp.c **** 
  28:Core/Src/stm32f0xx_hal_msp.c **** /* Private typedef -----------------------------------------------------------*/
  29:Core/Src/stm32f0xx_hal_msp.c **** /* USER CODE BEGIN TD */
  30:Core/Src/stm32f0xx_hal_msp.c **** 
  31:Core/Src/stm32f0xx_hal_msp.c **** /* USER CODE END TD */
  32:Core/Src/stm32f0xx_hal_msp.c **** 
ARM GAS  /var/folders/zf/mkqpy7tx7p1_khjt1h6hykn40000gn/T//cc4aEuab.s 			page 2


  33:Core/Src/stm32f0xx_hal_msp.c **** /* Private define ------------------------------------------------------------*/
  34:Core/Src/stm32f0xx_hal_msp.c **** /* USER CODE BEGIN Define */
  35:Core/Src/stm32f0xx_hal_msp.c **** 
  36:Core/Src/stm32f0xx_hal_msp.c **** /* USER CODE END Define */
  37:Core/Src/stm32f0xx_hal_msp.c **** 
  38:Core/Src/stm32f0xx_hal_msp.c **** /* Private macro -------------------------------------------------------------*/
  39:Core/Src/stm32f0xx_hal_msp.c **** /* USER CODE BEGIN Macro */
  40:Core/Src/stm32f0xx_hal_msp.c **** 
  41:Core/Src/stm32f0xx_hal_msp.c **** /* USER CODE END Macro */
  42:Core/Src/stm32f0xx_hal_msp.c **** 
  43:Core/Src/stm32f0xx_hal_msp.c **** /* Private variables ---------------------------------------------------------*/
  44:Core/Src/stm32f0xx_hal_msp.c **** /* USER CODE BEGIN PV */
  45:Core/Src/stm32f0xx_hal_msp.c **** 
  46:Core/Src/stm32f0xx_hal_msp.c **** /* USER CODE END PV */
  47:Core/Src/stm32f0xx_hal_msp.c **** 
  48:Core/Src/stm32f0xx_hal_msp.c **** /* Private function prototypes -----------------------------------------------*/
  49:Core/Src/stm32f0xx_hal_msp.c **** /* USER CODE BEGIN PFP */
  50:Core/Src/stm32f0xx_hal_msp.c **** 
  51:Core/Src/stm32f0xx_hal_msp.c **** /* USER CODE END PFP */
  52:Core/Src/stm32f0xx_hal_msp.c **** 
  53:Core/Src/stm32f0xx_hal_msp.c **** /* External functions --------------------------------------------------------*/
  54:Core/Src/stm32f0xx_hal_msp.c **** /* USER CODE BEGIN ExternalFunctions */
  55:Core/Src/stm32f0xx_hal_msp.c **** 
  56:Core/Src/stm32f0xx_hal_msp.c **** /* USER CODE END ExternalFunctions */
  57:Core/Src/stm32f0xx_hal_msp.c **** 
  58:Core/Src/stm32f0xx_hal_msp.c **** /* USER CODE BEGIN 0 */
  59:Core/Src/stm32f0xx_hal_msp.c **** 
  60:Core/Src/stm32f0xx_hal_msp.c **** /* USER CODE END 0 */
  61:Core/Src/stm32f0xx_hal_msp.c **** 
  62:Core/Src/stm32f0xx_hal_msp.c **** void HAL_TIM_MspPostInit(TIM_HandleTypeDef *htim);
  63:Core/Src/stm32f0xx_hal_msp.c ****                     /**
  64:Core/Src/stm32f0xx_hal_msp.c ****   * Initializes the Global MSP.
  65:Core/Src/stm32f0xx_hal_msp.c ****   */
  66:Core/Src/stm32f0xx_hal_msp.c **** void HAL_MspInit(void)
  67:Core/Src/stm32f0xx_hal_msp.c **** {
  27              		.loc 1 67 1 view -0
  28              		.cfi_startproc
  29              		@ args = 0, pretend = 0, frame = 8
  30              		@ frame_needed = 0, uses_anonymous_args = 0
  31              		@ link register save eliminated.
  32 0000 82B0     		sub	sp, sp, #8
  33              	.LCFI0:
  34              		.cfi_def_cfa_offset 8
  68:Core/Src/stm32f0xx_hal_msp.c ****   /* USER CODE BEGIN MspInit 0 */
  69:Core/Src/stm32f0xx_hal_msp.c **** 
  70:Core/Src/stm32f0xx_hal_msp.c ****   /* USER CODE END MspInit 0 */
  71:Core/Src/stm32f0xx_hal_msp.c **** 
  72:Core/Src/stm32f0xx_hal_msp.c ****   __HAL_RCC_SYSCFG_CLK_ENABLE();
  35              		.loc 1 72 3 view .LVU1
  36              	.LBB2:
  37              		.loc 1 72 3 view .LVU2
  38              		.loc 1 72 3 view .LVU3
  39 0002 0A4B     		ldr	r3, .L2
  40 0004 9969     		ldr	r1, [r3, #24]
  41 0006 0122     		movs	r2, #1
  42 0008 1143     		orrs	r1, r2
  43 000a 9961     		str	r1, [r3, #24]
ARM GAS  /var/folders/zf/mkqpy7tx7p1_khjt1h6hykn40000gn/T//cc4aEuab.s 			page 3


  44              		.loc 1 72 3 view .LVU4
  45 000c 9969     		ldr	r1, [r3, #24]
  46 000e 0A40     		ands	r2, r1
  47 0010 0092     		str	r2, [sp]
  48              		.loc 1 72 3 view .LVU5
  49 0012 009A     		ldr	r2, [sp]
  50              	.LBE2:
  51              		.loc 1 72 3 view .LVU6
  73:Core/Src/stm32f0xx_hal_msp.c ****   __HAL_RCC_PWR_CLK_ENABLE();
  52              		.loc 1 73 3 view .LVU7
  53              	.LBB3:
  54              		.loc 1 73 3 view .LVU8
  55              		.loc 1 73 3 view .LVU9
  56 0014 DA69     		ldr	r2, [r3, #28]
  57 0016 8021     		movs	r1, #128
  58 0018 4905     		lsls	r1, r1, #21
  59 001a 0A43     		orrs	r2, r1
  60 001c DA61     		str	r2, [r3, #28]
  61              		.loc 1 73 3 view .LVU10
  62 001e DB69     		ldr	r3, [r3, #28]
  63 0020 0B40     		ands	r3, r1
  64 0022 0193     		str	r3, [sp, #4]
  65              		.loc 1 73 3 view .LVU11
  66 0024 019B     		ldr	r3, [sp, #4]
  67              	.LBE3:
  68              		.loc 1 73 3 view .LVU12
  74:Core/Src/stm32f0xx_hal_msp.c **** 
  75:Core/Src/stm32f0xx_hal_msp.c ****   /* System interrupt init*/
  76:Core/Src/stm32f0xx_hal_msp.c **** 
  77:Core/Src/stm32f0xx_hal_msp.c ****   /* USER CODE BEGIN MspInit 1 */
  78:Core/Src/stm32f0xx_hal_msp.c **** 
  79:Core/Src/stm32f0xx_hal_msp.c ****   /* USER CODE END MspInit 1 */
  80:Core/Src/stm32f0xx_hal_msp.c **** }
  69              		.loc 1 80 1 is_stmt 0 view .LVU13
  70 0026 02B0     		add	sp, sp, #8
  71              		@ sp needed
  72 0028 7047     		bx	lr
  73              	.L3:
  74 002a C046     		.align	2
  75              	.L2:
  76 002c 00100240 		.word	1073876992
  77              		.cfi_endproc
  78              	.LFE343:
  80              		.section	.text.HAL_ADC_MspInit,"ax",%progbits
  81              		.align	1
  82              		.global	HAL_ADC_MspInit
  83              		.syntax unified
  84              		.code	16
  85              		.thumb_func
  87              	HAL_ADC_MspInit:
  88              	.LVL0:
  89              	.LFB344:
  81:Core/Src/stm32f0xx_hal_msp.c **** 
  82:Core/Src/stm32f0xx_hal_msp.c **** /**
  83:Core/Src/stm32f0xx_hal_msp.c **** * @brief ADC MSP Initialization
  84:Core/Src/stm32f0xx_hal_msp.c **** * This function configures the hardware resources used in this example
  85:Core/Src/stm32f0xx_hal_msp.c **** * @param hadc: ADC handle pointer
ARM GAS  /var/folders/zf/mkqpy7tx7p1_khjt1h6hykn40000gn/T//cc4aEuab.s 			page 4


  86:Core/Src/stm32f0xx_hal_msp.c **** * @retval None
  87:Core/Src/stm32f0xx_hal_msp.c **** */
  88:Core/Src/stm32f0xx_hal_msp.c **** void HAL_ADC_MspInit(ADC_HandleTypeDef* hadc)
  89:Core/Src/stm32f0xx_hal_msp.c **** {
  90              		.loc 1 89 1 is_stmt 1 view -0
  91              		.cfi_startproc
  92              		@ args = 0, pretend = 0, frame = 32
  93              		@ frame_needed = 0, uses_anonymous_args = 0
  94              		.loc 1 89 1 is_stmt 0 view .LVU15
  95 0000 10B5     		push	{r4, lr}
  96              	.LCFI1:
  97              		.cfi_def_cfa_offset 8
  98              		.cfi_offset 4, -8
  99              		.cfi_offset 14, -4
 100 0002 88B0     		sub	sp, sp, #32
 101              	.LCFI2:
 102              		.cfi_def_cfa_offset 40
 103 0004 0400     		movs	r4, r0
  90:Core/Src/stm32f0xx_hal_msp.c ****   GPIO_InitTypeDef GPIO_InitStruct = {0};
 104              		.loc 1 90 3 is_stmt 1 view .LVU16
 105              		.loc 1 90 20 is_stmt 0 view .LVU17
 106 0006 1422     		movs	r2, #20
 107 0008 0021     		movs	r1, #0
 108 000a 03A8     		add	r0, sp, #12
 109              	.LVL1:
 110              		.loc 1 90 20 view .LVU18
 111 000c FFF7FEFF 		bl	memset
 112              	.LVL2:
  91:Core/Src/stm32f0xx_hal_msp.c ****   if(hadc->Instance==ADC1)
 113              		.loc 1 91 3 is_stmt 1 view .LVU19
 114              		.loc 1 91 10 is_stmt 0 view .LVU20
 115 0010 2268     		ldr	r2, [r4]
 116              		.loc 1 91 5 view .LVU21
 117 0012 114B     		ldr	r3, .L7
 118 0014 9A42     		cmp	r2, r3
 119 0016 01D0     		beq	.L6
 120              	.L4:
  92:Core/Src/stm32f0xx_hal_msp.c ****   {
  93:Core/Src/stm32f0xx_hal_msp.c ****   /* USER CODE BEGIN ADC1_MspInit 0 */
  94:Core/Src/stm32f0xx_hal_msp.c **** 
  95:Core/Src/stm32f0xx_hal_msp.c ****   /* USER CODE END ADC1_MspInit 0 */
  96:Core/Src/stm32f0xx_hal_msp.c ****     /* Peripheral clock enable */
  97:Core/Src/stm32f0xx_hal_msp.c ****     __HAL_RCC_ADC1_CLK_ENABLE();
  98:Core/Src/stm32f0xx_hal_msp.c **** 
  99:Core/Src/stm32f0xx_hal_msp.c ****     __HAL_RCC_GPIOA_CLK_ENABLE();
 100:Core/Src/stm32f0xx_hal_msp.c ****     /**ADC GPIO Configuration
 101:Core/Src/stm32f0xx_hal_msp.c ****     PA7     ------> ADC_IN7
 102:Core/Src/stm32f0xx_hal_msp.c ****     */
 103:Core/Src/stm32f0xx_hal_msp.c ****     GPIO_InitStruct.Pin = GPIO_PIN_7;
 104:Core/Src/stm32f0xx_hal_msp.c ****     GPIO_InitStruct.Mode = GPIO_MODE_ANALOG;
 105:Core/Src/stm32f0xx_hal_msp.c ****     GPIO_InitStruct.Pull = GPIO_NOPULL;
 106:Core/Src/stm32f0xx_hal_msp.c ****     HAL_GPIO_Init(GPIOA, &GPIO_InitStruct);
 107:Core/Src/stm32f0xx_hal_msp.c **** 
 108:Core/Src/stm32f0xx_hal_msp.c ****   /* USER CODE BEGIN ADC1_MspInit 1 */
 109:Core/Src/stm32f0xx_hal_msp.c **** 
 110:Core/Src/stm32f0xx_hal_msp.c ****   /* USER CODE END ADC1_MspInit 1 */
 111:Core/Src/stm32f0xx_hal_msp.c ****   }
ARM GAS  /var/folders/zf/mkqpy7tx7p1_khjt1h6hykn40000gn/T//cc4aEuab.s 			page 5


 112:Core/Src/stm32f0xx_hal_msp.c **** 
 113:Core/Src/stm32f0xx_hal_msp.c **** }
 121              		.loc 1 113 1 view .LVU22
 122 0018 08B0     		add	sp, sp, #32
 123              		@ sp needed
 124              	.LVL3:
 125              		.loc 1 113 1 view .LVU23
 126 001a 10BD     		pop	{r4, pc}
 127              	.LVL4:
 128              	.L6:
  97:Core/Src/stm32f0xx_hal_msp.c **** 
 129              		.loc 1 97 5 is_stmt 1 view .LVU24
 130              	.LBB4:
  97:Core/Src/stm32f0xx_hal_msp.c **** 
 131              		.loc 1 97 5 view .LVU25
  97:Core/Src/stm32f0xx_hal_msp.c **** 
 132              		.loc 1 97 5 view .LVU26
 133 001c 0F4B     		ldr	r3, .L7+4
 134 001e 9A69     		ldr	r2, [r3, #24]
 135 0020 8021     		movs	r1, #128
 136 0022 8900     		lsls	r1, r1, #2
 137 0024 0A43     		orrs	r2, r1
 138 0026 9A61     		str	r2, [r3, #24]
  97:Core/Src/stm32f0xx_hal_msp.c **** 
 139              		.loc 1 97 5 view .LVU27
 140 0028 9A69     		ldr	r2, [r3, #24]
 141 002a 0A40     		ands	r2, r1
 142 002c 0192     		str	r2, [sp, #4]
  97:Core/Src/stm32f0xx_hal_msp.c **** 
 143              		.loc 1 97 5 view .LVU28
 144 002e 019A     		ldr	r2, [sp, #4]
 145              	.LBE4:
  97:Core/Src/stm32f0xx_hal_msp.c **** 
 146              		.loc 1 97 5 view .LVU29
  99:Core/Src/stm32f0xx_hal_msp.c ****     /**ADC GPIO Configuration
 147              		.loc 1 99 5 view .LVU30
 148              	.LBB5:
  99:Core/Src/stm32f0xx_hal_msp.c ****     /**ADC GPIO Configuration
 149              		.loc 1 99 5 view .LVU31
  99:Core/Src/stm32f0xx_hal_msp.c ****     /**ADC GPIO Configuration
 150              		.loc 1 99 5 view .LVU32
 151 0030 5A69     		ldr	r2, [r3, #20]
 152 0032 8021     		movs	r1, #128
 153 0034 8902     		lsls	r1, r1, #10
 154 0036 0A43     		orrs	r2, r1
 155 0038 5A61     		str	r2, [r3, #20]
  99:Core/Src/stm32f0xx_hal_msp.c ****     /**ADC GPIO Configuration
 156              		.loc 1 99 5 view .LVU33
 157 003a 5B69     		ldr	r3, [r3, #20]
 158 003c 0B40     		ands	r3, r1
 159 003e 0293     		str	r3, [sp, #8]
  99:Core/Src/stm32f0xx_hal_msp.c ****     /**ADC GPIO Configuration
 160              		.loc 1 99 5 view .LVU34
 161 0040 029B     		ldr	r3, [sp, #8]
 162              	.LBE5:
  99:Core/Src/stm32f0xx_hal_msp.c ****     /**ADC GPIO Configuration
 163              		.loc 1 99 5 view .LVU35
ARM GAS  /var/folders/zf/mkqpy7tx7p1_khjt1h6hykn40000gn/T//cc4aEuab.s 			page 6


 103:Core/Src/stm32f0xx_hal_msp.c ****     GPIO_InitStruct.Mode = GPIO_MODE_ANALOG;
 164              		.loc 1 103 5 view .LVU36
 103:Core/Src/stm32f0xx_hal_msp.c ****     GPIO_InitStruct.Mode = GPIO_MODE_ANALOG;
 165              		.loc 1 103 25 is_stmt 0 view .LVU37
 166 0042 8023     		movs	r3, #128
 167 0044 0393     		str	r3, [sp, #12]
 104:Core/Src/stm32f0xx_hal_msp.c ****     GPIO_InitStruct.Pull = GPIO_NOPULL;
 168              		.loc 1 104 5 is_stmt 1 view .LVU38
 104:Core/Src/stm32f0xx_hal_msp.c ****     GPIO_InitStruct.Pull = GPIO_NOPULL;
 169              		.loc 1 104 26 is_stmt 0 view .LVU39
 170 0046 7D3B     		subs	r3, r3, #125
 171 0048 0493     		str	r3, [sp, #16]
 105:Core/Src/stm32f0xx_hal_msp.c ****     HAL_GPIO_Init(GPIOA, &GPIO_InitStruct);
 172              		.loc 1 105 5 is_stmt 1 view .LVU40
 106:Core/Src/stm32f0xx_hal_msp.c **** 
 173              		.loc 1 106 5 view .LVU41
 174 004a 9020     		movs	r0, #144
 175 004c 03A9     		add	r1, sp, #12
 176 004e C005     		lsls	r0, r0, #23
 177 0050 FFF7FEFF 		bl	HAL_GPIO_Init
 178              	.LVL5:
 179              		.loc 1 113 1 is_stmt 0 view .LVU42
 180 0054 E0E7     		b	.L4
 181              	.L8:
 182 0056 C046     		.align	2
 183              	.L7:
 184 0058 00240140 		.word	1073816576
 185 005c 00100240 		.word	1073876992
 186              		.cfi_endproc
 187              	.LFE344:
 189              		.section	.text.HAL_ADC_MspDeInit,"ax",%progbits
 190              		.align	1
 191              		.global	HAL_ADC_MspDeInit
 192              		.syntax unified
 193              		.code	16
 194              		.thumb_func
 196              	HAL_ADC_MspDeInit:
 197              	.LVL6:
 198              	.LFB345:
 114:Core/Src/stm32f0xx_hal_msp.c **** 
 115:Core/Src/stm32f0xx_hal_msp.c **** /**
 116:Core/Src/stm32f0xx_hal_msp.c **** * @brief ADC MSP De-Initialization
 117:Core/Src/stm32f0xx_hal_msp.c **** * This function freeze the hardware resources used in this example
 118:Core/Src/stm32f0xx_hal_msp.c **** * @param hadc: ADC handle pointer
 119:Core/Src/stm32f0xx_hal_msp.c **** * @retval None
 120:Core/Src/stm32f0xx_hal_msp.c **** */
 121:Core/Src/stm32f0xx_hal_msp.c **** void HAL_ADC_MspDeInit(ADC_HandleTypeDef* hadc)
 122:Core/Src/stm32f0xx_hal_msp.c **** {
 199              		.loc 1 122 1 is_stmt 1 view -0
 200              		.cfi_startproc
 201              		@ args = 0, pretend = 0, frame = 0
 202              		@ frame_needed = 0, uses_anonymous_args = 0
 203              		.loc 1 122 1 is_stmt 0 view .LVU44
 204 0000 10B5     		push	{r4, lr}
 205              	.LCFI3:
 206              		.cfi_def_cfa_offset 8
 207              		.cfi_offset 4, -8
ARM GAS  /var/folders/zf/mkqpy7tx7p1_khjt1h6hykn40000gn/T//cc4aEuab.s 			page 7


 208              		.cfi_offset 14, -4
 123:Core/Src/stm32f0xx_hal_msp.c ****   if(hadc->Instance==ADC1)
 209              		.loc 1 123 3 is_stmt 1 view .LVU45
 210              		.loc 1 123 10 is_stmt 0 view .LVU46
 211 0002 0268     		ldr	r2, [r0]
 212              		.loc 1 123 5 view .LVU47
 213 0004 074B     		ldr	r3, .L12
 214 0006 9A42     		cmp	r2, r3
 215 0008 00D0     		beq	.L11
 216              	.LVL7:
 217              	.L9:
 124:Core/Src/stm32f0xx_hal_msp.c ****   {
 125:Core/Src/stm32f0xx_hal_msp.c ****   /* USER CODE BEGIN ADC1_MspDeInit 0 */
 126:Core/Src/stm32f0xx_hal_msp.c **** 
 127:Core/Src/stm32f0xx_hal_msp.c ****   /* USER CODE END ADC1_MspDeInit 0 */
 128:Core/Src/stm32f0xx_hal_msp.c ****     /* Peripheral clock disable */
 129:Core/Src/stm32f0xx_hal_msp.c ****     __HAL_RCC_ADC1_CLK_DISABLE();
 130:Core/Src/stm32f0xx_hal_msp.c **** 
 131:Core/Src/stm32f0xx_hal_msp.c ****     /**ADC GPIO Configuration
 132:Core/Src/stm32f0xx_hal_msp.c ****     PA7     ------> ADC_IN7
 133:Core/Src/stm32f0xx_hal_msp.c ****     */
 134:Core/Src/stm32f0xx_hal_msp.c ****     HAL_GPIO_DeInit(GPIOA, GPIO_PIN_7);
 135:Core/Src/stm32f0xx_hal_msp.c **** 
 136:Core/Src/stm32f0xx_hal_msp.c ****   /* USER CODE BEGIN ADC1_MspDeInit 1 */
 137:Core/Src/stm32f0xx_hal_msp.c **** 
 138:Core/Src/stm32f0xx_hal_msp.c ****   /* USER CODE END ADC1_MspDeInit 1 */
 139:Core/Src/stm32f0xx_hal_msp.c ****   }
 140:Core/Src/stm32f0xx_hal_msp.c **** 
 141:Core/Src/stm32f0xx_hal_msp.c **** }
 218              		.loc 1 141 1 view .LVU48
 219              		@ sp needed
 220 000a 10BD     		pop	{r4, pc}
 221              	.LVL8:
 222              	.L11:
 129:Core/Src/stm32f0xx_hal_msp.c **** 
 223              		.loc 1 129 5 is_stmt 1 view .LVU49
 224 000c 064A     		ldr	r2, .L12+4
 225 000e 9369     		ldr	r3, [r2, #24]
 226 0010 0649     		ldr	r1, .L12+8
 227 0012 0B40     		ands	r3, r1
 228 0014 9361     		str	r3, [r2, #24]
 134:Core/Src/stm32f0xx_hal_msp.c **** 
 229              		.loc 1 134 5 view .LVU50
 230 0016 9020     		movs	r0, #144
 231              	.LVL9:
 134:Core/Src/stm32f0xx_hal_msp.c **** 
 232              		.loc 1 134 5 is_stmt 0 view .LVU51
 233 0018 8021     		movs	r1, #128
 234 001a C005     		lsls	r0, r0, #23
 235 001c FFF7FEFF 		bl	HAL_GPIO_DeInit
 236              	.LVL10:
 237              		.loc 1 141 1 view .LVU52
 238 0020 F3E7     		b	.L9
 239              	.L13:
 240 0022 C046     		.align	2
 241              	.L12:
 242 0024 00240140 		.word	1073816576
ARM GAS  /var/folders/zf/mkqpy7tx7p1_khjt1h6hykn40000gn/T//cc4aEuab.s 			page 8


 243 0028 00100240 		.word	1073876992
 244 002c FFFDFFFF 		.word	-513
 245              		.cfi_endproc
 246              	.LFE345:
 248              		.section	.text.HAL_TIM_Base_MspInit,"ax",%progbits
 249              		.align	1
 250              		.global	HAL_TIM_Base_MspInit
 251              		.syntax unified
 252              		.code	16
 253              		.thumb_func
 255              	HAL_TIM_Base_MspInit:
 256              	.LVL11:
 257              	.LFB346:
 142:Core/Src/stm32f0xx_hal_msp.c **** 
 143:Core/Src/stm32f0xx_hal_msp.c **** /**
 144:Core/Src/stm32f0xx_hal_msp.c **** * @brief TIM_Base MSP Initialization
 145:Core/Src/stm32f0xx_hal_msp.c **** * This function configures the hardware resources used in this example
 146:Core/Src/stm32f0xx_hal_msp.c **** * @param htim_base: TIM_Base handle pointer
 147:Core/Src/stm32f0xx_hal_msp.c **** * @retval None
 148:Core/Src/stm32f0xx_hal_msp.c **** */
 149:Core/Src/stm32f0xx_hal_msp.c **** void HAL_TIM_Base_MspInit(TIM_HandleTypeDef* htim_base)
 150:Core/Src/stm32f0xx_hal_msp.c **** {
 258              		.loc 1 150 1 is_stmt 1 view -0
 259              		.cfi_startproc
 260              		@ args = 0, pretend = 0, frame = 8
 261              		@ frame_needed = 0, uses_anonymous_args = 0
 262              		@ link register save eliminated.
 263              		.loc 1 150 1 is_stmt 0 view .LVU54
 264 0000 82B0     		sub	sp, sp, #8
 265              	.LCFI4:
 266              		.cfi_def_cfa_offset 8
 151:Core/Src/stm32f0xx_hal_msp.c ****   if(htim_base->Instance==TIM3)
 267              		.loc 1 151 3 is_stmt 1 view .LVU55
 268              		.loc 1 151 15 is_stmt 0 view .LVU56
 269 0002 0268     		ldr	r2, [r0]
 270              		.loc 1 151 5 view .LVU57
 271 0004 074B     		ldr	r3, .L17
 272 0006 9A42     		cmp	r2, r3
 273 0008 01D0     		beq	.L16
 274              	.L14:
 152:Core/Src/stm32f0xx_hal_msp.c ****   {
 153:Core/Src/stm32f0xx_hal_msp.c ****   /* USER CODE BEGIN TIM3_MspInit 0 */
 154:Core/Src/stm32f0xx_hal_msp.c **** 
 155:Core/Src/stm32f0xx_hal_msp.c ****   /* USER CODE END TIM3_MspInit 0 */
 156:Core/Src/stm32f0xx_hal_msp.c ****     /* Peripheral clock enable */
 157:Core/Src/stm32f0xx_hal_msp.c ****     __HAL_RCC_TIM3_CLK_ENABLE();
 158:Core/Src/stm32f0xx_hal_msp.c ****   /* USER CODE BEGIN TIM3_MspInit 1 */
 159:Core/Src/stm32f0xx_hal_msp.c **** 
 160:Core/Src/stm32f0xx_hal_msp.c ****   /* USER CODE END TIM3_MspInit 1 */
 161:Core/Src/stm32f0xx_hal_msp.c ****   }
 162:Core/Src/stm32f0xx_hal_msp.c **** 
 163:Core/Src/stm32f0xx_hal_msp.c **** }
 275              		.loc 1 163 1 view .LVU58
 276 000a 02B0     		add	sp, sp, #8
 277              		@ sp needed
 278 000c 7047     		bx	lr
 279              	.L16:
ARM GAS  /var/folders/zf/mkqpy7tx7p1_khjt1h6hykn40000gn/T//cc4aEuab.s 			page 9


 157:Core/Src/stm32f0xx_hal_msp.c ****   /* USER CODE BEGIN TIM3_MspInit 1 */
 280              		.loc 1 157 5 is_stmt 1 view .LVU59
 281              	.LBB6:
 157:Core/Src/stm32f0xx_hal_msp.c ****   /* USER CODE BEGIN TIM3_MspInit 1 */
 282              		.loc 1 157 5 view .LVU60
 157:Core/Src/stm32f0xx_hal_msp.c ****   /* USER CODE BEGIN TIM3_MspInit 1 */
 283              		.loc 1 157 5 view .LVU61
 284 000e 064A     		ldr	r2, .L17+4
 285 0010 D169     		ldr	r1, [r2, #28]
 286 0012 0223     		movs	r3, #2
 287 0014 1943     		orrs	r1, r3
 288 0016 D161     		str	r1, [r2, #28]
 157:Core/Src/stm32f0xx_hal_msp.c ****   /* USER CODE BEGIN TIM3_MspInit 1 */
 289              		.loc 1 157 5 view .LVU62
 290 0018 D269     		ldr	r2, [r2, #28]
 291 001a 1340     		ands	r3, r2
 292 001c 0193     		str	r3, [sp, #4]
 157:Core/Src/stm32f0xx_hal_msp.c ****   /* USER CODE BEGIN TIM3_MspInit 1 */
 293              		.loc 1 157 5 view .LVU63
 294 001e 019B     		ldr	r3, [sp, #4]
 295              	.LBE6:
 157:Core/Src/stm32f0xx_hal_msp.c ****   /* USER CODE BEGIN TIM3_MspInit 1 */
 296              		.loc 1 157 5 view .LVU64
 297              		.loc 1 163 1 is_stmt 0 view .LVU65
 298 0020 F3E7     		b	.L14
 299              	.L18:
 300 0022 C046     		.align	2
 301              	.L17:
 302 0024 00040040 		.word	1073742848
 303 0028 00100240 		.word	1073876992
 304              		.cfi_endproc
 305              	.LFE346:
 307              		.section	.text.HAL_TIM_MspPostInit,"ax",%progbits
 308              		.align	1
 309              		.global	HAL_TIM_MspPostInit
 310              		.syntax unified
 311              		.code	16
 312              		.thumb_func
 314              	HAL_TIM_MspPostInit:
 315              	.LVL12:
 316              	.LFB347:
 164:Core/Src/stm32f0xx_hal_msp.c **** 
 165:Core/Src/stm32f0xx_hal_msp.c **** void HAL_TIM_MspPostInit(TIM_HandleTypeDef* htim)
 166:Core/Src/stm32f0xx_hal_msp.c **** {
 317              		.loc 1 166 1 is_stmt 1 view -0
 318              		.cfi_startproc
 319              		@ args = 0, pretend = 0, frame = 24
 320              		@ frame_needed = 0, uses_anonymous_args = 0
 321              		.loc 1 166 1 is_stmt 0 view .LVU67
 322 0000 10B5     		push	{r4, lr}
 323              	.LCFI5:
 324              		.cfi_def_cfa_offset 8
 325              		.cfi_offset 4, -8
 326              		.cfi_offset 14, -4
 327 0002 86B0     		sub	sp, sp, #24
 328              	.LCFI6:
 329              		.cfi_def_cfa_offset 32
ARM GAS  /var/folders/zf/mkqpy7tx7p1_khjt1h6hykn40000gn/T//cc4aEuab.s 			page 10


 330 0004 0400     		movs	r4, r0
 167:Core/Src/stm32f0xx_hal_msp.c ****   GPIO_InitTypeDef GPIO_InitStruct = {0};
 331              		.loc 1 167 3 is_stmt 1 view .LVU68
 332              		.loc 1 167 20 is_stmt 0 view .LVU69
 333 0006 1422     		movs	r2, #20
 334 0008 0021     		movs	r1, #0
 335 000a 01A8     		add	r0, sp, #4
 336              	.LVL13:
 337              		.loc 1 167 20 view .LVU70
 338 000c FFF7FEFF 		bl	memset
 339              	.LVL14:
 168:Core/Src/stm32f0xx_hal_msp.c ****   if(htim->Instance==TIM3)
 340              		.loc 1 168 3 is_stmt 1 view .LVU71
 341              		.loc 1 168 10 is_stmt 0 view .LVU72
 342 0010 2268     		ldr	r2, [r4]
 343              		.loc 1 168 5 view .LVU73
 344 0012 0C4B     		ldr	r3, .L22
 345 0014 9A42     		cmp	r2, r3
 346 0016 01D0     		beq	.L21
 347              	.L19:
 169:Core/Src/stm32f0xx_hal_msp.c ****   {
 170:Core/Src/stm32f0xx_hal_msp.c ****   /* USER CODE BEGIN TIM3_MspPostInit 0 */
 171:Core/Src/stm32f0xx_hal_msp.c **** 
 172:Core/Src/stm32f0xx_hal_msp.c ****   /* USER CODE END TIM3_MspPostInit 0 */
 173:Core/Src/stm32f0xx_hal_msp.c **** 
 174:Core/Src/stm32f0xx_hal_msp.c ****     __HAL_RCC_GPIOB_CLK_ENABLE();
 175:Core/Src/stm32f0xx_hal_msp.c ****     /**TIM3 GPIO Configuration
 176:Core/Src/stm32f0xx_hal_msp.c ****     PB0     ------> TIM3_CH3
 177:Core/Src/stm32f0xx_hal_msp.c ****     */
 178:Core/Src/stm32f0xx_hal_msp.c ****     GPIO_InitStruct.Pin = GPIO_PIN_0;
 179:Core/Src/stm32f0xx_hal_msp.c ****     GPIO_InitStruct.Mode = GPIO_MODE_AF_PP;
 180:Core/Src/stm32f0xx_hal_msp.c ****     GPIO_InitStruct.Pull = GPIO_NOPULL;
 181:Core/Src/stm32f0xx_hal_msp.c ****     GPIO_InitStruct.Speed = GPIO_SPEED_FREQ_LOW;
 182:Core/Src/stm32f0xx_hal_msp.c ****     GPIO_InitStruct.Alternate = GPIO_AF1_TIM3;
 183:Core/Src/stm32f0xx_hal_msp.c ****     HAL_GPIO_Init(GPIOB, &GPIO_InitStruct);
 184:Core/Src/stm32f0xx_hal_msp.c **** 
 185:Core/Src/stm32f0xx_hal_msp.c ****   /* USER CODE BEGIN TIM3_MspPostInit 1 */
 186:Core/Src/stm32f0xx_hal_msp.c **** 
 187:Core/Src/stm32f0xx_hal_msp.c ****   /* USER CODE END TIM3_MspPostInit 1 */
 188:Core/Src/stm32f0xx_hal_msp.c ****   }
 189:Core/Src/stm32f0xx_hal_msp.c **** 
 190:Core/Src/stm32f0xx_hal_msp.c **** }
 348              		.loc 1 190 1 view .LVU74
 349 0018 06B0     		add	sp, sp, #24
 350              		@ sp needed
 351              	.LVL15:
 352              		.loc 1 190 1 view .LVU75
 353 001a 10BD     		pop	{r4, pc}
 354              	.LVL16:
 355              	.L21:
 174:Core/Src/stm32f0xx_hal_msp.c ****     /**TIM3 GPIO Configuration
 356              		.loc 1 174 5 is_stmt 1 view .LVU76
 357              	.LBB7:
 174:Core/Src/stm32f0xx_hal_msp.c ****     /**TIM3 GPIO Configuration
 358              		.loc 1 174 5 view .LVU77
 174:Core/Src/stm32f0xx_hal_msp.c ****     /**TIM3 GPIO Configuration
 359              		.loc 1 174 5 view .LVU78
ARM GAS  /var/folders/zf/mkqpy7tx7p1_khjt1h6hykn40000gn/T//cc4aEuab.s 			page 11


 360 001c 0A4B     		ldr	r3, .L22+4
 361 001e 5A69     		ldr	r2, [r3, #20]
 362 0020 8021     		movs	r1, #128
 363 0022 C902     		lsls	r1, r1, #11
 364 0024 0A43     		orrs	r2, r1
 365 0026 5A61     		str	r2, [r3, #20]
 174:Core/Src/stm32f0xx_hal_msp.c ****     /**TIM3 GPIO Configuration
 366              		.loc 1 174 5 view .LVU79
 367 0028 5B69     		ldr	r3, [r3, #20]
 368 002a 0B40     		ands	r3, r1
 369 002c 0093     		str	r3, [sp]
 174:Core/Src/stm32f0xx_hal_msp.c ****     /**TIM3 GPIO Configuration
 370              		.loc 1 174 5 view .LVU80
 371 002e 009B     		ldr	r3, [sp]
 372              	.LBE7:
 174:Core/Src/stm32f0xx_hal_msp.c ****     /**TIM3 GPIO Configuration
 373              		.loc 1 174 5 view .LVU81
 178:Core/Src/stm32f0xx_hal_msp.c ****     GPIO_InitStruct.Mode = GPIO_MODE_AF_PP;
 374              		.loc 1 178 5 view .LVU82
 178:Core/Src/stm32f0xx_hal_msp.c ****     GPIO_InitStruct.Mode = GPIO_MODE_AF_PP;
 375              		.loc 1 178 25 is_stmt 0 view .LVU83
 376 0030 0123     		movs	r3, #1
 377 0032 0193     		str	r3, [sp, #4]
 179:Core/Src/stm32f0xx_hal_msp.c ****     GPIO_InitStruct.Pull = GPIO_NOPULL;
 378              		.loc 1 179 5 is_stmt 1 view .LVU84
 179:Core/Src/stm32f0xx_hal_msp.c ****     GPIO_InitStruct.Pull = GPIO_NOPULL;
 379              		.loc 1 179 26 is_stmt 0 view .LVU85
 380 0034 0222     		movs	r2, #2
 381 0036 0292     		str	r2, [sp, #8]
 180:Core/Src/stm32f0xx_hal_msp.c ****     GPIO_InitStruct.Speed = GPIO_SPEED_FREQ_LOW;
 382              		.loc 1 180 5 is_stmt 1 view .LVU86
 181:Core/Src/stm32f0xx_hal_msp.c ****     GPIO_InitStruct.Alternate = GPIO_AF1_TIM3;
 383              		.loc 1 181 5 view .LVU87
 182:Core/Src/stm32f0xx_hal_msp.c ****     HAL_GPIO_Init(GPIOB, &GPIO_InitStruct);
 384              		.loc 1 182 5 view .LVU88
 182:Core/Src/stm32f0xx_hal_msp.c ****     HAL_GPIO_Init(GPIOB, &GPIO_InitStruct);
 385              		.loc 1 182 31 is_stmt 0 view .LVU89
 386 0038 0593     		str	r3, [sp, #20]
 183:Core/Src/stm32f0xx_hal_msp.c **** 
 387              		.loc 1 183 5 is_stmt 1 view .LVU90
 388 003a 01A9     		add	r1, sp, #4
 389 003c 0348     		ldr	r0, .L22+8
 390 003e FFF7FEFF 		bl	HAL_GPIO_Init
 391              	.LVL17:
 392              		.loc 1 190 1 is_stmt 0 view .LVU91
 393 0042 E9E7     		b	.L19
 394              	.L23:
 395              		.align	2
 396              	.L22:
 397 0044 00040040 		.word	1073742848
 398 0048 00100240 		.word	1073876992
 399 004c 00040048 		.word	1207960576
 400              		.cfi_endproc
 401              	.LFE347:
 403              		.section	.text.HAL_TIM_Base_MspDeInit,"ax",%progbits
 404              		.align	1
 405              		.global	HAL_TIM_Base_MspDeInit
ARM GAS  /var/folders/zf/mkqpy7tx7p1_khjt1h6hykn40000gn/T//cc4aEuab.s 			page 12


 406              		.syntax unified
 407              		.code	16
 408              		.thumb_func
 410              	HAL_TIM_Base_MspDeInit:
 411              	.LVL18:
 412              	.LFB348:
 191:Core/Src/stm32f0xx_hal_msp.c **** /**
 192:Core/Src/stm32f0xx_hal_msp.c **** * @brief TIM_Base MSP De-Initialization
 193:Core/Src/stm32f0xx_hal_msp.c **** * This function freeze the hardware resources used in this example
 194:Core/Src/stm32f0xx_hal_msp.c **** * @param htim_base: TIM_Base handle pointer
 195:Core/Src/stm32f0xx_hal_msp.c **** * @retval None
 196:Core/Src/stm32f0xx_hal_msp.c **** */
 197:Core/Src/stm32f0xx_hal_msp.c **** void HAL_TIM_Base_MspDeInit(TIM_HandleTypeDef* htim_base)
 198:Core/Src/stm32f0xx_hal_msp.c **** {
 413              		.loc 1 198 1 is_stmt 1 view -0
 414              		.cfi_startproc
 415              		@ args = 0, pretend = 0, frame = 0
 416              		@ frame_needed = 0, uses_anonymous_args = 0
 417              		@ link register save eliminated.
 199:Core/Src/stm32f0xx_hal_msp.c ****   if(htim_base->Instance==TIM3)
 418              		.loc 1 199 3 view .LVU93
 419              		.loc 1 199 15 is_stmt 0 view .LVU94
 420 0000 0268     		ldr	r2, [r0]
 421              		.loc 1 199 5 view .LVU95
 422 0002 054B     		ldr	r3, .L27
 423 0004 9A42     		cmp	r2, r3
 424 0006 00D0     		beq	.L26
 425              	.L24:
 200:Core/Src/stm32f0xx_hal_msp.c ****   {
 201:Core/Src/stm32f0xx_hal_msp.c ****   /* USER CODE BEGIN TIM3_MspDeInit 0 */
 202:Core/Src/stm32f0xx_hal_msp.c **** 
 203:Core/Src/stm32f0xx_hal_msp.c ****   /* USER CODE END TIM3_MspDeInit 0 */
 204:Core/Src/stm32f0xx_hal_msp.c ****     /* Peripheral clock disable */
 205:Core/Src/stm32f0xx_hal_msp.c ****     __HAL_RCC_TIM3_CLK_DISABLE();
 206:Core/Src/stm32f0xx_hal_msp.c ****   /* USER CODE BEGIN TIM3_MspDeInit 1 */
 207:Core/Src/stm32f0xx_hal_msp.c **** 
 208:Core/Src/stm32f0xx_hal_msp.c ****   /* USER CODE END TIM3_MspDeInit 1 */
 209:Core/Src/stm32f0xx_hal_msp.c ****   }
 210:Core/Src/stm32f0xx_hal_msp.c **** 
 211:Core/Src/stm32f0xx_hal_msp.c **** }
 426              		.loc 1 211 1 view .LVU96
 427              		@ sp needed
 428 0008 7047     		bx	lr
 429              	.L26:
 205:Core/Src/stm32f0xx_hal_msp.c ****   /* USER CODE BEGIN TIM3_MspDeInit 1 */
 430              		.loc 1 205 5 is_stmt 1 view .LVU97
 431 000a 044A     		ldr	r2, .L27+4
 432 000c D369     		ldr	r3, [r2, #28]
 433 000e 0221     		movs	r1, #2
 434 0010 8B43     		bics	r3, r1
 435 0012 D361     		str	r3, [r2, #28]
 436              		.loc 1 211 1 is_stmt 0 view .LVU98
 437 0014 F8E7     		b	.L24
 438              	.L28:
 439 0016 C046     		.align	2
 440              	.L27:
 441 0018 00040040 		.word	1073742848
ARM GAS  /var/folders/zf/mkqpy7tx7p1_khjt1h6hykn40000gn/T//cc4aEuab.s 			page 13


 442 001c 00100240 		.word	1073876992
 443              		.cfi_endproc
 444              	.LFE348:
 446              		.text
 447              	.Letext0:
 448              		.file 2 "/Applications/STM32CubeIDE.app/Contents/Eclipse/plugins/com.st.stm32cube.ide.mcu.external
 449              		.file 3 "/Applications/STM32CubeIDE.app/Contents/Eclipse/plugins/com.st.stm32cube.ide.mcu.external
 450              		.file 4 "Drivers/CMSIS/Device/ST/STM32F0xx/Include/stm32f051x8.h"
 451              		.file 5 "Drivers/CMSIS/Device/ST/STM32F0xx/Include/stm32f0xx.h"
 452              		.file 6 "Drivers/STM32F0xx_HAL_Driver/Inc/stm32f0xx_hal_def.h"
 453              		.file 7 "Drivers/STM32F0xx_HAL_Driver/Inc/stm32f0xx_hal_gpio.h"
 454              		.file 8 "Drivers/STM32F0xx_HAL_Driver/Inc/stm32f0xx_hal_dma.h"
 455              		.file 9 "Drivers/STM32F0xx_HAL_Driver/Inc/stm32f0xx_hal_adc.h"
 456              		.file 10 "Drivers/STM32F0xx_HAL_Driver/Inc/stm32f0xx_hal_tim.h"
 457              		.file 11 "Drivers/STM32F0xx_HAL_Driver/Inc/stm32f0xx_ll_dma.h"
 458              		.file 12 "<built-in>"
ARM GAS  /var/folders/zf/mkqpy7tx7p1_khjt1h6hykn40000gn/T//cc4aEuab.s 			page 14


DEFINED SYMBOLS
                            *ABS*:0000000000000000 stm32f0xx_hal_msp.c
/var/folders/zf/mkqpy7tx7p1_khjt1h6hykn40000gn/T//cc4aEuab.s:18     .text.HAL_MspInit:0000000000000000 $t
/var/folders/zf/mkqpy7tx7p1_khjt1h6hykn40000gn/T//cc4aEuab.s:24     .text.HAL_MspInit:0000000000000000 HAL_MspInit
/var/folders/zf/mkqpy7tx7p1_khjt1h6hykn40000gn/T//cc4aEuab.s:76     .text.HAL_MspInit:000000000000002c $d
/var/folders/zf/mkqpy7tx7p1_khjt1h6hykn40000gn/T//cc4aEuab.s:81     .text.HAL_ADC_MspInit:0000000000000000 $t
/var/folders/zf/mkqpy7tx7p1_khjt1h6hykn40000gn/T//cc4aEuab.s:87     .text.HAL_ADC_MspInit:0000000000000000 HAL_ADC_MspInit
/var/folders/zf/mkqpy7tx7p1_khjt1h6hykn40000gn/T//cc4aEuab.s:184    .text.HAL_ADC_MspInit:0000000000000058 $d
/var/folders/zf/mkqpy7tx7p1_khjt1h6hykn40000gn/T//cc4aEuab.s:190    .text.HAL_ADC_MspDeInit:0000000000000000 $t
/var/folders/zf/mkqpy7tx7p1_khjt1h6hykn40000gn/T//cc4aEuab.s:196    .text.HAL_ADC_MspDeInit:0000000000000000 HAL_ADC_MspDeInit
/var/folders/zf/mkqpy7tx7p1_khjt1h6hykn40000gn/T//cc4aEuab.s:242    .text.HAL_ADC_MspDeInit:0000000000000024 $d
/var/folders/zf/mkqpy7tx7p1_khjt1h6hykn40000gn/T//cc4aEuab.s:249    .text.HAL_TIM_Base_MspInit:0000000000000000 $t
/var/folders/zf/mkqpy7tx7p1_khjt1h6hykn40000gn/T//cc4aEuab.s:255    .text.HAL_TIM_Base_MspInit:0000000000000000 HAL_TIM_Base_MspInit
/var/folders/zf/mkqpy7tx7p1_khjt1h6hykn40000gn/T//cc4aEuab.s:302    .text.HAL_TIM_Base_MspInit:0000000000000024 $d
/var/folders/zf/mkqpy7tx7p1_khjt1h6hykn40000gn/T//cc4aEuab.s:308    .text.HAL_TIM_MspPostInit:0000000000000000 $t
/var/folders/zf/mkqpy7tx7p1_khjt1h6hykn40000gn/T//cc4aEuab.s:314    .text.HAL_TIM_MspPostInit:0000000000000000 HAL_TIM_MspPostInit
/var/folders/zf/mkqpy7tx7p1_khjt1h6hykn40000gn/T//cc4aEuab.s:397    .text.HAL_TIM_MspPostInit:0000000000000044 $d
/var/folders/zf/mkqpy7tx7p1_khjt1h6hykn40000gn/T//cc4aEuab.s:404    .text.HAL_TIM_Base_MspDeInit:0000000000000000 $t
/var/folders/zf/mkqpy7tx7p1_khjt1h6hykn40000gn/T//cc4aEuab.s:410    .text.HAL_TIM_Base_MspDeInit:0000000000000000 HAL_TIM_Base_MspDeInit
/var/folders/zf/mkqpy7tx7p1_khjt1h6hykn40000gn/T//cc4aEuab.s:441    .text.HAL_TIM_Base_MspDeInit:0000000000000018 $d

UNDEFINED SYMBOLS
memset
HAL_GPIO_Init
HAL_GPIO_DeInit
