ARM GAS  /var/folders/zf/mkqpy7tx7p1_khjt1h6hykn40000gn/T//ccRxpYnf.s 			page 1


   1              		.cpu cortex-m0
   2              		.arch armv6s-m
   3              		.fpu softvfp
   4              		.eabi_attribute 20, 1
   5              		.eabi_attribute 21, 1
   6              		.eabi_attribute 23, 3
   7              		.eabi_attribute 24, 1
   8              		.eabi_attribute 25, 1
   9              		.eabi_attribute 26, 1
  10              		.eabi_attribute 30, 1
  11              		.eabi_attribute 34, 0
  12              		.eabi_attribute 18, 4
  13              		.file	"stm32f0xx_hal.c"
  14              		.text
  15              	.Ltext0:
  16              		.cfi_sections	.debug_frame
  17              		.section	.text.HAL_MspInit,"ax",%progbits
  18              		.align	1
  19              		.weak	HAL_MspInit
  20              		.syntax unified
  21              		.code	16
  22              		.thumb_func
  24              	HAL_MspInit:
  25              	.LFB42:
  26              		.file 1 "Drivers/STM32F0xx_HAL_Driver/Src/stm32f0xx_hal.c"
   1:Drivers/STM32F0xx_HAL_Driver/Src/stm32f0xx_hal.c **** /**
   2:Drivers/STM32F0xx_HAL_Driver/Src/stm32f0xx_hal.c ****   ******************************************************************************
   3:Drivers/STM32F0xx_HAL_Driver/Src/stm32f0xx_hal.c ****   * @file    stm32f0xx_hal.c
   4:Drivers/STM32F0xx_HAL_Driver/Src/stm32f0xx_hal.c ****   * @author  MCD Application Team
   5:Drivers/STM32F0xx_HAL_Driver/Src/stm32f0xx_hal.c ****   * @brief   HAL module driver.
   6:Drivers/STM32F0xx_HAL_Driver/Src/stm32f0xx_hal.c ****   *          This is the common part of the HAL initialization
   7:Drivers/STM32F0xx_HAL_Driver/Src/stm32f0xx_hal.c ****   *
   8:Drivers/STM32F0xx_HAL_Driver/Src/stm32f0xx_hal.c ****   ******************************************************************************
   9:Drivers/STM32F0xx_HAL_Driver/Src/stm32f0xx_hal.c ****   * @attention
  10:Drivers/STM32F0xx_HAL_Driver/Src/stm32f0xx_hal.c ****   *
  11:Drivers/STM32F0xx_HAL_Driver/Src/stm32f0xx_hal.c ****   * Copyright (c) 2016 STMicroelectronics.
  12:Drivers/STM32F0xx_HAL_Driver/Src/stm32f0xx_hal.c ****   * All rights reserved.
  13:Drivers/STM32F0xx_HAL_Driver/Src/stm32f0xx_hal.c ****   *
  14:Drivers/STM32F0xx_HAL_Driver/Src/stm32f0xx_hal.c ****   * This software is licensed under terms that can be found in the LICENSE file
  15:Drivers/STM32F0xx_HAL_Driver/Src/stm32f0xx_hal.c ****   * in the root directory of this software component.
  16:Drivers/STM32F0xx_HAL_Driver/Src/stm32f0xx_hal.c ****   * If no LICENSE file comes with this software, it is provided AS-IS.
  17:Drivers/STM32F0xx_HAL_Driver/Src/stm32f0xx_hal.c ****   *
  18:Drivers/STM32F0xx_HAL_Driver/Src/stm32f0xx_hal.c ****   ******************************************************************************
  19:Drivers/STM32F0xx_HAL_Driver/Src/stm32f0xx_hal.c ****   @verbatim
  20:Drivers/STM32F0xx_HAL_Driver/Src/stm32f0xx_hal.c ****   ==============================================================================
  21:Drivers/STM32F0xx_HAL_Driver/Src/stm32f0xx_hal.c ****                      ##### How to use this driver #####
  22:Drivers/STM32F0xx_HAL_Driver/Src/stm32f0xx_hal.c ****   ==============================================================================
  23:Drivers/STM32F0xx_HAL_Driver/Src/stm32f0xx_hal.c ****     [..]
  24:Drivers/STM32F0xx_HAL_Driver/Src/stm32f0xx_hal.c ****     The common HAL driver contains a set of generic and common APIs that can be
  25:Drivers/STM32F0xx_HAL_Driver/Src/stm32f0xx_hal.c ****     used by the PPP peripheral drivers and the user to start using the HAL. 
  26:Drivers/STM32F0xx_HAL_Driver/Src/stm32f0xx_hal.c ****     [..]
  27:Drivers/STM32F0xx_HAL_Driver/Src/stm32f0xx_hal.c ****     The HAL contains two APIs categories:
  28:Drivers/STM32F0xx_HAL_Driver/Src/stm32f0xx_hal.c ****          (+) HAL Initialization and de-initialization functions
  29:Drivers/STM32F0xx_HAL_Driver/Src/stm32f0xx_hal.c ****          (+) HAL Control functions
  30:Drivers/STM32F0xx_HAL_Driver/Src/stm32f0xx_hal.c **** 
  31:Drivers/STM32F0xx_HAL_Driver/Src/stm32f0xx_hal.c ****   @endverbatim
  32:Drivers/STM32F0xx_HAL_Driver/Src/stm32f0xx_hal.c ****   ******************************************************************************
ARM GAS  /var/folders/zf/mkqpy7tx7p1_khjt1h6hykn40000gn/T//ccRxpYnf.s 			page 2


  33:Drivers/STM32F0xx_HAL_Driver/Src/stm32f0xx_hal.c ****   */
  34:Drivers/STM32F0xx_HAL_Driver/Src/stm32f0xx_hal.c **** 
  35:Drivers/STM32F0xx_HAL_Driver/Src/stm32f0xx_hal.c **** /* Includes ------------------------------------------------------------------*/
  36:Drivers/STM32F0xx_HAL_Driver/Src/stm32f0xx_hal.c **** #include "stm32f0xx_hal.h"
  37:Drivers/STM32F0xx_HAL_Driver/Src/stm32f0xx_hal.c **** 
  38:Drivers/STM32F0xx_HAL_Driver/Src/stm32f0xx_hal.c **** /** @addtogroup STM32F0xx_HAL_Driver
  39:Drivers/STM32F0xx_HAL_Driver/Src/stm32f0xx_hal.c ****   * @{
  40:Drivers/STM32F0xx_HAL_Driver/Src/stm32f0xx_hal.c ****   */
  41:Drivers/STM32F0xx_HAL_Driver/Src/stm32f0xx_hal.c **** 
  42:Drivers/STM32F0xx_HAL_Driver/Src/stm32f0xx_hal.c **** /** @defgroup HAL HAL
  43:Drivers/STM32F0xx_HAL_Driver/Src/stm32f0xx_hal.c ****   * @brief HAL module driver.
  44:Drivers/STM32F0xx_HAL_Driver/Src/stm32f0xx_hal.c ****   * @{
  45:Drivers/STM32F0xx_HAL_Driver/Src/stm32f0xx_hal.c ****   */
  46:Drivers/STM32F0xx_HAL_Driver/Src/stm32f0xx_hal.c **** 
  47:Drivers/STM32F0xx_HAL_Driver/Src/stm32f0xx_hal.c **** #ifdef HAL_MODULE_ENABLED
  48:Drivers/STM32F0xx_HAL_Driver/Src/stm32f0xx_hal.c **** 
  49:Drivers/STM32F0xx_HAL_Driver/Src/stm32f0xx_hal.c **** /* Private typedef -----------------------------------------------------------*/
  50:Drivers/STM32F0xx_HAL_Driver/Src/stm32f0xx_hal.c **** /* Private define ------------------------------------------------------------*/
  51:Drivers/STM32F0xx_HAL_Driver/Src/stm32f0xx_hal.c **** /** @defgroup HAL_Private_Constants HAL Private Constants
  52:Drivers/STM32F0xx_HAL_Driver/Src/stm32f0xx_hal.c ****   * @{
  53:Drivers/STM32F0xx_HAL_Driver/Src/stm32f0xx_hal.c ****   */
  54:Drivers/STM32F0xx_HAL_Driver/Src/stm32f0xx_hal.c **** /** 
  55:Drivers/STM32F0xx_HAL_Driver/Src/stm32f0xx_hal.c ****   * @brief STM32F0xx HAL Driver version number
  56:Drivers/STM32F0xx_HAL_Driver/Src/stm32f0xx_hal.c ****   */
  57:Drivers/STM32F0xx_HAL_Driver/Src/stm32f0xx_hal.c **** #define __STM32F0xx_HAL_VERSION_MAIN   (0x01U) /*!< [31:24] main version */
  58:Drivers/STM32F0xx_HAL_Driver/Src/stm32f0xx_hal.c **** #define __STM32F0xx_HAL_VERSION_SUB1   (0x07U) /*!< [23:16] sub1 version */
  59:Drivers/STM32F0xx_HAL_Driver/Src/stm32f0xx_hal.c **** #define __STM32F0xx_HAL_VERSION_SUB2   (0x07U) /*!< [15:8]  sub2 version */
  60:Drivers/STM32F0xx_HAL_Driver/Src/stm32f0xx_hal.c **** #define __STM32F0xx_HAL_VERSION_RC     (0x00U) /*!< [7:0]  release candidate */ 
  61:Drivers/STM32F0xx_HAL_Driver/Src/stm32f0xx_hal.c **** #define __STM32F0xx_HAL_VERSION         ((__STM32F0xx_HAL_VERSION_MAIN << 24U)\
  62:Drivers/STM32F0xx_HAL_Driver/Src/stm32f0xx_hal.c ****                                         |(__STM32F0xx_HAL_VERSION_SUB1 << 16U)\
  63:Drivers/STM32F0xx_HAL_Driver/Src/stm32f0xx_hal.c ****                                         |(__STM32F0xx_HAL_VERSION_SUB2 << 8U )\
  64:Drivers/STM32F0xx_HAL_Driver/Src/stm32f0xx_hal.c ****                                         |(__STM32F0xx_HAL_VERSION_RC))
  65:Drivers/STM32F0xx_HAL_Driver/Src/stm32f0xx_hal.c **** 
  66:Drivers/STM32F0xx_HAL_Driver/Src/stm32f0xx_hal.c **** #define IDCODE_DEVID_MASK    (0x00000FFFU)
  67:Drivers/STM32F0xx_HAL_Driver/Src/stm32f0xx_hal.c **** /**
  68:Drivers/STM32F0xx_HAL_Driver/Src/stm32f0xx_hal.c ****   * @}
  69:Drivers/STM32F0xx_HAL_Driver/Src/stm32f0xx_hal.c ****   */
  70:Drivers/STM32F0xx_HAL_Driver/Src/stm32f0xx_hal.c **** 
  71:Drivers/STM32F0xx_HAL_Driver/Src/stm32f0xx_hal.c **** /* Private macro -------------------------------------------------------------*/
  72:Drivers/STM32F0xx_HAL_Driver/Src/stm32f0xx_hal.c **** /** @defgroup HAL_Private_Macros HAL Private Macros
  73:Drivers/STM32F0xx_HAL_Driver/Src/stm32f0xx_hal.c ****   * @{
  74:Drivers/STM32F0xx_HAL_Driver/Src/stm32f0xx_hal.c ****   */
  75:Drivers/STM32F0xx_HAL_Driver/Src/stm32f0xx_hal.c **** /**
  76:Drivers/STM32F0xx_HAL_Driver/Src/stm32f0xx_hal.c ****   * @}
  77:Drivers/STM32F0xx_HAL_Driver/Src/stm32f0xx_hal.c ****   */
  78:Drivers/STM32F0xx_HAL_Driver/Src/stm32f0xx_hal.c **** 
  79:Drivers/STM32F0xx_HAL_Driver/Src/stm32f0xx_hal.c **** /* Exported variables ---------------------------------------------------------*/
  80:Drivers/STM32F0xx_HAL_Driver/Src/stm32f0xx_hal.c **** /** @defgroup HAL_Private_Variables HAL Exported Variables
  81:Drivers/STM32F0xx_HAL_Driver/Src/stm32f0xx_hal.c ****   * @{
  82:Drivers/STM32F0xx_HAL_Driver/Src/stm32f0xx_hal.c ****   */
  83:Drivers/STM32F0xx_HAL_Driver/Src/stm32f0xx_hal.c **** __IO uint32_t uwTick;
  84:Drivers/STM32F0xx_HAL_Driver/Src/stm32f0xx_hal.c **** uint32_t uwTickPrio   = (1UL << __NVIC_PRIO_BITS); /* Invalid PRIO */
  85:Drivers/STM32F0xx_HAL_Driver/Src/stm32f0xx_hal.c **** HAL_TickFreqTypeDef uwTickFreq = HAL_TICK_FREQ_DEFAULT;  /* 1KHz */
  86:Drivers/STM32F0xx_HAL_Driver/Src/stm32f0xx_hal.c **** /**
  87:Drivers/STM32F0xx_HAL_Driver/Src/stm32f0xx_hal.c ****   * @}
  88:Drivers/STM32F0xx_HAL_Driver/Src/stm32f0xx_hal.c ****   */
  89:Drivers/STM32F0xx_HAL_Driver/Src/stm32f0xx_hal.c **** /* Private function prototypes -----------------------------------------------*/
ARM GAS  /var/folders/zf/mkqpy7tx7p1_khjt1h6hykn40000gn/T//ccRxpYnf.s 			page 3


  90:Drivers/STM32F0xx_HAL_Driver/Src/stm32f0xx_hal.c **** /* Exported functions ---------------------------------------------------------*/
  91:Drivers/STM32F0xx_HAL_Driver/Src/stm32f0xx_hal.c **** 
  92:Drivers/STM32F0xx_HAL_Driver/Src/stm32f0xx_hal.c **** /** @defgroup HAL_Exported_Functions HAL Exported Functions
  93:Drivers/STM32F0xx_HAL_Driver/Src/stm32f0xx_hal.c ****   * @{
  94:Drivers/STM32F0xx_HAL_Driver/Src/stm32f0xx_hal.c ****   */
  95:Drivers/STM32F0xx_HAL_Driver/Src/stm32f0xx_hal.c **** 
  96:Drivers/STM32F0xx_HAL_Driver/Src/stm32f0xx_hal.c **** /** @defgroup HAL_Exported_Functions_Group1 Initialization and de-initialization Functions 
  97:Drivers/STM32F0xx_HAL_Driver/Src/stm32f0xx_hal.c ****   * @brief    Initialization and de-initialization functions
  98:Drivers/STM32F0xx_HAL_Driver/Src/stm32f0xx_hal.c ****   *
  99:Drivers/STM32F0xx_HAL_Driver/Src/stm32f0xx_hal.c **** @verbatim
 100:Drivers/STM32F0xx_HAL_Driver/Src/stm32f0xx_hal.c ****  ===============================================================================
 101:Drivers/STM32F0xx_HAL_Driver/Src/stm32f0xx_hal.c ****               ##### Initialization and de-initialization functions #####
 102:Drivers/STM32F0xx_HAL_Driver/Src/stm32f0xx_hal.c ****  ===============================================================================
 103:Drivers/STM32F0xx_HAL_Driver/Src/stm32f0xx_hal.c ****    [..]  This section provides functions allowing to:
 104:Drivers/STM32F0xx_HAL_Driver/Src/stm32f0xx_hal.c ****       (+) Initializes the Flash interface, the NVIC allocation and initial clock 
 105:Drivers/STM32F0xx_HAL_Driver/Src/stm32f0xx_hal.c ****           configuration. It initializes the systick also when timeout is needed
 106:Drivers/STM32F0xx_HAL_Driver/Src/stm32f0xx_hal.c ****           and the backup domain when enabled.
 107:Drivers/STM32F0xx_HAL_Driver/Src/stm32f0xx_hal.c ****       (+) de-Initializes common part of the HAL.
 108:Drivers/STM32F0xx_HAL_Driver/Src/stm32f0xx_hal.c ****       (+) Configure The time base source to have 1ms time base with a dedicated
 109:Drivers/STM32F0xx_HAL_Driver/Src/stm32f0xx_hal.c ****           Tick interrupt priority.
 110:Drivers/STM32F0xx_HAL_Driver/Src/stm32f0xx_hal.c ****         (++) SysTick timer is used by default as source of time base, but user
 111:Drivers/STM32F0xx_HAL_Driver/Src/stm32f0xx_hal.c ****              can eventually implement his proper time base source (a general purpose 
 112:Drivers/STM32F0xx_HAL_Driver/Src/stm32f0xx_hal.c ****              timer for example or other time source), keeping in mind that Time base 
 113:Drivers/STM32F0xx_HAL_Driver/Src/stm32f0xx_hal.c ****              duration should be kept 1ms since PPP_TIMEOUT_VALUEs are defined and 
 114:Drivers/STM32F0xx_HAL_Driver/Src/stm32f0xx_hal.c ****              handled in milliseconds basis.
 115:Drivers/STM32F0xx_HAL_Driver/Src/stm32f0xx_hal.c ****         (++) Time base configuration function (HAL_InitTick ()) is called automatically 
 116:Drivers/STM32F0xx_HAL_Driver/Src/stm32f0xx_hal.c ****              at the beginning of the program after reset by HAL_Init() or at any time 
 117:Drivers/STM32F0xx_HAL_Driver/Src/stm32f0xx_hal.c ****              when clock is configured, by HAL_RCC_ClockConfig(). 
 118:Drivers/STM32F0xx_HAL_Driver/Src/stm32f0xx_hal.c ****         (++) Source of time base is configured  to generate interrupts at regular 
 119:Drivers/STM32F0xx_HAL_Driver/Src/stm32f0xx_hal.c ****              time intervals. Care must be taken if HAL_Delay() is called from a 
 120:Drivers/STM32F0xx_HAL_Driver/Src/stm32f0xx_hal.c ****              peripheral ISR process, the Tick interrupt line must have higher priority 
 121:Drivers/STM32F0xx_HAL_Driver/Src/stm32f0xx_hal.c ****             (numerically lower) than the peripheral interrupt. Otherwise the caller 
 122:Drivers/STM32F0xx_HAL_Driver/Src/stm32f0xx_hal.c ****             ISR process will be blocked. 
 123:Drivers/STM32F0xx_HAL_Driver/Src/stm32f0xx_hal.c ****        (++) functions affecting time base configurations are declared as __Weak  
 124:Drivers/STM32F0xx_HAL_Driver/Src/stm32f0xx_hal.c ****              to make  override possible  in case of other  implementations in user file.
 125:Drivers/STM32F0xx_HAL_Driver/Src/stm32f0xx_hal.c ****  
 126:Drivers/STM32F0xx_HAL_Driver/Src/stm32f0xx_hal.c **** @endverbatim
 127:Drivers/STM32F0xx_HAL_Driver/Src/stm32f0xx_hal.c ****   * @{
 128:Drivers/STM32F0xx_HAL_Driver/Src/stm32f0xx_hal.c ****   */
 129:Drivers/STM32F0xx_HAL_Driver/Src/stm32f0xx_hal.c **** 
 130:Drivers/STM32F0xx_HAL_Driver/Src/stm32f0xx_hal.c **** /**
 131:Drivers/STM32F0xx_HAL_Driver/Src/stm32f0xx_hal.c ****   * @brief  This function configures the Flash prefetch,
 132:Drivers/STM32F0xx_HAL_Driver/Src/stm32f0xx_hal.c ****   *        Configures time base source, NVIC and Low level hardware
 133:Drivers/STM32F0xx_HAL_Driver/Src/stm32f0xx_hal.c ****   * @note This function is called at the beginning of program after reset and before 
 134:Drivers/STM32F0xx_HAL_Driver/Src/stm32f0xx_hal.c ****   *       the clock configuration
 135:Drivers/STM32F0xx_HAL_Driver/Src/stm32f0xx_hal.c ****   * @note The time base configuration is based on HSI clock when exiting from Reset.
 136:Drivers/STM32F0xx_HAL_Driver/Src/stm32f0xx_hal.c ****   *       Once done, time base tick start incrementing.
 137:Drivers/STM32F0xx_HAL_Driver/Src/stm32f0xx_hal.c ****   *       In the default implementation,Systick is used as source of time base.
 138:Drivers/STM32F0xx_HAL_Driver/Src/stm32f0xx_hal.c ****   *       The tick variable is incremented each 1ms in its ISR.
 139:Drivers/STM32F0xx_HAL_Driver/Src/stm32f0xx_hal.c ****   * @retval HAL status
 140:Drivers/STM32F0xx_HAL_Driver/Src/stm32f0xx_hal.c ****   */
 141:Drivers/STM32F0xx_HAL_Driver/Src/stm32f0xx_hal.c **** HAL_StatusTypeDef HAL_Init(void)
 142:Drivers/STM32F0xx_HAL_Driver/Src/stm32f0xx_hal.c **** {
 143:Drivers/STM32F0xx_HAL_Driver/Src/stm32f0xx_hal.c ****   /* Configure Flash prefetch */ 
 144:Drivers/STM32F0xx_HAL_Driver/Src/stm32f0xx_hal.c **** #if (PREFETCH_ENABLE != 0)
 145:Drivers/STM32F0xx_HAL_Driver/Src/stm32f0xx_hal.c ****   __HAL_FLASH_PREFETCH_BUFFER_ENABLE();
 146:Drivers/STM32F0xx_HAL_Driver/Src/stm32f0xx_hal.c **** #endif /* PREFETCH_ENABLE */
ARM GAS  /var/folders/zf/mkqpy7tx7p1_khjt1h6hykn40000gn/T//ccRxpYnf.s 			page 4


 147:Drivers/STM32F0xx_HAL_Driver/Src/stm32f0xx_hal.c **** 
 148:Drivers/STM32F0xx_HAL_Driver/Src/stm32f0xx_hal.c ****   /* Use systick as time base source and configure 1ms tick (default clock after Reset is HSI) */
 149:Drivers/STM32F0xx_HAL_Driver/Src/stm32f0xx_hal.c **** 
 150:Drivers/STM32F0xx_HAL_Driver/Src/stm32f0xx_hal.c ****   HAL_InitTick(TICK_INT_PRIORITY);
 151:Drivers/STM32F0xx_HAL_Driver/Src/stm32f0xx_hal.c **** 
 152:Drivers/STM32F0xx_HAL_Driver/Src/stm32f0xx_hal.c ****   /* Init the low level hardware */
 153:Drivers/STM32F0xx_HAL_Driver/Src/stm32f0xx_hal.c ****   HAL_MspInit();
 154:Drivers/STM32F0xx_HAL_Driver/Src/stm32f0xx_hal.c **** 
 155:Drivers/STM32F0xx_HAL_Driver/Src/stm32f0xx_hal.c ****   /* Return function status */
 156:Drivers/STM32F0xx_HAL_Driver/Src/stm32f0xx_hal.c ****   return HAL_OK;
 157:Drivers/STM32F0xx_HAL_Driver/Src/stm32f0xx_hal.c **** }
 158:Drivers/STM32F0xx_HAL_Driver/Src/stm32f0xx_hal.c **** 
 159:Drivers/STM32F0xx_HAL_Driver/Src/stm32f0xx_hal.c **** /**
 160:Drivers/STM32F0xx_HAL_Driver/Src/stm32f0xx_hal.c ****   * @brief This function de-Initialize common part of the HAL and stops the SysTick
 161:Drivers/STM32F0xx_HAL_Driver/Src/stm32f0xx_hal.c ****   *        of time base.
 162:Drivers/STM32F0xx_HAL_Driver/Src/stm32f0xx_hal.c ****   * @note This function is optional.
 163:Drivers/STM32F0xx_HAL_Driver/Src/stm32f0xx_hal.c ****   * @retval HAL status
 164:Drivers/STM32F0xx_HAL_Driver/Src/stm32f0xx_hal.c ****   */
 165:Drivers/STM32F0xx_HAL_Driver/Src/stm32f0xx_hal.c **** HAL_StatusTypeDef HAL_DeInit(void)
 166:Drivers/STM32F0xx_HAL_Driver/Src/stm32f0xx_hal.c **** {
 167:Drivers/STM32F0xx_HAL_Driver/Src/stm32f0xx_hal.c ****   /* Reset of all peripherals */
 168:Drivers/STM32F0xx_HAL_Driver/Src/stm32f0xx_hal.c ****   __HAL_RCC_APB1_FORCE_RESET();
 169:Drivers/STM32F0xx_HAL_Driver/Src/stm32f0xx_hal.c ****   __HAL_RCC_APB1_RELEASE_RESET();
 170:Drivers/STM32F0xx_HAL_Driver/Src/stm32f0xx_hal.c **** 
 171:Drivers/STM32F0xx_HAL_Driver/Src/stm32f0xx_hal.c ****   __HAL_RCC_APB2_FORCE_RESET();
 172:Drivers/STM32F0xx_HAL_Driver/Src/stm32f0xx_hal.c ****   __HAL_RCC_APB2_RELEASE_RESET();
 173:Drivers/STM32F0xx_HAL_Driver/Src/stm32f0xx_hal.c **** 
 174:Drivers/STM32F0xx_HAL_Driver/Src/stm32f0xx_hal.c ****   __HAL_RCC_AHB_FORCE_RESET();
 175:Drivers/STM32F0xx_HAL_Driver/Src/stm32f0xx_hal.c ****   __HAL_RCC_AHB_RELEASE_RESET();
 176:Drivers/STM32F0xx_HAL_Driver/Src/stm32f0xx_hal.c **** 
 177:Drivers/STM32F0xx_HAL_Driver/Src/stm32f0xx_hal.c ****   /* De-Init the low level hardware */
 178:Drivers/STM32F0xx_HAL_Driver/Src/stm32f0xx_hal.c ****   HAL_MspDeInit();
 179:Drivers/STM32F0xx_HAL_Driver/Src/stm32f0xx_hal.c ****     
 180:Drivers/STM32F0xx_HAL_Driver/Src/stm32f0xx_hal.c ****   /* Return function status */
 181:Drivers/STM32F0xx_HAL_Driver/Src/stm32f0xx_hal.c ****   return HAL_OK;
 182:Drivers/STM32F0xx_HAL_Driver/Src/stm32f0xx_hal.c **** }
 183:Drivers/STM32F0xx_HAL_Driver/Src/stm32f0xx_hal.c **** 
 184:Drivers/STM32F0xx_HAL_Driver/Src/stm32f0xx_hal.c **** /**
 185:Drivers/STM32F0xx_HAL_Driver/Src/stm32f0xx_hal.c ****   * @brief  Initialize the MSP.
 186:Drivers/STM32F0xx_HAL_Driver/Src/stm32f0xx_hal.c ****   * @retval None
 187:Drivers/STM32F0xx_HAL_Driver/Src/stm32f0xx_hal.c ****   */
 188:Drivers/STM32F0xx_HAL_Driver/Src/stm32f0xx_hal.c **** __weak void HAL_MspInit(void)
 189:Drivers/STM32F0xx_HAL_Driver/Src/stm32f0xx_hal.c **** {
  27              		.loc 1 189 1 view -0
  28              		.cfi_startproc
  29              		@ args = 0, pretend = 0, frame = 0
  30              		@ frame_needed = 0, uses_anonymous_args = 0
  31              		@ link register save eliminated.
 190:Drivers/STM32F0xx_HAL_Driver/Src/stm32f0xx_hal.c ****   /* NOTE : This function should not be modified, when the callback is needed,
 191:Drivers/STM32F0xx_HAL_Driver/Src/stm32f0xx_hal.c ****             the HAL_MspInit could be implemented in the user file
 192:Drivers/STM32F0xx_HAL_Driver/Src/stm32f0xx_hal.c ****    */
 193:Drivers/STM32F0xx_HAL_Driver/Src/stm32f0xx_hal.c **** }
  32              		.loc 1 193 1 view .LVU1
  33              		@ sp needed
  34 0000 7047     		bx	lr
  35              		.cfi_endproc
  36              	.LFE42:
ARM GAS  /var/folders/zf/mkqpy7tx7p1_khjt1h6hykn40000gn/T//ccRxpYnf.s 			page 5


  38              		.section	.text.HAL_MspDeInit,"ax",%progbits
  39              		.align	1
  40              		.weak	HAL_MspDeInit
  41              		.syntax unified
  42              		.code	16
  43              		.thumb_func
  45              	HAL_MspDeInit:
  46              	.LFB43:
 194:Drivers/STM32F0xx_HAL_Driver/Src/stm32f0xx_hal.c **** 
 195:Drivers/STM32F0xx_HAL_Driver/Src/stm32f0xx_hal.c **** /**
 196:Drivers/STM32F0xx_HAL_Driver/Src/stm32f0xx_hal.c ****   * @brief  DeInitializes the MSP.
 197:Drivers/STM32F0xx_HAL_Driver/Src/stm32f0xx_hal.c ****   * @retval None
 198:Drivers/STM32F0xx_HAL_Driver/Src/stm32f0xx_hal.c ****   */
 199:Drivers/STM32F0xx_HAL_Driver/Src/stm32f0xx_hal.c **** __weak void HAL_MspDeInit(void)
 200:Drivers/STM32F0xx_HAL_Driver/Src/stm32f0xx_hal.c **** {
  47              		.loc 1 200 1 view -0
  48              		.cfi_startproc
  49              		@ args = 0, pretend = 0, frame = 0
  50              		@ frame_needed = 0, uses_anonymous_args = 0
  51              		@ link register save eliminated.
 201:Drivers/STM32F0xx_HAL_Driver/Src/stm32f0xx_hal.c ****   /* NOTE : This function should not be modified, when the callback is needed,
 202:Drivers/STM32F0xx_HAL_Driver/Src/stm32f0xx_hal.c ****             the HAL_MspDeInit could be implemented in the user file
 203:Drivers/STM32F0xx_HAL_Driver/Src/stm32f0xx_hal.c ****    */
 204:Drivers/STM32F0xx_HAL_Driver/Src/stm32f0xx_hal.c **** }
  52              		.loc 1 204 1 view .LVU3
  53              		@ sp needed
  54 0000 7047     		bx	lr
  55              		.cfi_endproc
  56              	.LFE43:
  58              		.section	.text.HAL_DeInit,"ax",%progbits
  59              		.align	1
  60              		.global	HAL_DeInit
  61              		.syntax unified
  62              		.code	16
  63              		.thumb_func
  65              	HAL_DeInit:
  66              	.LFB41:
 166:Drivers/STM32F0xx_HAL_Driver/Src/stm32f0xx_hal.c ****   /* Reset of all peripherals */
  67              		.loc 1 166 1 view -0
  68              		.cfi_startproc
  69              		@ args = 0, pretend = 0, frame = 0
  70              		@ frame_needed = 0, uses_anonymous_args = 0
  71 0000 10B5     		push	{r4, lr}
  72              	.LCFI0:
  73              		.cfi_def_cfa_offset 8
  74              		.cfi_offset 4, -8
  75              		.cfi_offset 14, -4
 168:Drivers/STM32F0xx_HAL_Driver/Src/stm32f0xx_hal.c ****   __HAL_RCC_APB1_RELEASE_RESET();
  76              		.loc 1 168 3 view .LVU5
  77 0002 074B     		ldr	r3, .L4
  78 0004 0121     		movs	r1, #1
  79 0006 4942     		rsbs	r1, r1, #0
  80 0008 1961     		str	r1, [r3, #16]
 169:Drivers/STM32F0xx_HAL_Driver/Src/stm32f0xx_hal.c **** 
  81              		.loc 1 169 3 view .LVU6
  82 000a 0022     		movs	r2, #0
  83 000c 1A61     		str	r2, [r3, #16]
ARM GAS  /var/folders/zf/mkqpy7tx7p1_khjt1h6hykn40000gn/T//ccRxpYnf.s 			page 6


 171:Drivers/STM32F0xx_HAL_Driver/Src/stm32f0xx_hal.c ****   __HAL_RCC_APB2_RELEASE_RESET();
  84              		.loc 1 171 3 view .LVU7
  85 000e D960     		str	r1, [r3, #12]
 172:Drivers/STM32F0xx_HAL_Driver/Src/stm32f0xx_hal.c **** 
  86              		.loc 1 172 3 view .LVU8
  87 0010 DA60     		str	r2, [r3, #12]
 174:Drivers/STM32F0xx_HAL_Driver/Src/stm32f0xx_hal.c ****   __HAL_RCC_AHB_RELEASE_RESET();
  88              		.loc 1 174 3 view .LVU9
  89 0012 9962     		str	r1, [r3, #40]
 175:Drivers/STM32F0xx_HAL_Driver/Src/stm32f0xx_hal.c **** 
  90              		.loc 1 175 3 view .LVU10
  91 0014 9A62     		str	r2, [r3, #40]
 178:Drivers/STM32F0xx_HAL_Driver/Src/stm32f0xx_hal.c ****     
  92              		.loc 1 178 3 view .LVU11
  93 0016 FFF7FEFF 		bl	HAL_MspDeInit
  94              	.LVL0:
 181:Drivers/STM32F0xx_HAL_Driver/Src/stm32f0xx_hal.c **** }
  95              		.loc 1 181 3 view .LVU12
 182:Drivers/STM32F0xx_HAL_Driver/Src/stm32f0xx_hal.c **** 
  96              		.loc 1 182 1 is_stmt 0 view .LVU13
  97 001a 0020     		movs	r0, #0
  98              		@ sp needed
  99 001c 10BD     		pop	{r4, pc}
 100              	.L5:
 101 001e C046     		.align	2
 102              	.L4:
 103 0020 00100240 		.word	1073876992
 104              		.cfi_endproc
 105              	.LFE41:
 107              		.global	__aeabi_uidiv
 108              		.section	.text.HAL_InitTick,"ax",%progbits
 109              		.align	1
 110              		.weak	HAL_InitTick
 111              		.syntax unified
 112              		.code	16
 113              		.thumb_func
 115              	HAL_InitTick:
 116              	.LVL1:
 117              	.LFB44:
 205:Drivers/STM32F0xx_HAL_Driver/Src/stm32f0xx_hal.c **** 
 206:Drivers/STM32F0xx_HAL_Driver/Src/stm32f0xx_hal.c **** /**
 207:Drivers/STM32F0xx_HAL_Driver/Src/stm32f0xx_hal.c ****   * @brief This function configures the source of the time base. 
 208:Drivers/STM32F0xx_HAL_Driver/Src/stm32f0xx_hal.c ****   *        The time source is configured  to have 1ms time base with a dedicated 
 209:Drivers/STM32F0xx_HAL_Driver/Src/stm32f0xx_hal.c ****   *        Tick interrupt priority.
 210:Drivers/STM32F0xx_HAL_Driver/Src/stm32f0xx_hal.c ****   * @note This function is called  automatically at the beginning of program after
 211:Drivers/STM32F0xx_HAL_Driver/Src/stm32f0xx_hal.c ****   *       reset by HAL_Init() or at any time when clock is reconfigured  by HAL_RCC_ClockConfig(). 
 212:Drivers/STM32F0xx_HAL_Driver/Src/stm32f0xx_hal.c ****   * @note In the default implementation, SysTick timer is the source of time base. 
 213:Drivers/STM32F0xx_HAL_Driver/Src/stm32f0xx_hal.c ****   *       It is used to generate interrupts at regular time intervals. 
 214:Drivers/STM32F0xx_HAL_Driver/Src/stm32f0xx_hal.c ****   *       Care must be taken if HAL_Delay() is called from a peripheral ISR process, 
 215:Drivers/STM32F0xx_HAL_Driver/Src/stm32f0xx_hal.c ****   *       The SysTick interrupt must have higher priority (numerically lower) 
 216:Drivers/STM32F0xx_HAL_Driver/Src/stm32f0xx_hal.c ****   *       than the peripheral interrupt. Otherwise the caller ISR process will be blocked.
 217:Drivers/STM32F0xx_HAL_Driver/Src/stm32f0xx_hal.c ****   *       The function is declared as __Weak  to be overwritten  in case of other
 218:Drivers/STM32F0xx_HAL_Driver/Src/stm32f0xx_hal.c ****   *       implementation  in user file.
 219:Drivers/STM32F0xx_HAL_Driver/Src/stm32f0xx_hal.c ****   * @param TickPriority Tick interrupt priority.
 220:Drivers/STM32F0xx_HAL_Driver/Src/stm32f0xx_hal.c ****   * @retval HAL status
 221:Drivers/STM32F0xx_HAL_Driver/Src/stm32f0xx_hal.c ****   */
 222:Drivers/STM32F0xx_HAL_Driver/Src/stm32f0xx_hal.c **** __weak HAL_StatusTypeDef HAL_InitTick(uint32_t TickPriority)
ARM GAS  /var/folders/zf/mkqpy7tx7p1_khjt1h6hykn40000gn/T//ccRxpYnf.s 			page 7


 223:Drivers/STM32F0xx_HAL_Driver/Src/stm32f0xx_hal.c **** {
 118              		.loc 1 223 1 is_stmt 1 view -0
 119              		.cfi_startproc
 120              		@ args = 0, pretend = 0, frame = 0
 121              		@ frame_needed = 0, uses_anonymous_args = 0
 122              		.loc 1 223 1 is_stmt 0 view .LVU15
 123 0000 10B5     		push	{r4, lr}
 124              	.LCFI1:
 125              		.cfi_def_cfa_offset 8
 126              		.cfi_offset 4, -8
 127              		.cfi_offset 14, -4
 128 0002 0400     		movs	r4, r0
 224:Drivers/STM32F0xx_HAL_Driver/Src/stm32f0xx_hal.c ****   /*Configure the SysTick to have interrupt in 1ms time basis*/
 225:Drivers/STM32F0xx_HAL_Driver/Src/stm32f0xx_hal.c ****   if (HAL_SYSTICK_Config(SystemCoreClock / (1000U / uwTickFreq)) > 0U)
 129              		.loc 1 225 3 is_stmt 1 view .LVU16
 130              		.loc 1 225 51 is_stmt 0 view .LVU17
 131 0004 0F4B     		ldr	r3, .L11
 132 0006 1978     		ldrb	r1, [r3]
 133 0008 FA20     		movs	r0, #250
 134              	.LVL2:
 135              		.loc 1 225 51 view .LVU18
 136 000a 8000     		lsls	r0, r0, #2
 137 000c FFF7FEFF 		bl	__aeabi_uidiv
 138              	.LVL3:
 139 0010 0100     		movs	r1, r0
 140              		.loc 1 225 7 view .LVU19
 141 0012 0D4B     		ldr	r3, .L11+4
 142 0014 1868     		ldr	r0, [r3]
 143 0016 FFF7FEFF 		bl	__aeabi_uidiv
 144              	.LVL4:
 145 001a FFF7FEFF 		bl	HAL_SYSTICK_Config
 146              	.LVL5:
 147              		.loc 1 225 6 view .LVU20
 148 001e 0028     		cmp	r0, #0
 149 0020 0DD1     		bne	.L8
 226:Drivers/STM32F0xx_HAL_Driver/Src/stm32f0xx_hal.c ****   {
 227:Drivers/STM32F0xx_HAL_Driver/Src/stm32f0xx_hal.c ****     return HAL_ERROR;
 228:Drivers/STM32F0xx_HAL_Driver/Src/stm32f0xx_hal.c ****   }
 229:Drivers/STM32F0xx_HAL_Driver/Src/stm32f0xx_hal.c **** 
 230:Drivers/STM32F0xx_HAL_Driver/Src/stm32f0xx_hal.c ****   /* Configure the SysTick IRQ priority */
 231:Drivers/STM32F0xx_HAL_Driver/Src/stm32f0xx_hal.c ****   if (TickPriority < (1UL << __NVIC_PRIO_BITS))
 150              		.loc 1 231 3 is_stmt 1 view .LVU21
 151              		.loc 1 231 6 is_stmt 0 view .LVU22
 152 0022 032C     		cmp	r4, #3
 153 0024 01D9     		bls	.L10
 232:Drivers/STM32F0xx_HAL_Driver/Src/stm32f0xx_hal.c ****   {
 233:Drivers/STM32F0xx_HAL_Driver/Src/stm32f0xx_hal.c ****     HAL_NVIC_SetPriority(SysTick_IRQn, TickPriority, 0U);
 234:Drivers/STM32F0xx_HAL_Driver/Src/stm32f0xx_hal.c ****     uwTickPrio = TickPriority;
 235:Drivers/STM32F0xx_HAL_Driver/Src/stm32f0xx_hal.c ****   }
 236:Drivers/STM32F0xx_HAL_Driver/Src/stm32f0xx_hal.c ****   else
 237:Drivers/STM32F0xx_HAL_Driver/Src/stm32f0xx_hal.c ****   {
 238:Drivers/STM32F0xx_HAL_Driver/Src/stm32f0xx_hal.c ****     return HAL_ERROR;
 154              		.loc 1 238 12 view .LVU23
 155 0026 0120     		movs	r0, #1
 156 0028 0AE0     		b	.L7
 157              	.L10:
 233:Drivers/STM32F0xx_HAL_Driver/Src/stm32f0xx_hal.c ****     uwTickPrio = TickPriority;
ARM GAS  /var/folders/zf/mkqpy7tx7p1_khjt1h6hykn40000gn/T//ccRxpYnf.s 			page 8


 158              		.loc 1 233 5 is_stmt 1 view .LVU24
 159 002a 0130     		adds	r0, r0, #1
 160 002c 0022     		movs	r2, #0
 161 002e 2100     		movs	r1, r4
 162 0030 4042     		rsbs	r0, r0, #0
 163 0032 FFF7FEFF 		bl	HAL_NVIC_SetPriority
 164              	.LVL6:
 234:Drivers/STM32F0xx_HAL_Driver/Src/stm32f0xx_hal.c ****   }
 165              		.loc 1 234 5 view .LVU25
 234:Drivers/STM32F0xx_HAL_Driver/Src/stm32f0xx_hal.c ****   }
 166              		.loc 1 234 16 is_stmt 0 view .LVU26
 167 0036 054B     		ldr	r3, .L11+8
 168 0038 1C60     		str	r4, [r3]
 239:Drivers/STM32F0xx_HAL_Driver/Src/stm32f0xx_hal.c ****   }
 240:Drivers/STM32F0xx_HAL_Driver/Src/stm32f0xx_hal.c **** 
 241:Drivers/STM32F0xx_HAL_Driver/Src/stm32f0xx_hal.c ****    /* Return function status */
 242:Drivers/STM32F0xx_HAL_Driver/Src/stm32f0xx_hal.c ****   return HAL_OK;
 169              		.loc 1 242 3 is_stmt 1 view .LVU27
 170              		.loc 1 242 10 is_stmt 0 view .LVU28
 171 003a 0020     		movs	r0, #0
 172 003c 00E0     		b	.L7
 173              	.L8:
 227:Drivers/STM32F0xx_HAL_Driver/Src/stm32f0xx_hal.c ****   }
 174              		.loc 1 227 12 view .LVU29
 175 003e 0120     		movs	r0, #1
 176              	.L7:
 243:Drivers/STM32F0xx_HAL_Driver/Src/stm32f0xx_hal.c **** }
 177              		.loc 1 243 1 view .LVU30
 178              		@ sp needed
 179              	.LVL7:
 180              		.loc 1 243 1 view .LVU31
 181 0040 10BD     		pop	{r4, pc}
 182              	.L12:
 183 0042 C046     		.align	2
 184              	.L11:
 185 0044 00000000 		.word	.LANCHOR0
 186 0048 00000000 		.word	SystemCoreClock
 187 004c 00000000 		.word	.LANCHOR1
 188              		.cfi_endproc
 189              	.LFE44:
 191              		.section	.text.HAL_Init,"ax",%progbits
 192              		.align	1
 193              		.global	HAL_Init
 194              		.syntax unified
 195              		.code	16
 196              		.thumb_func
 198              	HAL_Init:
 199              	.LFB40:
 142:Drivers/STM32F0xx_HAL_Driver/Src/stm32f0xx_hal.c ****   /* Configure Flash prefetch */ 
 200              		.loc 1 142 1 is_stmt 1 view -0
 201              		.cfi_startproc
 202              		@ args = 0, pretend = 0, frame = 0
 203              		@ frame_needed = 0, uses_anonymous_args = 0
 204 0000 10B5     		push	{r4, lr}
 205              	.LCFI2:
 206              		.cfi_def_cfa_offset 8
 207              		.cfi_offset 4, -8
ARM GAS  /var/folders/zf/mkqpy7tx7p1_khjt1h6hykn40000gn/T//ccRxpYnf.s 			page 9


 208              		.cfi_offset 14, -4
 145:Drivers/STM32F0xx_HAL_Driver/Src/stm32f0xx_hal.c **** #endif /* PREFETCH_ENABLE */
 209              		.loc 1 145 3 view .LVU33
 210 0002 064A     		ldr	r2, .L14
 211 0004 1368     		ldr	r3, [r2]
 212 0006 1021     		movs	r1, #16
 213 0008 0B43     		orrs	r3, r1
 214 000a 1360     		str	r3, [r2]
 150:Drivers/STM32F0xx_HAL_Driver/Src/stm32f0xx_hal.c **** 
 215              		.loc 1 150 3 view .LVU34
 216 000c 0320     		movs	r0, #3
 217 000e FFF7FEFF 		bl	HAL_InitTick
 218              	.LVL8:
 153:Drivers/STM32F0xx_HAL_Driver/Src/stm32f0xx_hal.c **** 
 219              		.loc 1 153 3 view .LVU35
 220 0012 FFF7FEFF 		bl	HAL_MspInit
 221              	.LVL9:
 156:Drivers/STM32F0xx_HAL_Driver/Src/stm32f0xx_hal.c **** }
 222              		.loc 1 156 3 view .LVU36
 157:Drivers/STM32F0xx_HAL_Driver/Src/stm32f0xx_hal.c **** 
 223              		.loc 1 157 1 is_stmt 0 view .LVU37
 224 0016 0020     		movs	r0, #0
 225              		@ sp needed
 226 0018 10BD     		pop	{r4, pc}
 227              	.L15:
 228 001a C046     		.align	2
 229              	.L14:
 230 001c 00200240 		.word	1073881088
 231              		.cfi_endproc
 232              	.LFE40:
 234              		.section	.text.HAL_IncTick,"ax",%progbits
 235              		.align	1
 236              		.weak	HAL_IncTick
 237              		.syntax unified
 238              		.code	16
 239              		.thumb_func
 241              	HAL_IncTick:
 242              	.LFB45:
 244:Drivers/STM32F0xx_HAL_Driver/Src/stm32f0xx_hal.c **** 
 245:Drivers/STM32F0xx_HAL_Driver/Src/stm32f0xx_hal.c **** /**
 246:Drivers/STM32F0xx_HAL_Driver/Src/stm32f0xx_hal.c ****   * @}
 247:Drivers/STM32F0xx_HAL_Driver/Src/stm32f0xx_hal.c ****   */
 248:Drivers/STM32F0xx_HAL_Driver/Src/stm32f0xx_hal.c **** 
 249:Drivers/STM32F0xx_HAL_Driver/Src/stm32f0xx_hal.c **** /** @defgroup HAL_Exported_Functions_Group2 HAL Control functions 
 250:Drivers/STM32F0xx_HAL_Driver/Src/stm32f0xx_hal.c ****   * @brief    HAL Control functions
 251:Drivers/STM32F0xx_HAL_Driver/Src/stm32f0xx_hal.c ****   *
 252:Drivers/STM32F0xx_HAL_Driver/Src/stm32f0xx_hal.c **** @verbatim
 253:Drivers/STM32F0xx_HAL_Driver/Src/stm32f0xx_hal.c ****  ===============================================================================
 254:Drivers/STM32F0xx_HAL_Driver/Src/stm32f0xx_hal.c ****                       ##### HAL Control functions #####
 255:Drivers/STM32F0xx_HAL_Driver/Src/stm32f0xx_hal.c ****  ===============================================================================
 256:Drivers/STM32F0xx_HAL_Driver/Src/stm32f0xx_hal.c ****     [..]  This section provides functions allowing to:
 257:Drivers/STM32F0xx_HAL_Driver/Src/stm32f0xx_hal.c ****       (+) Provide a tick value in millisecond
 258:Drivers/STM32F0xx_HAL_Driver/Src/stm32f0xx_hal.c ****       (+) Provide a blocking delay in millisecond
 259:Drivers/STM32F0xx_HAL_Driver/Src/stm32f0xx_hal.c ****       (+) Suspend the time base source interrupt
 260:Drivers/STM32F0xx_HAL_Driver/Src/stm32f0xx_hal.c ****       (+) Resume the time base source interrupt
 261:Drivers/STM32F0xx_HAL_Driver/Src/stm32f0xx_hal.c ****       (+) Get the HAL API driver version
 262:Drivers/STM32F0xx_HAL_Driver/Src/stm32f0xx_hal.c ****       (+) Get the device identifier
ARM GAS  /var/folders/zf/mkqpy7tx7p1_khjt1h6hykn40000gn/T//ccRxpYnf.s 			page 10


 263:Drivers/STM32F0xx_HAL_Driver/Src/stm32f0xx_hal.c ****       (+) Get the device revision identifier
 264:Drivers/STM32F0xx_HAL_Driver/Src/stm32f0xx_hal.c ****       (+) Enable/Disable Debug module during Sleep mode
 265:Drivers/STM32F0xx_HAL_Driver/Src/stm32f0xx_hal.c ****       (+) Enable/Disable Debug module during STOP mode
 266:Drivers/STM32F0xx_HAL_Driver/Src/stm32f0xx_hal.c ****       (+) Enable/Disable Debug module during STANDBY mode
 267:Drivers/STM32F0xx_HAL_Driver/Src/stm32f0xx_hal.c ****       
 268:Drivers/STM32F0xx_HAL_Driver/Src/stm32f0xx_hal.c **** @endverbatim
 269:Drivers/STM32F0xx_HAL_Driver/Src/stm32f0xx_hal.c ****   * @{
 270:Drivers/STM32F0xx_HAL_Driver/Src/stm32f0xx_hal.c ****   */
 271:Drivers/STM32F0xx_HAL_Driver/Src/stm32f0xx_hal.c **** 
 272:Drivers/STM32F0xx_HAL_Driver/Src/stm32f0xx_hal.c **** /**
 273:Drivers/STM32F0xx_HAL_Driver/Src/stm32f0xx_hal.c ****   * @brief This function is called to increment  a global variable "uwTick"
 274:Drivers/STM32F0xx_HAL_Driver/Src/stm32f0xx_hal.c ****   *        used as application time base.
 275:Drivers/STM32F0xx_HAL_Driver/Src/stm32f0xx_hal.c ****   * @note In the default implementation, this variable is incremented each 1ms
 276:Drivers/STM32F0xx_HAL_Driver/Src/stm32f0xx_hal.c ****   *       in SysTick ISR.
 277:Drivers/STM32F0xx_HAL_Driver/Src/stm32f0xx_hal.c ****   * @note This function is declared as __weak to be overwritten in case of other 
 278:Drivers/STM32F0xx_HAL_Driver/Src/stm32f0xx_hal.c ****   *       implementations in user file.
 279:Drivers/STM32F0xx_HAL_Driver/Src/stm32f0xx_hal.c ****   * @retval None
 280:Drivers/STM32F0xx_HAL_Driver/Src/stm32f0xx_hal.c ****   */
 281:Drivers/STM32F0xx_HAL_Driver/Src/stm32f0xx_hal.c **** __weak void HAL_IncTick(void)
 282:Drivers/STM32F0xx_HAL_Driver/Src/stm32f0xx_hal.c **** {
 243              		.loc 1 282 1 is_stmt 1 view -0
 244              		.cfi_startproc
 245              		@ args = 0, pretend = 0, frame = 0
 246              		@ frame_needed = 0, uses_anonymous_args = 0
 247              		@ link register save eliminated.
 283:Drivers/STM32F0xx_HAL_Driver/Src/stm32f0xx_hal.c ****   uwTick += uwTickFreq;
 248              		.loc 1 283 3 view .LVU39
 249              		.loc 1 283 10 is_stmt 0 view .LVU40
 250 0000 034A     		ldr	r2, .L17
 251 0002 1168     		ldr	r1, [r2]
 252 0004 034B     		ldr	r3, .L17+4
 253 0006 1B78     		ldrb	r3, [r3]
 254 0008 5B18     		adds	r3, r3, r1
 255 000a 1360     		str	r3, [r2]
 284:Drivers/STM32F0xx_HAL_Driver/Src/stm32f0xx_hal.c **** }
 256              		.loc 1 284 1 view .LVU41
 257              		@ sp needed
 258 000c 7047     		bx	lr
 259              	.L18:
 260 000e C046     		.align	2
 261              	.L17:
 262 0010 00000000 		.word	.LANCHOR2
 263 0014 00000000 		.word	.LANCHOR0
 264              		.cfi_endproc
 265              	.LFE45:
 267              		.section	.text.HAL_GetTick,"ax",%progbits
 268              		.align	1
 269              		.weak	HAL_GetTick
 270              		.syntax unified
 271              		.code	16
 272              		.thumb_func
 274              	HAL_GetTick:
 275              	.LFB46:
 285:Drivers/STM32F0xx_HAL_Driver/Src/stm32f0xx_hal.c **** 
 286:Drivers/STM32F0xx_HAL_Driver/Src/stm32f0xx_hal.c **** /**
 287:Drivers/STM32F0xx_HAL_Driver/Src/stm32f0xx_hal.c ****   * @brief  Provides a tick value in millisecond.
 288:Drivers/STM32F0xx_HAL_Driver/Src/stm32f0xx_hal.c ****   * @note   This function is declared as __weak  to be overwritten  in case of other 
ARM GAS  /var/folders/zf/mkqpy7tx7p1_khjt1h6hykn40000gn/T//ccRxpYnf.s 			page 11


 289:Drivers/STM32F0xx_HAL_Driver/Src/stm32f0xx_hal.c ****   *       implementations in user file.
 290:Drivers/STM32F0xx_HAL_Driver/Src/stm32f0xx_hal.c ****   * @retval tick value
 291:Drivers/STM32F0xx_HAL_Driver/Src/stm32f0xx_hal.c ****   */
 292:Drivers/STM32F0xx_HAL_Driver/Src/stm32f0xx_hal.c **** __weak uint32_t HAL_GetTick(void)
 293:Drivers/STM32F0xx_HAL_Driver/Src/stm32f0xx_hal.c **** {
 276              		.loc 1 293 1 is_stmt 1 view -0
 277              		.cfi_startproc
 278              		@ args = 0, pretend = 0, frame = 0
 279              		@ frame_needed = 0, uses_anonymous_args = 0
 280              		@ link register save eliminated.
 294:Drivers/STM32F0xx_HAL_Driver/Src/stm32f0xx_hal.c ****   return uwTick;
 281              		.loc 1 294 3 view .LVU43
 282              		.loc 1 294 10 is_stmt 0 view .LVU44
 283 0000 014B     		ldr	r3, .L20
 284 0002 1868     		ldr	r0, [r3]
 295:Drivers/STM32F0xx_HAL_Driver/Src/stm32f0xx_hal.c **** }
 285              		.loc 1 295 1 view .LVU45
 286              		@ sp needed
 287 0004 7047     		bx	lr
 288              	.L21:
 289 0006 C046     		.align	2
 290              	.L20:
 291 0008 00000000 		.word	.LANCHOR2
 292              		.cfi_endproc
 293              	.LFE46:
 295              		.section	.text.HAL_GetTickPrio,"ax",%progbits
 296              		.align	1
 297              		.global	HAL_GetTickPrio
 298              		.syntax unified
 299              		.code	16
 300              		.thumb_func
 302              	HAL_GetTickPrio:
 303              	.LFB47:
 296:Drivers/STM32F0xx_HAL_Driver/Src/stm32f0xx_hal.c **** 
 297:Drivers/STM32F0xx_HAL_Driver/Src/stm32f0xx_hal.c **** /**
 298:Drivers/STM32F0xx_HAL_Driver/Src/stm32f0xx_hal.c ****   * @brief This function returns a tick priority.
 299:Drivers/STM32F0xx_HAL_Driver/Src/stm32f0xx_hal.c ****   * @retval tick priority
 300:Drivers/STM32F0xx_HAL_Driver/Src/stm32f0xx_hal.c ****   */
 301:Drivers/STM32F0xx_HAL_Driver/Src/stm32f0xx_hal.c **** uint32_t HAL_GetTickPrio(void)
 302:Drivers/STM32F0xx_HAL_Driver/Src/stm32f0xx_hal.c **** {
 304              		.loc 1 302 1 is_stmt 1 view -0
 305              		.cfi_startproc
 306              		@ args = 0, pretend = 0, frame = 0
 307              		@ frame_needed = 0, uses_anonymous_args = 0
 308              		@ link register save eliminated.
 303:Drivers/STM32F0xx_HAL_Driver/Src/stm32f0xx_hal.c ****   return uwTickPrio;
 309              		.loc 1 303 3 view .LVU47
 310              		.loc 1 303 10 is_stmt 0 view .LVU48
 311 0000 014B     		ldr	r3, .L23
 312 0002 1868     		ldr	r0, [r3]
 304:Drivers/STM32F0xx_HAL_Driver/Src/stm32f0xx_hal.c **** }
 313              		.loc 1 304 1 view .LVU49
 314              		@ sp needed
 315 0004 7047     		bx	lr
 316              	.L24:
 317 0006 C046     		.align	2
 318              	.L23:
ARM GAS  /var/folders/zf/mkqpy7tx7p1_khjt1h6hykn40000gn/T//ccRxpYnf.s 			page 12


 319 0008 00000000 		.word	.LANCHOR1
 320              		.cfi_endproc
 321              	.LFE47:
 323              		.section	.text.HAL_SetTickFreq,"ax",%progbits
 324              		.align	1
 325              		.global	HAL_SetTickFreq
 326              		.syntax unified
 327              		.code	16
 328              		.thumb_func
 330              	HAL_SetTickFreq:
 331              	.LVL10:
 332              	.LFB48:
 305:Drivers/STM32F0xx_HAL_Driver/Src/stm32f0xx_hal.c **** 
 306:Drivers/STM32F0xx_HAL_Driver/Src/stm32f0xx_hal.c **** /**
 307:Drivers/STM32F0xx_HAL_Driver/Src/stm32f0xx_hal.c ****   * @brief Set new tick Freq.
 308:Drivers/STM32F0xx_HAL_Driver/Src/stm32f0xx_hal.c ****   * @retval status
 309:Drivers/STM32F0xx_HAL_Driver/Src/stm32f0xx_hal.c ****   */
 310:Drivers/STM32F0xx_HAL_Driver/Src/stm32f0xx_hal.c **** HAL_StatusTypeDef HAL_SetTickFreq(HAL_TickFreqTypeDef Freq)
 311:Drivers/STM32F0xx_HAL_Driver/Src/stm32f0xx_hal.c **** {
 333              		.loc 1 311 1 is_stmt 1 view -0
 334              		.cfi_startproc
 335              		@ args = 0, pretend = 0, frame = 0
 336              		@ frame_needed = 0, uses_anonymous_args = 0
 337              		.loc 1 311 1 is_stmt 0 view .LVU51
 338 0000 10B5     		push	{r4, lr}
 339              	.LCFI3:
 340              		.cfi_def_cfa_offset 8
 341              		.cfi_offset 4, -8
 342              		.cfi_offset 14, -4
 312:Drivers/STM32F0xx_HAL_Driver/Src/stm32f0xx_hal.c ****   HAL_StatusTypeDef status  = HAL_OK;
 343              		.loc 1 312 3 is_stmt 1 view .LVU52
 344              	.LVL11:
 313:Drivers/STM32F0xx_HAL_Driver/Src/stm32f0xx_hal.c ****   HAL_TickFreqTypeDef prevTickFreq;
 345              		.loc 1 313 3 view .LVU53
 314:Drivers/STM32F0xx_HAL_Driver/Src/stm32f0xx_hal.c **** 
 315:Drivers/STM32F0xx_HAL_Driver/Src/stm32f0xx_hal.c ****   assert_param(IS_TICKFREQ(Freq));
 346              		.loc 1 315 3 view .LVU54
 316:Drivers/STM32F0xx_HAL_Driver/Src/stm32f0xx_hal.c **** 
 317:Drivers/STM32F0xx_HAL_Driver/Src/stm32f0xx_hal.c ****   if (uwTickFreq != Freq)
 347              		.loc 1 317 3 view .LVU55
 348              		.loc 1 317 18 is_stmt 0 view .LVU56
 349 0002 084B     		ldr	r3, .L29
 350 0004 1C78     		ldrb	r4, [r3]
 351              		.loc 1 317 6 view .LVU57
 352 0006 8442     		cmp	r4, r0
 353 0008 01D1     		bne	.L28
 312:Drivers/STM32F0xx_HAL_Driver/Src/stm32f0xx_hal.c ****   HAL_TickFreqTypeDef prevTickFreq;
 354              		.loc 1 312 21 view .LVU58
 355 000a 0020     		movs	r0, #0
 356              	.LVL12:
 357              	.L26:
 318:Drivers/STM32F0xx_HAL_Driver/Src/stm32f0xx_hal.c ****   {
 319:Drivers/STM32F0xx_HAL_Driver/Src/stm32f0xx_hal.c ****     /* Back up uwTickFreq frequency */
 320:Drivers/STM32F0xx_HAL_Driver/Src/stm32f0xx_hal.c ****     prevTickFreq = uwTickFreq;
 321:Drivers/STM32F0xx_HAL_Driver/Src/stm32f0xx_hal.c **** 
 322:Drivers/STM32F0xx_HAL_Driver/Src/stm32f0xx_hal.c ****     /* Update uwTickFreq global variable used by HAL_InitTick() */
 323:Drivers/STM32F0xx_HAL_Driver/Src/stm32f0xx_hal.c ****     uwTickFreq = Freq;
ARM GAS  /var/folders/zf/mkqpy7tx7p1_khjt1h6hykn40000gn/T//ccRxpYnf.s 			page 13


 324:Drivers/STM32F0xx_HAL_Driver/Src/stm32f0xx_hal.c **** 
 325:Drivers/STM32F0xx_HAL_Driver/Src/stm32f0xx_hal.c ****     /* Apply the new tick Freq */
 326:Drivers/STM32F0xx_HAL_Driver/Src/stm32f0xx_hal.c ****     status = HAL_InitTick(uwTickPrio);
 327:Drivers/STM32F0xx_HAL_Driver/Src/stm32f0xx_hal.c **** 
 328:Drivers/STM32F0xx_HAL_Driver/Src/stm32f0xx_hal.c ****     if (status != HAL_OK)
 329:Drivers/STM32F0xx_HAL_Driver/Src/stm32f0xx_hal.c ****     {
 330:Drivers/STM32F0xx_HAL_Driver/Src/stm32f0xx_hal.c ****       /* Restore previous tick frequency */
 331:Drivers/STM32F0xx_HAL_Driver/Src/stm32f0xx_hal.c ****       uwTickFreq = prevTickFreq;
 332:Drivers/STM32F0xx_HAL_Driver/Src/stm32f0xx_hal.c ****     }
 333:Drivers/STM32F0xx_HAL_Driver/Src/stm32f0xx_hal.c ****   }
 334:Drivers/STM32F0xx_HAL_Driver/Src/stm32f0xx_hal.c **** 
 335:Drivers/STM32F0xx_HAL_Driver/Src/stm32f0xx_hal.c ****   return status;
 358              		.loc 1 335 3 is_stmt 1 view .LVU59
 336:Drivers/STM32F0xx_HAL_Driver/Src/stm32f0xx_hal.c **** }
 359              		.loc 1 336 1 is_stmt 0 view .LVU60
 360              		@ sp needed
 361 000c 10BD     		pop	{r4, pc}
 362              	.LVL13:
 363              	.L28:
 320:Drivers/STM32F0xx_HAL_Driver/Src/stm32f0xx_hal.c **** 
 364              		.loc 1 320 5 is_stmt 1 view .LVU61
 323:Drivers/STM32F0xx_HAL_Driver/Src/stm32f0xx_hal.c **** 
 365              		.loc 1 323 5 view .LVU62
 323:Drivers/STM32F0xx_HAL_Driver/Src/stm32f0xx_hal.c **** 
 366              		.loc 1 323 16 is_stmt 0 view .LVU63
 367 000e 1870     		strb	r0, [r3]
 326:Drivers/STM32F0xx_HAL_Driver/Src/stm32f0xx_hal.c **** 
 368              		.loc 1 326 5 is_stmt 1 view .LVU64
 326:Drivers/STM32F0xx_HAL_Driver/Src/stm32f0xx_hal.c **** 
 369              		.loc 1 326 14 is_stmt 0 view .LVU65
 370 0010 054B     		ldr	r3, .L29+4
 371 0012 1868     		ldr	r0, [r3]
 372              	.LVL14:
 326:Drivers/STM32F0xx_HAL_Driver/Src/stm32f0xx_hal.c **** 
 373              		.loc 1 326 14 view .LVU66
 374 0014 FFF7FEFF 		bl	HAL_InitTick
 375              	.LVL15:
 328:Drivers/STM32F0xx_HAL_Driver/Src/stm32f0xx_hal.c ****     {
 376              		.loc 1 328 5 is_stmt 1 view .LVU67
 328:Drivers/STM32F0xx_HAL_Driver/Src/stm32f0xx_hal.c ****     {
 377              		.loc 1 328 8 is_stmt 0 view .LVU68
 378 0018 0028     		cmp	r0, #0
 379 001a F7D0     		beq	.L26
 331:Drivers/STM32F0xx_HAL_Driver/Src/stm32f0xx_hal.c ****     }
 380              		.loc 1 331 7 is_stmt 1 view .LVU69
 331:Drivers/STM32F0xx_HAL_Driver/Src/stm32f0xx_hal.c ****     }
 381              		.loc 1 331 18 is_stmt 0 view .LVU70
 382 001c 014B     		ldr	r3, .L29
 383 001e 1C70     		strb	r4, [r3]
 384 0020 F4E7     		b	.L26
 385              	.L30:
 386 0022 C046     		.align	2
 387              	.L29:
 388 0024 00000000 		.word	.LANCHOR0
 389 0028 00000000 		.word	.LANCHOR1
 390              		.cfi_endproc
 391              	.LFE48:
ARM GAS  /var/folders/zf/mkqpy7tx7p1_khjt1h6hykn40000gn/T//ccRxpYnf.s 			page 14


 393              		.section	.text.HAL_GetTickFreq,"ax",%progbits
 394              		.align	1
 395              		.global	HAL_GetTickFreq
 396              		.syntax unified
 397              		.code	16
 398              		.thumb_func
 400              	HAL_GetTickFreq:
 401              	.LFB49:
 337:Drivers/STM32F0xx_HAL_Driver/Src/stm32f0xx_hal.c **** 
 338:Drivers/STM32F0xx_HAL_Driver/Src/stm32f0xx_hal.c **** /**
 339:Drivers/STM32F0xx_HAL_Driver/Src/stm32f0xx_hal.c ****   * @brief return tick frequency.
 340:Drivers/STM32F0xx_HAL_Driver/Src/stm32f0xx_hal.c ****   * @retval Tick frequency.
 341:Drivers/STM32F0xx_HAL_Driver/Src/stm32f0xx_hal.c ****   *         Value of @ref HAL_TickFreqTypeDef.
 342:Drivers/STM32F0xx_HAL_Driver/Src/stm32f0xx_hal.c ****   */
 343:Drivers/STM32F0xx_HAL_Driver/Src/stm32f0xx_hal.c **** HAL_TickFreqTypeDef HAL_GetTickFreq(void)
 344:Drivers/STM32F0xx_HAL_Driver/Src/stm32f0xx_hal.c **** {
 402              		.loc 1 344 1 is_stmt 1 view -0
 403              		.cfi_startproc
 404              		@ args = 0, pretend = 0, frame = 0
 405              		@ frame_needed = 0, uses_anonymous_args = 0
 406              		@ link register save eliminated.
 345:Drivers/STM32F0xx_HAL_Driver/Src/stm32f0xx_hal.c ****   return uwTickFreq;
 407              		.loc 1 345 3 view .LVU72
 408              		.loc 1 345 10 is_stmt 0 view .LVU73
 409 0000 014B     		ldr	r3, .L32
 410 0002 1878     		ldrb	r0, [r3]
 346:Drivers/STM32F0xx_HAL_Driver/Src/stm32f0xx_hal.c **** }
 411              		.loc 1 346 1 view .LVU74
 412              		@ sp needed
 413 0004 7047     		bx	lr
 414              	.L33:
 415 0006 C046     		.align	2
 416              	.L32:
 417 0008 00000000 		.word	.LANCHOR0
 418              		.cfi_endproc
 419              	.LFE49:
 421              		.section	.text.HAL_Delay,"ax",%progbits
 422              		.align	1
 423              		.weak	HAL_Delay
 424              		.syntax unified
 425              		.code	16
 426              		.thumb_func
 428              	HAL_Delay:
 429              	.LVL16:
 430              	.LFB50:
 347:Drivers/STM32F0xx_HAL_Driver/Src/stm32f0xx_hal.c **** 
 348:Drivers/STM32F0xx_HAL_Driver/Src/stm32f0xx_hal.c **** /**
 349:Drivers/STM32F0xx_HAL_Driver/Src/stm32f0xx_hal.c ****   * @brief This function provides accurate delay (in milliseconds) based
 350:Drivers/STM32F0xx_HAL_Driver/Src/stm32f0xx_hal.c ****   *        on variable incremented.
 351:Drivers/STM32F0xx_HAL_Driver/Src/stm32f0xx_hal.c ****   * @note In the default implementation , SysTick timer is the source of time base.
 352:Drivers/STM32F0xx_HAL_Driver/Src/stm32f0xx_hal.c ****   *       It is used to generate interrupts at regular time intervals where uwTick
 353:Drivers/STM32F0xx_HAL_Driver/Src/stm32f0xx_hal.c ****   *       is incremented.
 354:Drivers/STM32F0xx_HAL_Driver/Src/stm32f0xx_hal.c ****   * @note ThiS function is declared as __weak to be overwritten in case of other
 355:Drivers/STM32F0xx_HAL_Driver/Src/stm32f0xx_hal.c ****   *       implementations in user file.
 356:Drivers/STM32F0xx_HAL_Driver/Src/stm32f0xx_hal.c ****   * @param Delay specifies the delay time length, in milliseconds.
 357:Drivers/STM32F0xx_HAL_Driver/Src/stm32f0xx_hal.c ****   * @retval None
 358:Drivers/STM32F0xx_HAL_Driver/Src/stm32f0xx_hal.c ****   */
ARM GAS  /var/folders/zf/mkqpy7tx7p1_khjt1h6hykn40000gn/T//ccRxpYnf.s 			page 15


 359:Drivers/STM32F0xx_HAL_Driver/Src/stm32f0xx_hal.c **** __weak void HAL_Delay(uint32_t Delay)
 360:Drivers/STM32F0xx_HAL_Driver/Src/stm32f0xx_hal.c **** {
 431              		.loc 1 360 1 is_stmt 1 view -0
 432              		.cfi_startproc
 433              		@ args = 0, pretend = 0, frame = 0
 434              		@ frame_needed = 0, uses_anonymous_args = 0
 435              		.loc 1 360 1 is_stmt 0 view .LVU76
 436 0000 70B5     		push	{r4, r5, r6, lr}
 437              	.LCFI4:
 438              		.cfi_def_cfa_offset 16
 439              		.cfi_offset 4, -16
 440              		.cfi_offset 5, -12
 441              		.cfi_offset 6, -8
 442              		.cfi_offset 14, -4
 443 0002 0400     		movs	r4, r0
 361:Drivers/STM32F0xx_HAL_Driver/Src/stm32f0xx_hal.c ****   uint32_t tickstart = HAL_GetTick();
 444              		.loc 1 361 3 is_stmt 1 view .LVU77
 445              		.loc 1 361 24 is_stmt 0 view .LVU78
 446 0004 FFF7FEFF 		bl	HAL_GetTick
 447              	.LVL17:
 448              		.loc 1 361 24 view .LVU79
 449 0008 0500     		movs	r5, r0
 450              	.LVL18:
 362:Drivers/STM32F0xx_HAL_Driver/Src/stm32f0xx_hal.c ****   uint32_t wait = Delay;
 451              		.loc 1 362 3 is_stmt 1 view .LVU80
 363:Drivers/STM32F0xx_HAL_Driver/Src/stm32f0xx_hal.c ****   
 364:Drivers/STM32F0xx_HAL_Driver/Src/stm32f0xx_hal.c ****   /* Add a freq to guarantee minimum wait */
 365:Drivers/STM32F0xx_HAL_Driver/Src/stm32f0xx_hal.c ****   if (wait < HAL_MAX_DELAY)
 452              		.loc 1 365 3 view .LVU81
 453              		.loc 1 365 6 is_stmt 0 view .LVU82
 454 000a 631C     		adds	r3, r4, #1
 455 000c 02D0     		beq	.L36
 366:Drivers/STM32F0xx_HAL_Driver/Src/stm32f0xx_hal.c ****   {
 367:Drivers/STM32F0xx_HAL_Driver/Src/stm32f0xx_hal.c ****     wait += (uint32_t)(uwTickFreq);
 456              		.loc 1 367 5 is_stmt 1 view .LVU83
 457              		.loc 1 367 13 is_stmt 0 view .LVU84
 458 000e 044B     		ldr	r3, .L38
 459 0010 1B78     		ldrb	r3, [r3]
 460              		.loc 1 367 10 view .LVU85
 461 0012 E418     		adds	r4, r4, r3
 462              	.LVL19:
 463              	.L36:
 368:Drivers/STM32F0xx_HAL_Driver/Src/stm32f0xx_hal.c ****   }
 369:Drivers/STM32F0xx_HAL_Driver/Src/stm32f0xx_hal.c ****   
 370:Drivers/STM32F0xx_HAL_Driver/Src/stm32f0xx_hal.c ****   while((HAL_GetTick() - tickstart) < wait)
 371:Drivers/STM32F0xx_HAL_Driver/Src/stm32f0xx_hal.c ****   {
 372:Drivers/STM32F0xx_HAL_Driver/Src/stm32f0xx_hal.c ****   }
 464              		.loc 1 372 3 is_stmt 1 discriminator 1 view .LVU86
 370:Drivers/STM32F0xx_HAL_Driver/Src/stm32f0xx_hal.c ****   {
 465              		.loc 1 370 37 discriminator 1 view .LVU87
 370:Drivers/STM32F0xx_HAL_Driver/Src/stm32f0xx_hal.c ****   {
 466              		.loc 1 370 10 is_stmt 0 discriminator 1 view .LVU88
 467 0014 FFF7FEFF 		bl	HAL_GetTick
 468              	.LVL20:
 370:Drivers/STM32F0xx_HAL_Driver/Src/stm32f0xx_hal.c ****   {
 469              		.loc 1 370 24 discriminator 1 view .LVU89
 470 0018 401B     		subs	r0, r0, r5
ARM GAS  /var/folders/zf/mkqpy7tx7p1_khjt1h6hykn40000gn/T//ccRxpYnf.s 			page 16


 370:Drivers/STM32F0xx_HAL_Driver/Src/stm32f0xx_hal.c ****   {
 471              		.loc 1 370 37 discriminator 1 view .LVU90
 472 001a A042     		cmp	r0, r4
 473 001c FAD3     		bcc	.L36
 373:Drivers/STM32F0xx_HAL_Driver/Src/stm32f0xx_hal.c **** }
 474              		.loc 1 373 1 view .LVU91
 475              		@ sp needed
 476              	.LVL21:
 477              	.LVL22:
 478              		.loc 1 373 1 view .LVU92
 479 001e 70BD     		pop	{r4, r5, r6, pc}
 480              	.L39:
 481              		.align	2
 482              	.L38:
 483 0020 00000000 		.word	.LANCHOR0
 484              		.cfi_endproc
 485              	.LFE50:
 487              		.section	.text.HAL_SuspendTick,"ax",%progbits
 488              		.align	1
 489              		.weak	HAL_SuspendTick
 490              		.syntax unified
 491              		.code	16
 492              		.thumb_func
 494              	HAL_SuspendTick:
 495              	.LFB51:
 374:Drivers/STM32F0xx_HAL_Driver/Src/stm32f0xx_hal.c **** 
 375:Drivers/STM32F0xx_HAL_Driver/Src/stm32f0xx_hal.c **** /**
 376:Drivers/STM32F0xx_HAL_Driver/Src/stm32f0xx_hal.c ****   * @brief Suspend Tick increment.
 377:Drivers/STM32F0xx_HAL_Driver/Src/stm32f0xx_hal.c ****   * @note In the default implementation , SysTick timer is the source of time base. It is
 378:Drivers/STM32F0xx_HAL_Driver/Src/stm32f0xx_hal.c ****   *       used to generate interrupts at regular time intervals. Once HAL_SuspendTick()
 379:Drivers/STM32F0xx_HAL_Driver/Src/stm32f0xx_hal.c ****   *       is called, the the SysTick interrupt will be disabled and so Tick increment 
 380:Drivers/STM32F0xx_HAL_Driver/Src/stm32f0xx_hal.c ****   *       is suspended.
 381:Drivers/STM32F0xx_HAL_Driver/Src/stm32f0xx_hal.c ****   * @note This function is declared as __weak to be overwritten in case of other
 382:Drivers/STM32F0xx_HAL_Driver/Src/stm32f0xx_hal.c ****   *       implementations in user file.
 383:Drivers/STM32F0xx_HAL_Driver/Src/stm32f0xx_hal.c ****   * @retval None
 384:Drivers/STM32F0xx_HAL_Driver/Src/stm32f0xx_hal.c ****   */
 385:Drivers/STM32F0xx_HAL_Driver/Src/stm32f0xx_hal.c **** __weak void HAL_SuspendTick(void)
 386:Drivers/STM32F0xx_HAL_Driver/Src/stm32f0xx_hal.c **** 
 387:Drivers/STM32F0xx_HAL_Driver/Src/stm32f0xx_hal.c **** {
 496              		.loc 1 387 1 is_stmt 1 view -0
 497              		.cfi_startproc
 498              		@ args = 0, pretend = 0, frame = 0
 499              		@ frame_needed = 0, uses_anonymous_args = 0
 500              		@ link register save eliminated.
 388:Drivers/STM32F0xx_HAL_Driver/Src/stm32f0xx_hal.c ****   /* Disable SysTick Interrupt */
 389:Drivers/STM32F0xx_HAL_Driver/Src/stm32f0xx_hal.c ****   CLEAR_BIT(SysTick->CTRL,SysTick_CTRL_TICKINT_Msk);
 501              		.loc 1 389 3 view .LVU94
 502 0000 024A     		ldr	r2, .L41
 503 0002 1368     		ldr	r3, [r2]
 504 0004 0221     		movs	r1, #2
 505 0006 8B43     		bics	r3, r1
 506 0008 1360     		str	r3, [r2]
 390:Drivers/STM32F0xx_HAL_Driver/Src/stm32f0xx_hal.c **** }
 507              		.loc 1 390 1 is_stmt 0 view .LVU95
 508              		@ sp needed
 509 000a 7047     		bx	lr
 510              	.L42:
ARM GAS  /var/folders/zf/mkqpy7tx7p1_khjt1h6hykn40000gn/T//ccRxpYnf.s 			page 17


 511              		.align	2
 512              	.L41:
 513 000c 10E000E0 		.word	-536813552
 514              		.cfi_endproc
 515              	.LFE51:
 517              		.section	.text.HAL_ResumeTick,"ax",%progbits
 518              		.align	1
 519              		.weak	HAL_ResumeTick
 520              		.syntax unified
 521              		.code	16
 522              		.thumb_func
 524              	HAL_ResumeTick:
 525              	.LFB52:
 391:Drivers/STM32F0xx_HAL_Driver/Src/stm32f0xx_hal.c **** 
 392:Drivers/STM32F0xx_HAL_Driver/Src/stm32f0xx_hal.c **** /**
 393:Drivers/STM32F0xx_HAL_Driver/Src/stm32f0xx_hal.c ****   * @brief Resume Tick increment.
 394:Drivers/STM32F0xx_HAL_Driver/Src/stm32f0xx_hal.c ****   * @note In the default implementation , SysTick timer is the source of time base. It is
 395:Drivers/STM32F0xx_HAL_Driver/Src/stm32f0xx_hal.c ****   *       used to generate interrupts at regular time intervals. Once HAL_ResumeTick()
 396:Drivers/STM32F0xx_HAL_Driver/Src/stm32f0xx_hal.c ****   *       is called, the the SysTick interrupt will be enabled and so Tick increment 
 397:Drivers/STM32F0xx_HAL_Driver/Src/stm32f0xx_hal.c ****   *       is resumed.
 398:Drivers/STM32F0xx_HAL_Driver/Src/stm32f0xx_hal.c ****   * @note This function is declared as __weak  to be overwritten  in case of other
 399:Drivers/STM32F0xx_HAL_Driver/Src/stm32f0xx_hal.c ****   *       implementations in user file.
 400:Drivers/STM32F0xx_HAL_Driver/Src/stm32f0xx_hal.c ****   * @retval None
 401:Drivers/STM32F0xx_HAL_Driver/Src/stm32f0xx_hal.c ****   */
 402:Drivers/STM32F0xx_HAL_Driver/Src/stm32f0xx_hal.c **** __weak void HAL_ResumeTick(void)
 403:Drivers/STM32F0xx_HAL_Driver/Src/stm32f0xx_hal.c **** {
 526              		.loc 1 403 1 is_stmt 1 view -0
 527              		.cfi_startproc
 528              		@ args = 0, pretend = 0, frame = 0
 529              		@ frame_needed = 0, uses_anonymous_args = 0
 530              		@ link register save eliminated.
 404:Drivers/STM32F0xx_HAL_Driver/Src/stm32f0xx_hal.c ****   /* Enable SysTick Interrupt */
 405:Drivers/STM32F0xx_HAL_Driver/Src/stm32f0xx_hal.c ****   SET_BIT(SysTick->CTRL,SysTick_CTRL_TICKINT_Msk);
 531              		.loc 1 405 3 view .LVU97
 532 0000 024A     		ldr	r2, .L44
 533 0002 1368     		ldr	r3, [r2]
 534 0004 0221     		movs	r1, #2
 535 0006 0B43     		orrs	r3, r1
 536 0008 1360     		str	r3, [r2]
 406:Drivers/STM32F0xx_HAL_Driver/Src/stm32f0xx_hal.c **** }
 537              		.loc 1 406 1 is_stmt 0 view .LVU98
 538              		@ sp needed
 539 000a 7047     		bx	lr
 540              	.L45:
 541              		.align	2
 542              	.L44:
 543 000c 10E000E0 		.word	-536813552
 544              		.cfi_endproc
 545              	.LFE52:
 547              		.section	.text.HAL_GetHalVersion,"ax",%progbits
 548              		.align	1
 549              		.global	HAL_GetHalVersion
 550              		.syntax unified
 551              		.code	16
 552              		.thumb_func
 554              	HAL_GetHalVersion:
 555              	.LFB53:
ARM GAS  /var/folders/zf/mkqpy7tx7p1_khjt1h6hykn40000gn/T//ccRxpYnf.s 			page 18


 407:Drivers/STM32F0xx_HAL_Driver/Src/stm32f0xx_hal.c **** 
 408:Drivers/STM32F0xx_HAL_Driver/Src/stm32f0xx_hal.c **** /**
 409:Drivers/STM32F0xx_HAL_Driver/Src/stm32f0xx_hal.c ****   * @brief  This method returns the HAL revision
 410:Drivers/STM32F0xx_HAL_Driver/Src/stm32f0xx_hal.c ****   * @retval version 0xXYZR (8bits for each decimal, R for RC)
 411:Drivers/STM32F0xx_HAL_Driver/Src/stm32f0xx_hal.c ****   */
 412:Drivers/STM32F0xx_HAL_Driver/Src/stm32f0xx_hal.c **** uint32_t HAL_GetHalVersion(void)
 413:Drivers/STM32F0xx_HAL_Driver/Src/stm32f0xx_hal.c **** {
 556              		.loc 1 413 1 is_stmt 1 view -0
 557              		.cfi_startproc
 558              		@ args = 0, pretend = 0, frame = 0
 559              		@ frame_needed = 0, uses_anonymous_args = 0
 560              		@ link register save eliminated.
 414:Drivers/STM32F0xx_HAL_Driver/Src/stm32f0xx_hal.c ****  return __STM32F0xx_HAL_VERSION;
 561              		.loc 1 414 2 view .LVU100
 415:Drivers/STM32F0xx_HAL_Driver/Src/stm32f0xx_hal.c **** }
 562              		.loc 1 415 1 is_stmt 0 view .LVU101
 563 0000 0048     		ldr	r0, .L47
 564              		@ sp needed
 565 0002 7047     		bx	lr
 566              	.L48:
 567              		.align	2
 568              	.L47:
 569 0004 00070701 		.word	17237760
 570              		.cfi_endproc
 571              	.LFE53:
 573              		.section	.text.HAL_GetREVID,"ax",%progbits
 574              		.align	1
 575              		.global	HAL_GetREVID
 576              		.syntax unified
 577              		.code	16
 578              		.thumb_func
 580              	HAL_GetREVID:
 581              	.LFB54:
 416:Drivers/STM32F0xx_HAL_Driver/Src/stm32f0xx_hal.c **** 
 417:Drivers/STM32F0xx_HAL_Driver/Src/stm32f0xx_hal.c **** /**
 418:Drivers/STM32F0xx_HAL_Driver/Src/stm32f0xx_hal.c ****   * @brief  Returns the device revision identifier.
 419:Drivers/STM32F0xx_HAL_Driver/Src/stm32f0xx_hal.c ****   * @retval Device revision identifier
 420:Drivers/STM32F0xx_HAL_Driver/Src/stm32f0xx_hal.c ****   */
 421:Drivers/STM32F0xx_HAL_Driver/Src/stm32f0xx_hal.c **** uint32_t HAL_GetREVID(void)
 422:Drivers/STM32F0xx_HAL_Driver/Src/stm32f0xx_hal.c **** {
 582              		.loc 1 422 1 is_stmt 1 view -0
 583              		.cfi_startproc
 584              		@ args = 0, pretend = 0, frame = 0
 585              		@ frame_needed = 0, uses_anonymous_args = 0
 586              		@ link register save eliminated.
 423:Drivers/STM32F0xx_HAL_Driver/Src/stm32f0xx_hal.c ****    return((DBGMCU->IDCODE) >> 16U);
 587              		.loc 1 423 4 view .LVU103
 588              		.loc 1 423 18 is_stmt 0 view .LVU104
 589 0000 014B     		ldr	r3, .L50
 590 0002 1868     		ldr	r0, [r3]
 591              		.loc 1 423 28 view .LVU105
 592 0004 000C     		lsrs	r0, r0, #16
 424:Drivers/STM32F0xx_HAL_Driver/Src/stm32f0xx_hal.c **** }
 593              		.loc 1 424 1 view .LVU106
 594              		@ sp needed
 595 0006 7047     		bx	lr
 596              	.L51:
ARM GAS  /var/folders/zf/mkqpy7tx7p1_khjt1h6hykn40000gn/T//ccRxpYnf.s 			page 19


 597              		.align	2
 598              	.L50:
 599 0008 00580140 		.word	1073829888
 600              		.cfi_endproc
 601              	.LFE54:
 603              		.section	.text.HAL_GetDEVID,"ax",%progbits
 604              		.align	1
 605              		.global	HAL_GetDEVID
 606              		.syntax unified
 607              		.code	16
 608              		.thumb_func
 610              	HAL_GetDEVID:
 611              	.LFB55:
 425:Drivers/STM32F0xx_HAL_Driver/Src/stm32f0xx_hal.c **** 
 426:Drivers/STM32F0xx_HAL_Driver/Src/stm32f0xx_hal.c **** /**
 427:Drivers/STM32F0xx_HAL_Driver/Src/stm32f0xx_hal.c ****   * @brief  Returns the device identifier.
 428:Drivers/STM32F0xx_HAL_Driver/Src/stm32f0xx_hal.c ****   * @retval Device identifier
 429:Drivers/STM32F0xx_HAL_Driver/Src/stm32f0xx_hal.c ****   */
 430:Drivers/STM32F0xx_HAL_Driver/Src/stm32f0xx_hal.c **** uint32_t HAL_GetDEVID(void)
 431:Drivers/STM32F0xx_HAL_Driver/Src/stm32f0xx_hal.c **** {
 612              		.loc 1 431 1 is_stmt 1 view -0
 613              		.cfi_startproc
 614              		@ args = 0, pretend = 0, frame = 0
 615              		@ frame_needed = 0, uses_anonymous_args = 0
 616              		@ link register save eliminated.
 432:Drivers/STM32F0xx_HAL_Driver/Src/stm32f0xx_hal.c ****    return((DBGMCU->IDCODE) & IDCODE_DEVID_MASK);
 617              		.loc 1 432 4 view .LVU108
 618              		.loc 1 432 18 is_stmt 0 view .LVU109
 619 0000 024B     		ldr	r3, .L53
 620 0002 1868     		ldr	r0, [r3]
 621              		.loc 1 432 28 view .LVU110
 622 0004 0005     		lsls	r0, r0, #20
 623 0006 000D     		lsrs	r0, r0, #20
 433:Drivers/STM32F0xx_HAL_Driver/Src/stm32f0xx_hal.c **** }
 624              		.loc 1 433 1 view .LVU111
 625              		@ sp needed
 626 0008 7047     		bx	lr
 627              	.L54:
 628 000a C046     		.align	2
 629              	.L53:
 630 000c 00580140 		.word	1073829888
 631              		.cfi_endproc
 632              	.LFE55:
 634              		.section	.text.HAL_GetUIDw0,"ax",%progbits
 635              		.align	1
 636              		.global	HAL_GetUIDw0
 637              		.syntax unified
 638              		.code	16
 639              		.thumb_func
 641              	HAL_GetUIDw0:
 642              	.LFB56:
 434:Drivers/STM32F0xx_HAL_Driver/Src/stm32f0xx_hal.c **** 
 435:Drivers/STM32F0xx_HAL_Driver/Src/stm32f0xx_hal.c **** /**
 436:Drivers/STM32F0xx_HAL_Driver/Src/stm32f0xx_hal.c ****   * @brief  Returns first word of the unique device identifier (UID based on 96 bits)
 437:Drivers/STM32F0xx_HAL_Driver/Src/stm32f0xx_hal.c ****   * @retval Device identifier
 438:Drivers/STM32F0xx_HAL_Driver/Src/stm32f0xx_hal.c ****   */
 439:Drivers/STM32F0xx_HAL_Driver/Src/stm32f0xx_hal.c **** uint32_t HAL_GetUIDw0(void)
ARM GAS  /var/folders/zf/mkqpy7tx7p1_khjt1h6hykn40000gn/T//ccRxpYnf.s 			page 20


 440:Drivers/STM32F0xx_HAL_Driver/Src/stm32f0xx_hal.c **** {
 643              		.loc 1 440 1 is_stmt 1 view -0
 644              		.cfi_startproc
 645              		@ args = 0, pretend = 0, frame = 0
 646              		@ frame_needed = 0, uses_anonymous_args = 0
 647              		@ link register save eliminated.
 441:Drivers/STM32F0xx_HAL_Driver/Src/stm32f0xx_hal.c ****    return(READ_REG(*((uint32_t *)UID_BASE)));
 648              		.loc 1 441 4 view .LVU113
 649              		.loc 1 441 11 is_stmt 0 view .LVU114
 650 0000 014B     		ldr	r3, .L56
 651 0002 1868     		ldr	r0, [r3]
 442:Drivers/STM32F0xx_HAL_Driver/Src/stm32f0xx_hal.c **** }
 652              		.loc 1 442 1 view .LVU115
 653              		@ sp needed
 654 0004 7047     		bx	lr
 655              	.L57:
 656 0006 C046     		.align	2
 657              	.L56:
 658 0008 ACF7FF1F 		.word	536868780
 659              		.cfi_endproc
 660              	.LFE56:
 662              		.section	.text.HAL_GetUIDw1,"ax",%progbits
 663              		.align	1
 664              		.global	HAL_GetUIDw1
 665              		.syntax unified
 666              		.code	16
 667              		.thumb_func
 669              	HAL_GetUIDw1:
 670              	.LFB57:
 443:Drivers/STM32F0xx_HAL_Driver/Src/stm32f0xx_hal.c **** 
 444:Drivers/STM32F0xx_HAL_Driver/Src/stm32f0xx_hal.c **** /**
 445:Drivers/STM32F0xx_HAL_Driver/Src/stm32f0xx_hal.c ****   * @brief  Returns second word of the unique device identifier (UID based on 96 bits)
 446:Drivers/STM32F0xx_HAL_Driver/Src/stm32f0xx_hal.c ****   * @retval Device identifier
 447:Drivers/STM32F0xx_HAL_Driver/Src/stm32f0xx_hal.c ****   */
 448:Drivers/STM32F0xx_HAL_Driver/Src/stm32f0xx_hal.c **** uint32_t HAL_GetUIDw1(void)
 449:Drivers/STM32F0xx_HAL_Driver/Src/stm32f0xx_hal.c **** {
 671              		.loc 1 449 1 is_stmt 1 view -0
 672              		.cfi_startproc
 673              		@ args = 0, pretend = 0, frame = 0
 674              		@ frame_needed = 0, uses_anonymous_args = 0
 675              		@ link register save eliminated.
 450:Drivers/STM32F0xx_HAL_Driver/Src/stm32f0xx_hal.c ****    return(READ_REG(*((uint32_t *)(UID_BASE + 4U))));
 676              		.loc 1 450 4 view .LVU117
 677              		.loc 1 450 11 is_stmt 0 view .LVU118
 678 0000 014B     		ldr	r3, .L59
 679 0002 1868     		ldr	r0, [r3]
 451:Drivers/STM32F0xx_HAL_Driver/Src/stm32f0xx_hal.c **** }
 680              		.loc 1 451 1 view .LVU119
 681              		@ sp needed
 682 0004 7047     		bx	lr
 683              	.L60:
 684 0006 C046     		.align	2
 685              	.L59:
 686 0008 B0F7FF1F 		.word	536868784
 687              		.cfi_endproc
 688              	.LFE57:
 690              		.section	.text.HAL_GetUIDw2,"ax",%progbits
ARM GAS  /var/folders/zf/mkqpy7tx7p1_khjt1h6hykn40000gn/T//ccRxpYnf.s 			page 21


 691              		.align	1
 692              		.global	HAL_GetUIDw2
 693              		.syntax unified
 694              		.code	16
 695              		.thumb_func
 697              	HAL_GetUIDw2:
 698              	.LFB58:
 452:Drivers/STM32F0xx_HAL_Driver/Src/stm32f0xx_hal.c **** 
 453:Drivers/STM32F0xx_HAL_Driver/Src/stm32f0xx_hal.c **** /**
 454:Drivers/STM32F0xx_HAL_Driver/Src/stm32f0xx_hal.c ****   * @brief  Returns third word of the unique device identifier (UID based on 96 bits)
 455:Drivers/STM32F0xx_HAL_Driver/Src/stm32f0xx_hal.c ****   * @retval Device identifier
 456:Drivers/STM32F0xx_HAL_Driver/Src/stm32f0xx_hal.c ****   */
 457:Drivers/STM32F0xx_HAL_Driver/Src/stm32f0xx_hal.c **** uint32_t HAL_GetUIDw2(void)
 458:Drivers/STM32F0xx_HAL_Driver/Src/stm32f0xx_hal.c **** {
 699              		.loc 1 458 1 is_stmt 1 view -0
 700              		.cfi_startproc
 701              		@ args = 0, pretend = 0, frame = 0
 702              		@ frame_needed = 0, uses_anonymous_args = 0
 703              		@ link register save eliminated.
 459:Drivers/STM32F0xx_HAL_Driver/Src/stm32f0xx_hal.c ****    return(READ_REG(*((uint32_t *)(UID_BASE + 8U))));
 704              		.loc 1 459 4 view .LVU121
 705              		.loc 1 459 11 is_stmt 0 view .LVU122
 706 0000 014B     		ldr	r3, .L62
 707 0002 1868     		ldr	r0, [r3]
 460:Drivers/STM32F0xx_HAL_Driver/Src/stm32f0xx_hal.c **** }
 708              		.loc 1 460 1 view .LVU123
 709              		@ sp needed
 710 0004 7047     		bx	lr
 711              	.L63:
 712 0006 C046     		.align	2
 713              	.L62:
 714 0008 B4F7FF1F 		.word	536868788
 715              		.cfi_endproc
 716              	.LFE58:
 718              		.section	.text.HAL_DBGMCU_EnableDBGStopMode,"ax",%progbits
 719              		.align	1
 720              		.global	HAL_DBGMCU_EnableDBGStopMode
 721              		.syntax unified
 722              		.code	16
 723              		.thumb_func
 725              	HAL_DBGMCU_EnableDBGStopMode:
 726              	.LFB59:
 461:Drivers/STM32F0xx_HAL_Driver/Src/stm32f0xx_hal.c **** 
 462:Drivers/STM32F0xx_HAL_Driver/Src/stm32f0xx_hal.c **** /**
 463:Drivers/STM32F0xx_HAL_Driver/Src/stm32f0xx_hal.c ****   * @brief  Enable the Debug Module during STOP mode
 464:Drivers/STM32F0xx_HAL_Driver/Src/stm32f0xx_hal.c ****   * @retval None
 465:Drivers/STM32F0xx_HAL_Driver/Src/stm32f0xx_hal.c ****   */
 466:Drivers/STM32F0xx_HAL_Driver/Src/stm32f0xx_hal.c **** void HAL_DBGMCU_EnableDBGStopMode(void)
 467:Drivers/STM32F0xx_HAL_Driver/Src/stm32f0xx_hal.c **** {
 727              		.loc 1 467 1 is_stmt 1 view -0
 728              		.cfi_startproc
 729              		@ args = 0, pretend = 0, frame = 0
 730              		@ frame_needed = 0, uses_anonymous_args = 0
 731              		@ link register save eliminated.
 468:Drivers/STM32F0xx_HAL_Driver/Src/stm32f0xx_hal.c ****   SET_BIT(DBGMCU->CR, DBGMCU_CR_DBG_STOP);
 732              		.loc 1 468 3 view .LVU125
 733 0000 024A     		ldr	r2, .L65
ARM GAS  /var/folders/zf/mkqpy7tx7p1_khjt1h6hykn40000gn/T//ccRxpYnf.s 			page 22


 734 0002 5368     		ldr	r3, [r2, #4]
 735 0004 0221     		movs	r1, #2
 736 0006 0B43     		orrs	r3, r1
 737 0008 5360     		str	r3, [r2, #4]
 469:Drivers/STM32F0xx_HAL_Driver/Src/stm32f0xx_hal.c **** }
 738              		.loc 1 469 1 is_stmt 0 view .LVU126
 739              		@ sp needed
 740 000a 7047     		bx	lr
 741              	.L66:
 742              		.align	2
 743              	.L65:
 744 000c 00580140 		.word	1073829888
 745              		.cfi_endproc
 746              	.LFE59:
 748              		.section	.text.HAL_DBGMCU_DisableDBGStopMode,"ax",%progbits
 749              		.align	1
 750              		.global	HAL_DBGMCU_DisableDBGStopMode
 751              		.syntax unified
 752              		.code	16
 753              		.thumb_func
 755              	HAL_DBGMCU_DisableDBGStopMode:
 756              	.LFB60:
 470:Drivers/STM32F0xx_HAL_Driver/Src/stm32f0xx_hal.c **** 
 471:Drivers/STM32F0xx_HAL_Driver/Src/stm32f0xx_hal.c **** /**
 472:Drivers/STM32F0xx_HAL_Driver/Src/stm32f0xx_hal.c ****   * @brief  Disable the Debug Module during STOP mode
 473:Drivers/STM32F0xx_HAL_Driver/Src/stm32f0xx_hal.c ****   * @retval None
 474:Drivers/STM32F0xx_HAL_Driver/Src/stm32f0xx_hal.c ****   */
 475:Drivers/STM32F0xx_HAL_Driver/Src/stm32f0xx_hal.c **** void HAL_DBGMCU_DisableDBGStopMode(void)
 476:Drivers/STM32F0xx_HAL_Driver/Src/stm32f0xx_hal.c **** {
 757              		.loc 1 476 1 is_stmt 1 view -0
 758              		.cfi_startproc
 759              		@ args = 0, pretend = 0, frame = 0
 760              		@ frame_needed = 0, uses_anonymous_args = 0
 761              		@ link register save eliminated.
 477:Drivers/STM32F0xx_HAL_Driver/Src/stm32f0xx_hal.c ****   CLEAR_BIT(DBGMCU->CR, DBGMCU_CR_DBG_STOP);
 762              		.loc 1 477 3 view .LVU128
 763 0000 024A     		ldr	r2, .L68
 764 0002 5368     		ldr	r3, [r2, #4]
 765 0004 0221     		movs	r1, #2
 766 0006 8B43     		bics	r3, r1
 767 0008 5360     		str	r3, [r2, #4]
 478:Drivers/STM32F0xx_HAL_Driver/Src/stm32f0xx_hal.c **** }
 768              		.loc 1 478 1 is_stmt 0 view .LVU129
 769              		@ sp needed
 770 000a 7047     		bx	lr
 771              	.L69:
 772              		.align	2
 773              	.L68:
 774 000c 00580140 		.word	1073829888
 775              		.cfi_endproc
 776              	.LFE60:
 778              		.section	.text.HAL_DBGMCU_EnableDBGStandbyMode,"ax",%progbits
 779              		.align	1
 780              		.global	HAL_DBGMCU_EnableDBGStandbyMode
 781              		.syntax unified
 782              		.code	16
 783              		.thumb_func
ARM GAS  /var/folders/zf/mkqpy7tx7p1_khjt1h6hykn40000gn/T//ccRxpYnf.s 			page 23


 785              	HAL_DBGMCU_EnableDBGStandbyMode:
 786              	.LFB61:
 479:Drivers/STM32F0xx_HAL_Driver/Src/stm32f0xx_hal.c **** 
 480:Drivers/STM32F0xx_HAL_Driver/Src/stm32f0xx_hal.c **** /**
 481:Drivers/STM32F0xx_HAL_Driver/Src/stm32f0xx_hal.c ****   * @brief  Enable the Debug Module during STANDBY mode
 482:Drivers/STM32F0xx_HAL_Driver/Src/stm32f0xx_hal.c ****   * @retval None
 483:Drivers/STM32F0xx_HAL_Driver/Src/stm32f0xx_hal.c ****   */
 484:Drivers/STM32F0xx_HAL_Driver/Src/stm32f0xx_hal.c **** void HAL_DBGMCU_EnableDBGStandbyMode(void)
 485:Drivers/STM32F0xx_HAL_Driver/Src/stm32f0xx_hal.c **** {
 787              		.loc 1 485 1 is_stmt 1 view -0
 788              		.cfi_startproc
 789              		@ args = 0, pretend = 0, frame = 0
 790              		@ frame_needed = 0, uses_anonymous_args = 0
 791              		@ link register save eliminated.
 486:Drivers/STM32F0xx_HAL_Driver/Src/stm32f0xx_hal.c ****   SET_BIT(DBGMCU->CR, DBGMCU_CR_DBG_STANDBY);
 792              		.loc 1 486 3 view .LVU131
 793 0000 024A     		ldr	r2, .L71
 794 0002 5368     		ldr	r3, [r2, #4]
 795 0004 0421     		movs	r1, #4
 796 0006 0B43     		orrs	r3, r1
 797 0008 5360     		str	r3, [r2, #4]
 487:Drivers/STM32F0xx_HAL_Driver/Src/stm32f0xx_hal.c **** }
 798              		.loc 1 487 1 is_stmt 0 view .LVU132
 799              		@ sp needed
 800 000a 7047     		bx	lr
 801              	.L72:
 802              		.align	2
 803              	.L71:
 804 000c 00580140 		.word	1073829888
 805              		.cfi_endproc
 806              	.LFE61:
 808              		.section	.text.HAL_DBGMCU_DisableDBGStandbyMode,"ax",%progbits
 809              		.align	1
 810              		.global	HAL_DBGMCU_DisableDBGStandbyMode
 811              		.syntax unified
 812              		.code	16
 813              		.thumb_func
 815              	HAL_DBGMCU_DisableDBGStandbyMode:
 816              	.LFB62:
 488:Drivers/STM32F0xx_HAL_Driver/Src/stm32f0xx_hal.c **** 
 489:Drivers/STM32F0xx_HAL_Driver/Src/stm32f0xx_hal.c **** /**
 490:Drivers/STM32F0xx_HAL_Driver/Src/stm32f0xx_hal.c ****   * @brief  Disable the Debug Module during STANDBY mode
 491:Drivers/STM32F0xx_HAL_Driver/Src/stm32f0xx_hal.c ****   * @retval None
 492:Drivers/STM32F0xx_HAL_Driver/Src/stm32f0xx_hal.c ****   */
 493:Drivers/STM32F0xx_HAL_Driver/Src/stm32f0xx_hal.c **** void HAL_DBGMCU_DisableDBGStandbyMode(void)
 494:Drivers/STM32F0xx_HAL_Driver/Src/stm32f0xx_hal.c **** {
 817              		.loc 1 494 1 is_stmt 1 view -0
 818              		.cfi_startproc
 819              		@ args = 0, pretend = 0, frame = 0
 820              		@ frame_needed = 0, uses_anonymous_args = 0
 821              		@ link register save eliminated.
 495:Drivers/STM32F0xx_HAL_Driver/Src/stm32f0xx_hal.c ****   CLEAR_BIT(DBGMCU->CR, DBGMCU_CR_DBG_STANDBY);
 822              		.loc 1 495 3 view .LVU134
 823 0000 024A     		ldr	r2, .L74
 824 0002 5368     		ldr	r3, [r2, #4]
 825 0004 0421     		movs	r1, #4
 826 0006 8B43     		bics	r3, r1
ARM GAS  /var/folders/zf/mkqpy7tx7p1_khjt1h6hykn40000gn/T//ccRxpYnf.s 			page 24


 827 0008 5360     		str	r3, [r2, #4]
 496:Drivers/STM32F0xx_HAL_Driver/Src/stm32f0xx_hal.c **** }
 828              		.loc 1 496 1 is_stmt 0 view .LVU135
 829              		@ sp needed
 830 000a 7047     		bx	lr
 831              	.L75:
 832              		.align	2
 833              	.L74:
 834 000c 00580140 		.word	1073829888
 835              		.cfi_endproc
 836              	.LFE62:
 838              		.global	uwTickFreq
 839              		.global	uwTickPrio
 840              		.global	uwTick
 841              		.section	.bss.uwTick,"aw",%nobits
 842              		.align	2
 843              		.set	.LANCHOR2,. + 0
 846              	uwTick:
 847 0000 00000000 		.space	4
 848              		.section	.data.uwTickFreq,"aw"
 849              		.set	.LANCHOR0,. + 0
 852              	uwTickFreq:
 853 0000 01       		.byte	1
 854              		.section	.data.uwTickPrio,"aw"
 855              		.align	2
 856              		.set	.LANCHOR1,. + 0
 859              	uwTickPrio:
 860 0000 04000000 		.word	4
 861              		.text
 862              	.Letext0:
 863              		.file 2 "Drivers/CMSIS/Device/ST/STM32F0xx/Include/stm32f051x8.h"
 864              		.file 3 "/Applications/STM32CubeIDE.app/Contents/Eclipse/plugins/com.st.stm32cube.ide.mcu.external
 865              		.file 4 "/Applications/STM32CubeIDE.app/Contents/Eclipse/plugins/com.st.stm32cube.ide.mcu.external
 866              		.file 5 "Drivers/CMSIS/Include/core_cm0.h"
 867              		.file 6 "Drivers/STM32F0xx_HAL_Driver/Inc/stm32f0xx_hal_def.h"
 868              		.file 7 "Drivers/STM32F0xx_HAL_Driver/Inc/stm32f0xx_hal.h"
 869              		.file 8 "Drivers/CMSIS/Device/ST/STM32F0xx/Include/system_stm32f0xx.h"
 870              		.file 9 "Drivers/STM32F0xx_HAL_Driver/Inc/stm32f0xx_hal_cortex.h"
ARM GAS  /var/folders/zf/mkqpy7tx7p1_khjt1h6hykn40000gn/T//ccRxpYnf.s 			page 25


DEFINED SYMBOLS
                            *ABS*:0000000000000000 stm32f0xx_hal.c
/var/folders/zf/mkqpy7tx7p1_khjt1h6hykn40000gn/T//ccRxpYnf.s:18     .text.HAL_MspInit:0000000000000000 $t
/var/folders/zf/mkqpy7tx7p1_khjt1h6hykn40000gn/T//ccRxpYnf.s:24     .text.HAL_MspInit:0000000000000000 HAL_MspInit
/var/folders/zf/mkqpy7tx7p1_khjt1h6hykn40000gn/T//ccRxpYnf.s:39     .text.HAL_MspDeInit:0000000000000000 $t
/var/folders/zf/mkqpy7tx7p1_khjt1h6hykn40000gn/T//ccRxpYnf.s:45     .text.HAL_MspDeInit:0000000000000000 HAL_MspDeInit
/var/folders/zf/mkqpy7tx7p1_khjt1h6hykn40000gn/T//ccRxpYnf.s:59     .text.HAL_DeInit:0000000000000000 $t
/var/folders/zf/mkqpy7tx7p1_khjt1h6hykn40000gn/T//ccRxpYnf.s:65     .text.HAL_DeInit:0000000000000000 HAL_DeInit
/var/folders/zf/mkqpy7tx7p1_khjt1h6hykn40000gn/T//ccRxpYnf.s:103    .text.HAL_DeInit:0000000000000020 $d
/var/folders/zf/mkqpy7tx7p1_khjt1h6hykn40000gn/T//ccRxpYnf.s:109    .text.HAL_InitTick:0000000000000000 $t
/var/folders/zf/mkqpy7tx7p1_khjt1h6hykn40000gn/T//ccRxpYnf.s:115    .text.HAL_InitTick:0000000000000000 HAL_InitTick
/var/folders/zf/mkqpy7tx7p1_khjt1h6hykn40000gn/T//ccRxpYnf.s:185    .text.HAL_InitTick:0000000000000044 $d
/var/folders/zf/mkqpy7tx7p1_khjt1h6hykn40000gn/T//ccRxpYnf.s:192    .text.HAL_Init:0000000000000000 $t
/var/folders/zf/mkqpy7tx7p1_khjt1h6hykn40000gn/T//ccRxpYnf.s:198    .text.HAL_Init:0000000000000000 HAL_Init
/var/folders/zf/mkqpy7tx7p1_khjt1h6hykn40000gn/T//ccRxpYnf.s:230    .text.HAL_Init:000000000000001c $d
/var/folders/zf/mkqpy7tx7p1_khjt1h6hykn40000gn/T//ccRxpYnf.s:235    .text.HAL_IncTick:0000000000000000 $t
/var/folders/zf/mkqpy7tx7p1_khjt1h6hykn40000gn/T//ccRxpYnf.s:241    .text.HAL_IncTick:0000000000000000 HAL_IncTick
/var/folders/zf/mkqpy7tx7p1_khjt1h6hykn40000gn/T//ccRxpYnf.s:262    .text.HAL_IncTick:0000000000000010 $d
/var/folders/zf/mkqpy7tx7p1_khjt1h6hykn40000gn/T//ccRxpYnf.s:268    .text.HAL_GetTick:0000000000000000 $t
/var/folders/zf/mkqpy7tx7p1_khjt1h6hykn40000gn/T//ccRxpYnf.s:274    .text.HAL_GetTick:0000000000000000 HAL_GetTick
/var/folders/zf/mkqpy7tx7p1_khjt1h6hykn40000gn/T//ccRxpYnf.s:291    .text.HAL_GetTick:0000000000000008 $d
/var/folders/zf/mkqpy7tx7p1_khjt1h6hykn40000gn/T//ccRxpYnf.s:296    .text.HAL_GetTickPrio:0000000000000000 $t
/var/folders/zf/mkqpy7tx7p1_khjt1h6hykn40000gn/T//ccRxpYnf.s:302    .text.HAL_GetTickPrio:0000000000000000 HAL_GetTickPrio
/var/folders/zf/mkqpy7tx7p1_khjt1h6hykn40000gn/T//ccRxpYnf.s:319    .text.HAL_GetTickPrio:0000000000000008 $d
/var/folders/zf/mkqpy7tx7p1_khjt1h6hykn40000gn/T//ccRxpYnf.s:324    .text.HAL_SetTickFreq:0000000000000000 $t
/var/folders/zf/mkqpy7tx7p1_khjt1h6hykn40000gn/T//ccRxpYnf.s:330    .text.HAL_SetTickFreq:0000000000000000 HAL_SetTickFreq
/var/folders/zf/mkqpy7tx7p1_khjt1h6hykn40000gn/T//ccRxpYnf.s:388    .text.HAL_SetTickFreq:0000000000000024 $d
/var/folders/zf/mkqpy7tx7p1_khjt1h6hykn40000gn/T//ccRxpYnf.s:394    .text.HAL_GetTickFreq:0000000000000000 $t
/var/folders/zf/mkqpy7tx7p1_khjt1h6hykn40000gn/T//ccRxpYnf.s:400    .text.HAL_GetTickFreq:0000000000000000 HAL_GetTickFreq
/var/folders/zf/mkqpy7tx7p1_khjt1h6hykn40000gn/T//ccRxpYnf.s:417    .text.HAL_GetTickFreq:0000000000000008 $d
/var/folders/zf/mkqpy7tx7p1_khjt1h6hykn40000gn/T//ccRxpYnf.s:422    .text.HAL_Delay:0000000000000000 $t
/var/folders/zf/mkqpy7tx7p1_khjt1h6hykn40000gn/T//ccRxpYnf.s:428    .text.HAL_Delay:0000000000000000 HAL_Delay
/var/folders/zf/mkqpy7tx7p1_khjt1h6hykn40000gn/T//ccRxpYnf.s:483    .text.HAL_Delay:0000000000000020 $d
/var/folders/zf/mkqpy7tx7p1_khjt1h6hykn40000gn/T//ccRxpYnf.s:488    .text.HAL_SuspendTick:0000000000000000 $t
/var/folders/zf/mkqpy7tx7p1_khjt1h6hykn40000gn/T//ccRxpYnf.s:494    .text.HAL_SuspendTick:0000000000000000 HAL_SuspendTick
/var/folders/zf/mkqpy7tx7p1_khjt1h6hykn40000gn/T//ccRxpYnf.s:513    .text.HAL_SuspendTick:000000000000000c $d
/var/folders/zf/mkqpy7tx7p1_khjt1h6hykn40000gn/T//ccRxpYnf.s:518    .text.HAL_ResumeTick:0000000000000000 $t
/var/folders/zf/mkqpy7tx7p1_khjt1h6hykn40000gn/T//ccRxpYnf.s:524    .text.HAL_ResumeTick:0000000000000000 HAL_ResumeTick
/var/folders/zf/mkqpy7tx7p1_khjt1h6hykn40000gn/T//ccRxpYnf.s:543    .text.HAL_ResumeTick:000000000000000c $d
/var/folders/zf/mkqpy7tx7p1_khjt1h6hykn40000gn/T//ccRxpYnf.s:548    .text.HAL_GetHalVersion:0000000000000000 $t
/var/folders/zf/mkqpy7tx7p1_khjt1h6hykn40000gn/T//ccRxpYnf.s:554    .text.HAL_GetHalVersion:0000000000000000 HAL_GetHalVersion
/var/folders/zf/mkqpy7tx7p1_khjt1h6hykn40000gn/T//ccRxpYnf.s:569    .text.HAL_GetHalVersion:0000000000000004 $d
/var/folders/zf/mkqpy7tx7p1_khjt1h6hykn40000gn/T//ccRxpYnf.s:574    .text.HAL_GetREVID:0000000000000000 $t
/var/folders/zf/mkqpy7tx7p1_khjt1h6hykn40000gn/T//ccRxpYnf.s:580    .text.HAL_GetREVID:0000000000000000 HAL_GetREVID
/var/folders/zf/mkqpy7tx7p1_khjt1h6hykn40000gn/T//ccRxpYnf.s:599    .text.HAL_GetREVID:0000000000000008 $d
/var/folders/zf/mkqpy7tx7p1_khjt1h6hykn40000gn/T//ccRxpYnf.s:604    .text.HAL_GetDEVID:0000000000000000 $t
/var/folders/zf/mkqpy7tx7p1_khjt1h6hykn40000gn/T//ccRxpYnf.s:610    .text.HAL_GetDEVID:0000000000000000 HAL_GetDEVID
/var/folders/zf/mkqpy7tx7p1_khjt1h6hykn40000gn/T//ccRxpYnf.s:630    .text.HAL_GetDEVID:000000000000000c $d
/var/folders/zf/mkqpy7tx7p1_khjt1h6hykn40000gn/T//ccRxpYnf.s:635    .text.HAL_GetUIDw0:0000000000000000 $t
/var/folders/zf/mkqpy7tx7p1_khjt1h6hykn40000gn/T//ccRxpYnf.s:641    .text.HAL_GetUIDw0:0000000000000000 HAL_GetUIDw0
/var/folders/zf/mkqpy7tx7p1_khjt1h6hykn40000gn/T//ccRxpYnf.s:658    .text.HAL_GetUIDw0:0000000000000008 $d
/var/folders/zf/mkqpy7tx7p1_khjt1h6hykn40000gn/T//ccRxpYnf.s:663    .text.HAL_GetUIDw1:0000000000000000 $t
/var/folders/zf/mkqpy7tx7p1_khjt1h6hykn40000gn/T//ccRxpYnf.s:669    .text.HAL_GetUIDw1:0000000000000000 HAL_GetUIDw1
/var/folders/zf/mkqpy7tx7p1_khjt1h6hykn40000gn/T//ccRxpYnf.s:686    .text.HAL_GetUIDw1:0000000000000008 $d
/var/folders/zf/mkqpy7tx7p1_khjt1h6hykn40000gn/T//ccRxpYnf.s:691    .text.HAL_GetUIDw2:0000000000000000 $t
/var/folders/zf/mkqpy7tx7p1_khjt1h6hykn40000gn/T//ccRxpYnf.s:697    .text.HAL_GetUIDw2:0000000000000000 HAL_GetUIDw2
/var/folders/zf/mkqpy7tx7p1_khjt1h6hykn40000gn/T//ccRxpYnf.s:714    .text.HAL_GetUIDw2:0000000000000008 $d
ARM GAS  /var/folders/zf/mkqpy7tx7p1_khjt1h6hykn40000gn/T//ccRxpYnf.s 			page 26


/var/folders/zf/mkqpy7tx7p1_khjt1h6hykn40000gn/T//ccRxpYnf.s:719    .text.HAL_DBGMCU_EnableDBGStopMode:0000000000000000 $t
/var/folders/zf/mkqpy7tx7p1_khjt1h6hykn40000gn/T//ccRxpYnf.s:725    .text.HAL_DBGMCU_EnableDBGStopMode:0000000000000000 HAL_DBGMCU_EnableDBGStopMode
/var/folders/zf/mkqpy7tx7p1_khjt1h6hykn40000gn/T//ccRxpYnf.s:744    .text.HAL_DBGMCU_EnableDBGStopMode:000000000000000c $d
/var/folders/zf/mkqpy7tx7p1_khjt1h6hykn40000gn/T//ccRxpYnf.s:749    .text.HAL_DBGMCU_DisableDBGStopMode:0000000000000000 $t
/var/folders/zf/mkqpy7tx7p1_khjt1h6hykn40000gn/T//ccRxpYnf.s:755    .text.HAL_DBGMCU_DisableDBGStopMode:0000000000000000 HAL_DBGMCU_DisableDBGStopMode
/var/folders/zf/mkqpy7tx7p1_khjt1h6hykn40000gn/T//ccRxpYnf.s:774    .text.HAL_DBGMCU_DisableDBGStopMode:000000000000000c $d
/var/folders/zf/mkqpy7tx7p1_khjt1h6hykn40000gn/T//ccRxpYnf.s:779    .text.HAL_DBGMCU_EnableDBGStandbyMode:0000000000000000 $t
/var/folders/zf/mkqpy7tx7p1_khjt1h6hykn40000gn/T//ccRxpYnf.s:785    .text.HAL_DBGMCU_EnableDBGStandbyMode:0000000000000000 HAL_DBGMCU_EnableDBGStandbyMode
/var/folders/zf/mkqpy7tx7p1_khjt1h6hykn40000gn/T//ccRxpYnf.s:804    .text.HAL_DBGMCU_EnableDBGStandbyMode:000000000000000c $d
/var/folders/zf/mkqpy7tx7p1_khjt1h6hykn40000gn/T//ccRxpYnf.s:809    .text.HAL_DBGMCU_DisableDBGStandbyMode:0000000000000000 $t
/var/folders/zf/mkqpy7tx7p1_khjt1h6hykn40000gn/T//ccRxpYnf.s:815    .text.HAL_DBGMCU_DisableDBGStandbyMode:0000000000000000 HAL_DBGMCU_DisableDBGStandbyMode
/var/folders/zf/mkqpy7tx7p1_khjt1h6hykn40000gn/T//ccRxpYnf.s:834    .text.HAL_DBGMCU_DisableDBGStandbyMode:000000000000000c $d
/var/folders/zf/mkqpy7tx7p1_khjt1h6hykn40000gn/T//ccRxpYnf.s:852    .data.uwTickFreq:0000000000000000 uwTickFreq
/var/folders/zf/mkqpy7tx7p1_khjt1h6hykn40000gn/T//ccRxpYnf.s:859    .data.uwTickPrio:0000000000000000 uwTickPrio
/var/folders/zf/mkqpy7tx7p1_khjt1h6hykn40000gn/T//ccRxpYnf.s:846    .bss.uwTick:0000000000000000 uwTick
/var/folders/zf/mkqpy7tx7p1_khjt1h6hykn40000gn/T//ccRxpYnf.s:842    .bss.uwTick:0000000000000000 $d
/var/folders/zf/mkqpy7tx7p1_khjt1h6hykn40000gn/T//ccRxpYnf.s:855    .data.uwTickPrio:0000000000000000 $d

UNDEFINED SYMBOLS
__aeabi_uidiv
HAL_SYSTICK_Config
HAL_NVIC_SetPriority
SystemCoreClock
