ARM GAS  /var/folders/zf/mkqpy7tx7p1_khjt1h6hykn40000gn/T//cc0JHJ7B.s 			page 1


   1              		.cpu cortex-m0
   2              		.arch armv6s-m
   3              		.fpu softvfp
   4              		.eabi_attribute 20, 1
   5              		.eabi_attribute 21, 1
   6              		.eabi_attribute 23, 3
   7              		.eabi_attribute 24, 1
   8              		.eabi_attribute 25, 1
   9              		.eabi_attribute 26, 1
  10              		.eabi_attribute 30, 1
  11              		.eabi_attribute 34, 0
  12              		.eabi_attribute 18, 4
  13              		.file	"stm32f0xx_hal_msp.c"
  14              		.text
  15              	.Ltext0:
  16              		.cfi_sections	.debug_frame
  17              		.file 1 "Core/Src/stm32f0xx_hal_msp.c"
  18              		.section	.text.HAL_MspInit,"ax",%progbits
  19              		.align	1
  20              		.global	HAL_MspInit
  21              		.syntax unified
  22              		.code	16
  23              		.thumb_func
  25              	HAL_MspInit:
  26              	.LFB343:
   1:Core/Src/stm32f0xx_hal_msp.c **** /* USER CODE BEGIN Header */
   2:Core/Src/stm32f0xx_hal_msp.c **** /**
   3:Core/Src/stm32f0xx_hal_msp.c ****   ******************************************************************************
   4:Core/Src/stm32f0xx_hal_msp.c ****   * @file         stm32f0xx_hal_msp.c
   5:Core/Src/stm32f0xx_hal_msp.c ****   * @brief        This file provides code for the MSP Initialization
   6:Core/Src/stm32f0xx_hal_msp.c ****   *               and de-Initialization codes.
   7:Core/Src/stm32f0xx_hal_msp.c ****   ******************************************************************************
   8:Core/Src/stm32f0xx_hal_msp.c ****   * @attention
   9:Core/Src/stm32f0xx_hal_msp.c ****   *
  10:Core/Src/stm32f0xx_hal_msp.c ****   * Copyright (c) 2023 STMicroelectronics.
  11:Core/Src/stm32f0xx_hal_msp.c ****   * All rights reserved.
  12:Core/Src/stm32f0xx_hal_msp.c ****   *
  13:Core/Src/stm32f0xx_hal_msp.c ****   * This software is licensed under terms that can be found in the LICENSE file
  14:Core/Src/stm32f0xx_hal_msp.c ****   * in the root directory of this software component.
  15:Core/Src/stm32f0xx_hal_msp.c ****   * If no LICENSE file comes with this software, it is provided AS-IS.
  16:Core/Src/stm32f0xx_hal_msp.c ****   *
  17:Core/Src/stm32f0xx_hal_msp.c ****   ******************************************************************************
  18:Core/Src/stm32f0xx_hal_msp.c ****   */
  19:Core/Src/stm32f0xx_hal_msp.c **** /* USER CODE END Header */
  20:Core/Src/stm32f0xx_hal_msp.c **** 
  21:Core/Src/stm32f0xx_hal_msp.c **** /* Includes ------------------------------------------------------------------*/
  22:Core/Src/stm32f0xx_hal_msp.c **** #include "main.h"
  23:Core/Src/stm32f0xx_hal_msp.c **** /* USER CODE BEGIN Includes */
  24:Core/Src/stm32f0xx_hal_msp.c **** 
  25:Core/Src/stm32f0xx_hal_msp.c **** /* USER CODE END Includes */
  26:Core/Src/stm32f0xx_hal_msp.c **** 
  27:Core/Src/stm32f0xx_hal_msp.c **** /* Private typedef -----------------------------------------------------------*/
  28:Core/Src/stm32f0xx_hal_msp.c **** /* USER CODE BEGIN TD */
  29:Core/Src/stm32f0xx_hal_msp.c **** 
  30:Core/Src/stm32f0xx_hal_msp.c **** /* USER CODE END TD */
  31:Core/Src/stm32f0xx_hal_msp.c **** 
  32:Core/Src/stm32f0xx_hal_msp.c **** /* Private define ------------------------------------------------------------*/
ARM GAS  /var/folders/zf/mkqpy7tx7p1_khjt1h6hykn40000gn/T//cc0JHJ7B.s 			page 2


  33:Core/Src/stm32f0xx_hal_msp.c **** /* USER CODE BEGIN Define */
  34:Core/Src/stm32f0xx_hal_msp.c **** 
  35:Core/Src/stm32f0xx_hal_msp.c **** /* USER CODE END Define */
  36:Core/Src/stm32f0xx_hal_msp.c **** 
  37:Core/Src/stm32f0xx_hal_msp.c **** /* Private macro -------------------------------------------------------------*/
  38:Core/Src/stm32f0xx_hal_msp.c **** /* USER CODE BEGIN Macro */
  39:Core/Src/stm32f0xx_hal_msp.c **** 
  40:Core/Src/stm32f0xx_hal_msp.c **** /* USER CODE END Macro */
  41:Core/Src/stm32f0xx_hal_msp.c **** 
  42:Core/Src/stm32f0xx_hal_msp.c **** /* Private variables ---------------------------------------------------------*/
  43:Core/Src/stm32f0xx_hal_msp.c **** /* USER CODE BEGIN PV */
  44:Core/Src/stm32f0xx_hal_msp.c **** 
  45:Core/Src/stm32f0xx_hal_msp.c **** /* USER CODE END PV */
  46:Core/Src/stm32f0xx_hal_msp.c **** 
  47:Core/Src/stm32f0xx_hal_msp.c **** /* Private function prototypes -----------------------------------------------*/
  48:Core/Src/stm32f0xx_hal_msp.c **** /* USER CODE BEGIN PFP */
  49:Core/Src/stm32f0xx_hal_msp.c **** 
  50:Core/Src/stm32f0xx_hal_msp.c **** /* USER CODE END PFP */
  51:Core/Src/stm32f0xx_hal_msp.c **** 
  52:Core/Src/stm32f0xx_hal_msp.c **** /* External functions --------------------------------------------------------*/
  53:Core/Src/stm32f0xx_hal_msp.c **** /* USER CODE BEGIN ExternalFunctions */
  54:Core/Src/stm32f0xx_hal_msp.c **** 
  55:Core/Src/stm32f0xx_hal_msp.c **** /* USER CODE END ExternalFunctions */
  56:Core/Src/stm32f0xx_hal_msp.c **** 
  57:Core/Src/stm32f0xx_hal_msp.c **** /* USER CODE BEGIN 0 */
  58:Core/Src/stm32f0xx_hal_msp.c **** 
  59:Core/Src/stm32f0xx_hal_msp.c **** /* USER CODE END 0 */
  60:Core/Src/stm32f0xx_hal_msp.c **** 
  61:Core/Src/stm32f0xx_hal_msp.c **** void HAL_TIM_MspPostInit(TIM_HandleTypeDef *htim);
  62:Core/Src/stm32f0xx_hal_msp.c ****                     /**
  63:Core/Src/stm32f0xx_hal_msp.c ****   * Initializes the Global MSP.
  64:Core/Src/stm32f0xx_hal_msp.c ****   */
  65:Core/Src/stm32f0xx_hal_msp.c **** void HAL_MspInit(void)
  66:Core/Src/stm32f0xx_hal_msp.c **** {
  27              		.loc 1 66 1 view -0
  28              		.cfi_startproc
  29              		@ args = 0, pretend = 0, frame = 8
  30              		@ frame_needed = 0, uses_anonymous_args = 0
  31              		@ link register save eliminated.
  32 0000 82B0     		sub	sp, sp, #8
  33              		.cfi_def_cfa_offset 8
  67:Core/Src/stm32f0xx_hal_msp.c ****   /* USER CODE BEGIN MspInit 0 */
  68:Core/Src/stm32f0xx_hal_msp.c **** 
  69:Core/Src/stm32f0xx_hal_msp.c ****   /* USER CODE END MspInit 0 */
  70:Core/Src/stm32f0xx_hal_msp.c **** 
  71:Core/Src/stm32f0xx_hal_msp.c ****   __HAL_RCC_SYSCFG_CLK_ENABLE();
  34              		.loc 1 71 3 view .LVU1
  35              	.LBB2:
  36              		.loc 1 71 3 view .LVU2
  37              		.loc 1 71 3 view .LVU3
  38 0002 0A4B     		ldr	r3, .L2
  39 0004 9969     		ldr	r1, [r3, #24]
  40 0006 0122     		movs	r2, #1
  41 0008 1143     		orrs	r1, r2
  42 000a 9961     		str	r1, [r3, #24]
  43              		.loc 1 71 3 view .LVU4
  44 000c 9969     		ldr	r1, [r3, #24]
ARM GAS  /var/folders/zf/mkqpy7tx7p1_khjt1h6hykn40000gn/T//cc0JHJ7B.s 			page 3


  45 000e 0A40     		ands	r2, r1
  46 0010 0092     		str	r2, [sp]
  47              		.loc 1 71 3 view .LVU5
  48 0012 009A     		ldr	r2, [sp]
  49              	.LBE2:
  50              		.loc 1 71 3 view .LVU6
  72:Core/Src/stm32f0xx_hal_msp.c ****   __HAL_RCC_PWR_CLK_ENABLE();
  51              		.loc 1 72 3 view .LVU7
  52              	.LBB3:
  53              		.loc 1 72 3 view .LVU8
  54              		.loc 1 72 3 view .LVU9
  55 0014 DA69     		ldr	r2, [r3, #28]
  56 0016 8021     		movs	r1, #128
  57 0018 4905     		lsls	r1, r1, #21
  58 001a 0A43     		orrs	r2, r1
  59 001c DA61     		str	r2, [r3, #28]
  60              		.loc 1 72 3 view .LVU10
  61 001e DB69     		ldr	r3, [r3, #28]
  62 0020 0B40     		ands	r3, r1
  63 0022 0193     		str	r3, [sp, #4]
  64              		.loc 1 72 3 view .LVU11
  65 0024 019B     		ldr	r3, [sp, #4]
  66              	.LBE3:
  67              		.loc 1 72 3 view .LVU12
  73:Core/Src/stm32f0xx_hal_msp.c **** 
  74:Core/Src/stm32f0xx_hal_msp.c ****   /* System interrupt init*/
  75:Core/Src/stm32f0xx_hal_msp.c **** 
  76:Core/Src/stm32f0xx_hal_msp.c ****   /* USER CODE BEGIN MspInit 1 */
  77:Core/Src/stm32f0xx_hal_msp.c **** 
  78:Core/Src/stm32f0xx_hal_msp.c ****   /* USER CODE END MspInit 1 */
  79:Core/Src/stm32f0xx_hal_msp.c **** }
  68              		.loc 1 79 1 is_stmt 0 view .LVU13
  69 0026 02B0     		add	sp, sp, #8
  70              		@ sp needed
  71 0028 7047     		bx	lr
  72              	.L3:
  73 002a C046     		.align	2
  74              	.L2:
  75 002c 00100240 		.word	1073876992
  76              		.cfi_endproc
  77              	.LFE343:
  79              		.section	.text.HAL_ADC_MspInit,"ax",%progbits
  80              		.align	1
  81              		.global	HAL_ADC_MspInit
  82              		.syntax unified
  83              		.code	16
  84              		.thumb_func
  86              	HAL_ADC_MspInit:
  87              	.LVL0:
  88              	.LFB344:
  80:Core/Src/stm32f0xx_hal_msp.c **** 
  81:Core/Src/stm32f0xx_hal_msp.c **** /**
  82:Core/Src/stm32f0xx_hal_msp.c **** * @brief ADC MSP Initialization
  83:Core/Src/stm32f0xx_hal_msp.c **** * This function configures the hardware resources used in this example
  84:Core/Src/stm32f0xx_hal_msp.c **** * @param hadc: ADC handle pointer
  85:Core/Src/stm32f0xx_hal_msp.c **** * @retval None
  86:Core/Src/stm32f0xx_hal_msp.c **** */
ARM GAS  /var/folders/zf/mkqpy7tx7p1_khjt1h6hykn40000gn/T//cc0JHJ7B.s 			page 4


  87:Core/Src/stm32f0xx_hal_msp.c **** void HAL_ADC_MspInit(ADC_HandleTypeDef* hadc)
  88:Core/Src/stm32f0xx_hal_msp.c **** {
  89              		.loc 1 88 1 is_stmt 1 view -0
  90              		.cfi_startproc
  91              		@ args = 0, pretend = 0, frame = 32
  92              		@ frame_needed = 0, uses_anonymous_args = 0
  93              		.loc 1 88 1 is_stmt 0 view .LVU15
  94 0000 10B5     		push	{r4, lr}
  95              		.cfi_def_cfa_offset 8
  96              		.cfi_offset 4, -8
  97              		.cfi_offset 14, -4
  98 0002 88B0     		sub	sp, sp, #32
  99              		.cfi_def_cfa_offset 40
 100 0004 0400     		movs	r4, r0
  89:Core/Src/stm32f0xx_hal_msp.c ****   GPIO_InitTypeDef GPIO_InitStruct = {0};
 101              		.loc 1 89 3 is_stmt 1 view .LVU16
 102              		.loc 1 89 20 is_stmt 0 view .LVU17
 103 0006 1422     		movs	r2, #20
 104 0008 0021     		movs	r1, #0
 105 000a 03A8     		add	r0, sp, #12
 106              	.LVL1:
 107              		.loc 1 89 20 view .LVU18
 108 000c FFF7FEFF 		bl	memset
 109              	.LVL2:
  90:Core/Src/stm32f0xx_hal_msp.c ****   if(hadc->Instance==ADC1)
 110              		.loc 1 90 3 is_stmt 1 view .LVU19
 111              		.loc 1 90 10 is_stmt 0 view .LVU20
 112 0010 2268     		ldr	r2, [r4]
 113              		.loc 1 90 5 view .LVU21
 114 0012 114B     		ldr	r3, .L7
 115 0014 9A42     		cmp	r2, r3
 116 0016 01D0     		beq	.L6
 117              	.L4:
  91:Core/Src/stm32f0xx_hal_msp.c ****   {
  92:Core/Src/stm32f0xx_hal_msp.c ****   /* USER CODE BEGIN ADC1_MspInit 0 */
  93:Core/Src/stm32f0xx_hal_msp.c **** 
  94:Core/Src/stm32f0xx_hal_msp.c ****   /* USER CODE END ADC1_MspInit 0 */
  95:Core/Src/stm32f0xx_hal_msp.c ****     /* Peripheral clock enable */
  96:Core/Src/stm32f0xx_hal_msp.c ****     __HAL_RCC_ADC1_CLK_ENABLE();
  97:Core/Src/stm32f0xx_hal_msp.c **** 
  98:Core/Src/stm32f0xx_hal_msp.c ****     __HAL_RCC_GPIOA_CLK_ENABLE();
  99:Core/Src/stm32f0xx_hal_msp.c ****     /**ADC GPIO Configuration
 100:Core/Src/stm32f0xx_hal_msp.c ****     PA6     ------> ADC_IN6
 101:Core/Src/stm32f0xx_hal_msp.c ****     */
 102:Core/Src/stm32f0xx_hal_msp.c ****     GPIO_InitStruct.Pin = GPIO_PIN_6;
 103:Core/Src/stm32f0xx_hal_msp.c ****     GPIO_InitStruct.Mode = GPIO_MODE_ANALOG;
 104:Core/Src/stm32f0xx_hal_msp.c ****     GPIO_InitStruct.Pull = GPIO_NOPULL;
 105:Core/Src/stm32f0xx_hal_msp.c ****     HAL_GPIO_Init(GPIOA, &GPIO_InitStruct);
 106:Core/Src/stm32f0xx_hal_msp.c **** 
 107:Core/Src/stm32f0xx_hal_msp.c ****   /* USER CODE BEGIN ADC1_MspInit 1 */
 108:Core/Src/stm32f0xx_hal_msp.c **** 
 109:Core/Src/stm32f0xx_hal_msp.c ****   /* USER CODE END ADC1_MspInit 1 */
 110:Core/Src/stm32f0xx_hal_msp.c ****   }
 111:Core/Src/stm32f0xx_hal_msp.c **** 
 112:Core/Src/stm32f0xx_hal_msp.c **** }
 118              		.loc 1 112 1 view .LVU22
 119 0018 08B0     		add	sp, sp, #32
ARM GAS  /var/folders/zf/mkqpy7tx7p1_khjt1h6hykn40000gn/T//cc0JHJ7B.s 			page 5


 120              		@ sp needed
 121              	.LVL3:
 122              		.loc 1 112 1 view .LVU23
 123 001a 10BD     		pop	{r4, pc}
 124              	.LVL4:
 125              	.L6:
  96:Core/Src/stm32f0xx_hal_msp.c **** 
 126              		.loc 1 96 5 is_stmt 1 view .LVU24
 127              	.LBB4:
  96:Core/Src/stm32f0xx_hal_msp.c **** 
 128              		.loc 1 96 5 view .LVU25
  96:Core/Src/stm32f0xx_hal_msp.c **** 
 129              		.loc 1 96 5 view .LVU26
 130 001c 0F4B     		ldr	r3, .L7+4
 131 001e 9A69     		ldr	r2, [r3, #24]
 132 0020 8021     		movs	r1, #128
 133 0022 8900     		lsls	r1, r1, #2
 134 0024 0A43     		orrs	r2, r1
 135 0026 9A61     		str	r2, [r3, #24]
  96:Core/Src/stm32f0xx_hal_msp.c **** 
 136              		.loc 1 96 5 view .LVU27
 137 0028 9A69     		ldr	r2, [r3, #24]
 138 002a 0A40     		ands	r2, r1
 139 002c 0192     		str	r2, [sp, #4]
  96:Core/Src/stm32f0xx_hal_msp.c **** 
 140              		.loc 1 96 5 view .LVU28
 141 002e 019A     		ldr	r2, [sp, #4]
 142              	.LBE4:
  96:Core/Src/stm32f0xx_hal_msp.c **** 
 143              		.loc 1 96 5 view .LVU29
  98:Core/Src/stm32f0xx_hal_msp.c ****     /**ADC GPIO Configuration
 144              		.loc 1 98 5 view .LVU30
 145              	.LBB5:
  98:Core/Src/stm32f0xx_hal_msp.c ****     /**ADC GPIO Configuration
 146              		.loc 1 98 5 view .LVU31
  98:Core/Src/stm32f0xx_hal_msp.c ****     /**ADC GPIO Configuration
 147              		.loc 1 98 5 view .LVU32
 148 0030 5A69     		ldr	r2, [r3, #20]
 149 0032 8021     		movs	r1, #128
 150 0034 8902     		lsls	r1, r1, #10
 151 0036 0A43     		orrs	r2, r1
 152 0038 5A61     		str	r2, [r3, #20]
  98:Core/Src/stm32f0xx_hal_msp.c ****     /**ADC GPIO Configuration
 153              		.loc 1 98 5 view .LVU33
 154 003a 5B69     		ldr	r3, [r3, #20]
 155 003c 0B40     		ands	r3, r1
 156 003e 0293     		str	r3, [sp, #8]
  98:Core/Src/stm32f0xx_hal_msp.c ****     /**ADC GPIO Configuration
 157              		.loc 1 98 5 view .LVU34
 158 0040 029B     		ldr	r3, [sp, #8]
 159              	.LBE5:
  98:Core/Src/stm32f0xx_hal_msp.c ****     /**ADC GPIO Configuration
 160              		.loc 1 98 5 view .LVU35
 102:Core/Src/stm32f0xx_hal_msp.c ****     GPIO_InitStruct.Mode = GPIO_MODE_ANALOG;
 161              		.loc 1 102 5 view .LVU36
 102:Core/Src/stm32f0xx_hal_msp.c ****     GPIO_InitStruct.Mode = GPIO_MODE_ANALOG;
 162              		.loc 1 102 25 is_stmt 0 view .LVU37
ARM GAS  /var/folders/zf/mkqpy7tx7p1_khjt1h6hykn40000gn/T//cc0JHJ7B.s 			page 6


 163 0042 4023     		movs	r3, #64
 164 0044 0393     		str	r3, [sp, #12]
 103:Core/Src/stm32f0xx_hal_msp.c ****     GPIO_InitStruct.Pull = GPIO_NOPULL;
 165              		.loc 1 103 5 is_stmt 1 view .LVU38
 103:Core/Src/stm32f0xx_hal_msp.c ****     GPIO_InitStruct.Pull = GPIO_NOPULL;
 166              		.loc 1 103 26 is_stmt 0 view .LVU39
 167 0046 3D3B     		subs	r3, r3, #61
 168 0048 0493     		str	r3, [sp, #16]
 104:Core/Src/stm32f0xx_hal_msp.c ****     HAL_GPIO_Init(GPIOA, &GPIO_InitStruct);
 169              		.loc 1 104 5 is_stmt 1 view .LVU40
 105:Core/Src/stm32f0xx_hal_msp.c **** 
 170              		.loc 1 105 5 view .LVU41
 171 004a 9020     		movs	r0, #144
 172 004c 03A9     		add	r1, sp, #12
 173 004e C005     		lsls	r0, r0, #23
 174 0050 FFF7FEFF 		bl	HAL_GPIO_Init
 175              	.LVL5:
 176              		.loc 1 112 1 is_stmt 0 view .LVU42
 177 0054 E0E7     		b	.L4
 178              	.L8:
 179 0056 C046     		.align	2
 180              	.L7:
 181 0058 00240140 		.word	1073816576
 182 005c 00100240 		.word	1073876992
 183              		.cfi_endproc
 184              	.LFE344:
 186              		.section	.text.HAL_ADC_MspDeInit,"ax",%progbits
 187              		.align	1
 188              		.global	HAL_ADC_MspDeInit
 189              		.syntax unified
 190              		.code	16
 191              		.thumb_func
 193              	HAL_ADC_MspDeInit:
 194              	.LVL6:
 195              	.LFB345:
 113:Core/Src/stm32f0xx_hal_msp.c **** 
 114:Core/Src/stm32f0xx_hal_msp.c **** /**
 115:Core/Src/stm32f0xx_hal_msp.c **** * @brief ADC MSP De-Initialization
 116:Core/Src/stm32f0xx_hal_msp.c **** * This function freeze the hardware resources used in this example
 117:Core/Src/stm32f0xx_hal_msp.c **** * @param hadc: ADC handle pointer
 118:Core/Src/stm32f0xx_hal_msp.c **** * @retval None
 119:Core/Src/stm32f0xx_hal_msp.c **** */
 120:Core/Src/stm32f0xx_hal_msp.c **** void HAL_ADC_MspDeInit(ADC_HandleTypeDef* hadc)
 121:Core/Src/stm32f0xx_hal_msp.c **** {
 196              		.loc 1 121 1 is_stmt 1 view -0
 197              		.cfi_startproc
 198              		@ args = 0, pretend = 0, frame = 0
 199              		@ frame_needed = 0, uses_anonymous_args = 0
 200              		.loc 1 121 1 is_stmt 0 view .LVU44
 201 0000 10B5     		push	{r4, lr}
 202              		.cfi_def_cfa_offset 8
 203              		.cfi_offset 4, -8
 204              		.cfi_offset 14, -4
 122:Core/Src/stm32f0xx_hal_msp.c ****   if(hadc->Instance==ADC1)
 205              		.loc 1 122 3 is_stmt 1 view .LVU45
 206              		.loc 1 122 10 is_stmt 0 view .LVU46
 207 0002 0268     		ldr	r2, [r0]
ARM GAS  /var/folders/zf/mkqpy7tx7p1_khjt1h6hykn40000gn/T//cc0JHJ7B.s 			page 7


 208              		.loc 1 122 5 view .LVU47
 209 0004 074B     		ldr	r3, .L12
 210 0006 9A42     		cmp	r2, r3
 211 0008 00D0     		beq	.L11
 212              	.LVL7:
 213              	.L9:
 123:Core/Src/stm32f0xx_hal_msp.c ****   {
 124:Core/Src/stm32f0xx_hal_msp.c ****   /* USER CODE BEGIN ADC1_MspDeInit 0 */
 125:Core/Src/stm32f0xx_hal_msp.c **** 
 126:Core/Src/stm32f0xx_hal_msp.c ****   /* USER CODE END ADC1_MspDeInit 0 */
 127:Core/Src/stm32f0xx_hal_msp.c ****     /* Peripheral clock disable */
 128:Core/Src/stm32f0xx_hal_msp.c ****     __HAL_RCC_ADC1_CLK_DISABLE();
 129:Core/Src/stm32f0xx_hal_msp.c **** 
 130:Core/Src/stm32f0xx_hal_msp.c ****     /**ADC GPIO Configuration
 131:Core/Src/stm32f0xx_hal_msp.c ****     PA6     ------> ADC_IN6
 132:Core/Src/stm32f0xx_hal_msp.c ****     */
 133:Core/Src/stm32f0xx_hal_msp.c ****     HAL_GPIO_DeInit(GPIOA, GPIO_PIN_6);
 134:Core/Src/stm32f0xx_hal_msp.c **** 
 135:Core/Src/stm32f0xx_hal_msp.c ****   /* USER CODE BEGIN ADC1_MspDeInit 1 */
 136:Core/Src/stm32f0xx_hal_msp.c **** 
 137:Core/Src/stm32f0xx_hal_msp.c ****   /* USER CODE END ADC1_MspDeInit 1 */
 138:Core/Src/stm32f0xx_hal_msp.c ****   }
 139:Core/Src/stm32f0xx_hal_msp.c **** 
 140:Core/Src/stm32f0xx_hal_msp.c **** }
 214              		.loc 1 140 1 view .LVU48
 215              		@ sp needed
 216 000a 10BD     		pop	{r4, pc}
 217              	.LVL8:
 218              	.L11:
 128:Core/Src/stm32f0xx_hal_msp.c **** 
 219              		.loc 1 128 5 is_stmt 1 view .LVU49
 220 000c 064A     		ldr	r2, .L12+4
 221 000e 9369     		ldr	r3, [r2, #24]
 222 0010 0649     		ldr	r1, .L12+8
 223 0012 0B40     		ands	r3, r1
 224 0014 9361     		str	r3, [r2, #24]
 133:Core/Src/stm32f0xx_hal_msp.c **** 
 225              		.loc 1 133 5 view .LVU50
 226 0016 9020     		movs	r0, #144
 227              	.LVL9:
 133:Core/Src/stm32f0xx_hal_msp.c **** 
 228              		.loc 1 133 5 is_stmt 0 view .LVU51
 229 0018 4021     		movs	r1, #64
 230 001a C005     		lsls	r0, r0, #23
 231 001c FFF7FEFF 		bl	HAL_GPIO_DeInit
 232              	.LVL10:
 233              		.loc 1 140 1 view .LVU52
 234 0020 F3E7     		b	.L9
 235              	.L13:
 236 0022 C046     		.align	2
 237              	.L12:
 238 0024 00240140 		.word	1073816576
 239 0028 00100240 		.word	1073876992
 240 002c FFFDFFFF 		.word	-513
 241              		.cfi_endproc
 242              	.LFE345:
 244              		.section	.text.HAL_TIM_Base_MspInit,"ax",%progbits
ARM GAS  /var/folders/zf/mkqpy7tx7p1_khjt1h6hykn40000gn/T//cc0JHJ7B.s 			page 8


 245              		.align	1
 246              		.global	HAL_TIM_Base_MspInit
 247              		.syntax unified
 248              		.code	16
 249              		.thumb_func
 251              	HAL_TIM_Base_MspInit:
 252              	.LVL11:
 253              	.LFB346:
 141:Core/Src/stm32f0xx_hal_msp.c **** 
 142:Core/Src/stm32f0xx_hal_msp.c **** /**
 143:Core/Src/stm32f0xx_hal_msp.c **** * @brief TIM_Base MSP Initialization
 144:Core/Src/stm32f0xx_hal_msp.c **** * This function configures the hardware resources used in this example
 145:Core/Src/stm32f0xx_hal_msp.c **** * @param htim_base: TIM_Base handle pointer
 146:Core/Src/stm32f0xx_hal_msp.c **** * @retval None
 147:Core/Src/stm32f0xx_hal_msp.c **** */
 148:Core/Src/stm32f0xx_hal_msp.c **** void HAL_TIM_Base_MspInit(TIM_HandleTypeDef* htim_base)
 149:Core/Src/stm32f0xx_hal_msp.c **** {
 254              		.loc 1 149 1 is_stmt 1 view -0
 255              		.cfi_startproc
 256              		@ args = 0, pretend = 0, frame = 8
 257              		@ frame_needed = 0, uses_anonymous_args = 0
 258              		@ link register save eliminated.
 259              		.loc 1 149 1 is_stmt 0 view .LVU54
 260 0000 82B0     		sub	sp, sp, #8
 261              		.cfi_def_cfa_offset 8
 150:Core/Src/stm32f0xx_hal_msp.c ****   if(htim_base->Instance==TIM3)
 262              		.loc 1 150 3 is_stmt 1 view .LVU55
 263              		.loc 1 150 15 is_stmt 0 view .LVU56
 264 0002 0268     		ldr	r2, [r0]
 265              		.loc 1 150 5 view .LVU57
 266 0004 074B     		ldr	r3, .L17
 267 0006 9A42     		cmp	r2, r3
 268 0008 01D0     		beq	.L16
 269              	.L14:
 151:Core/Src/stm32f0xx_hal_msp.c ****   {
 152:Core/Src/stm32f0xx_hal_msp.c ****   /* USER CODE BEGIN TIM3_MspInit 0 */
 153:Core/Src/stm32f0xx_hal_msp.c **** 
 154:Core/Src/stm32f0xx_hal_msp.c ****   /* USER CODE END TIM3_MspInit 0 */
 155:Core/Src/stm32f0xx_hal_msp.c ****     /* Peripheral clock enable */
 156:Core/Src/stm32f0xx_hal_msp.c ****     __HAL_RCC_TIM3_CLK_ENABLE();
 157:Core/Src/stm32f0xx_hal_msp.c ****   /* USER CODE BEGIN TIM3_MspInit 1 */
 158:Core/Src/stm32f0xx_hal_msp.c **** 
 159:Core/Src/stm32f0xx_hal_msp.c ****   /* USER CODE END TIM3_MspInit 1 */
 160:Core/Src/stm32f0xx_hal_msp.c ****   }
 161:Core/Src/stm32f0xx_hal_msp.c **** 
 162:Core/Src/stm32f0xx_hal_msp.c **** }
 270              		.loc 1 162 1 view .LVU58
 271 000a 02B0     		add	sp, sp, #8
 272              		@ sp needed
 273 000c 7047     		bx	lr
 274              	.L16:
 156:Core/Src/stm32f0xx_hal_msp.c ****   /* USER CODE BEGIN TIM3_MspInit 1 */
 275              		.loc 1 156 5 is_stmt 1 view .LVU59
 276              	.LBB6:
 156:Core/Src/stm32f0xx_hal_msp.c ****   /* USER CODE BEGIN TIM3_MspInit 1 */
 277              		.loc 1 156 5 view .LVU60
 156:Core/Src/stm32f0xx_hal_msp.c ****   /* USER CODE BEGIN TIM3_MspInit 1 */
ARM GAS  /var/folders/zf/mkqpy7tx7p1_khjt1h6hykn40000gn/T//cc0JHJ7B.s 			page 9


 278              		.loc 1 156 5 view .LVU61
 279 000e 064A     		ldr	r2, .L17+4
 280 0010 D169     		ldr	r1, [r2, #28]
 281 0012 0223     		movs	r3, #2
 282 0014 1943     		orrs	r1, r3
 283 0016 D161     		str	r1, [r2, #28]
 156:Core/Src/stm32f0xx_hal_msp.c ****   /* USER CODE BEGIN TIM3_MspInit 1 */
 284              		.loc 1 156 5 view .LVU62
 285 0018 D269     		ldr	r2, [r2, #28]
 286 001a 1340     		ands	r3, r2
 287 001c 0193     		str	r3, [sp, #4]
 156:Core/Src/stm32f0xx_hal_msp.c ****   /* USER CODE BEGIN TIM3_MspInit 1 */
 288              		.loc 1 156 5 view .LVU63
 289 001e 019B     		ldr	r3, [sp, #4]
 290              	.LBE6:
 156:Core/Src/stm32f0xx_hal_msp.c ****   /* USER CODE BEGIN TIM3_MspInit 1 */
 291              		.loc 1 156 5 view .LVU64
 292              		.loc 1 162 1 is_stmt 0 view .LVU65
 293 0020 F3E7     		b	.L14
 294              	.L18:
 295 0022 C046     		.align	2
 296              	.L17:
 297 0024 00040040 		.word	1073742848
 298 0028 00100240 		.word	1073876992
 299              		.cfi_endproc
 300              	.LFE346:
 302              		.section	.text.HAL_TIM_MspPostInit,"ax",%progbits
 303              		.align	1
 304              		.global	HAL_TIM_MspPostInit
 305              		.syntax unified
 306              		.code	16
 307              		.thumb_func
 309              	HAL_TIM_MspPostInit:
 310              	.LVL12:
 311              	.LFB347:
 163:Core/Src/stm32f0xx_hal_msp.c **** 
 164:Core/Src/stm32f0xx_hal_msp.c **** void HAL_TIM_MspPostInit(TIM_HandleTypeDef* htim)
 165:Core/Src/stm32f0xx_hal_msp.c **** {
 312              		.loc 1 165 1 is_stmt 1 view -0
 313              		.cfi_startproc
 314              		@ args = 0, pretend = 0, frame = 24
 315              		@ frame_needed = 0, uses_anonymous_args = 0
 316              		.loc 1 165 1 is_stmt 0 view .LVU67
 317 0000 10B5     		push	{r4, lr}
 318              		.cfi_def_cfa_offset 8
 319              		.cfi_offset 4, -8
 320              		.cfi_offset 14, -4
 321 0002 86B0     		sub	sp, sp, #24
 322              		.cfi_def_cfa_offset 32
 323 0004 0400     		movs	r4, r0
 166:Core/Src/stm32f0xx_hal_msp.c ****   GPIO_InitTypeDef GPIO_InitStruct = {0};
 324              		.loc 1 166 3 is_stmt 1 view .LVU68
 325              		.loc 1 166 20 is_stmt 0 view .LVU69
 326 0006 1422     		movs	r2, #20
 327 0008 0021     		movs	r1, #0
 328 000a 01A8     		add	r0, sp, #4
 329              	.LVL13:
ARM GAS  /var/folders/zf/mkqpy7tx7p1_khjt1h6hykn40000gn/T//cc0JHJ7B.s 			page 10


 330              		.loc 1 166 20 view .LVU70
 331 000c FFF7FEFF 		bl	memset
 332              	.LVL14:
 167:Core/Src/stm32f0xx_hal_msp.c ****   if(htim->Instance==TIM3)
 333              		.loc 1 167 3 is_stmt 1 view .LVU71
 334              		.loc 1 167 10 is_stmt 0 view .LVU72
 335 0010 2268     		ldr	r2, [r4]
 336              		.loc 1 167 5 view .LVU73
 337 0012 0C4B     		ldr	r3, .L22
 338 0014 9A42     		cmp	r2, r3
 339 0016 01D0     		beq	.L21
 340              	.L19:
 168:Core/Src/stm32f0xx_hal_msp.c ****   {
 169:Core/Src/stm32f0xx_hal_msp.c ****   /* USER CODE BEGIN TIM3_MspPostInit 0 */
 170:Core/Src/stm32f0xx_hal_msp.c **** 
 171:Core/Src/stm32f0xx_hal_msp.c ****   /* USER CODE END TIM3_MspPostInit 0 */
 172:Core/Src/stm32f0xx_hal_msp.c **** 
 173:Core/Src/stm32f0xx_hal_msp.c ****     __HAL_RCC_GPIOB_CLK_ENABLE();
 174:Core/Src/stm32f0xx_hal_msp.c ****     /**TIM3 GPIO Configuration
 175:Core/Src/stm32f0xx_hal_msp.c ****     PB0     ------> TIM3_CH3
 176:Core/Src/stm32f0xx_hal_msp.c ****     */
 177:Core/Src/stm32f0xx_hal_msp.c ****     GPIO_InitStruct.Pin = GPIO_PIN_0;
 178:Core/Src/stm32f0xx_hal_msp.c ****     GPIO_InitStruct.Mode = GPIO_MODE_AF_PP;
 179:Core/Src/stm32f0xx_hal_msp.c ****     GPIO_InitStruct.Pull = GPIO_NOPULL;
 180:Core/Src/stm32f0xx_hal_msp.c ****     GPIO_InitStruct.Speed = GPIO_SPEED_FREQ_LOW;
 181:Core/Src/stm32f0xx_hal_msp.c ****     GPIO_InitStruct.Alternate = GPIO_AF1_TIM3;
 182:Core/Src/stm32f0xx_hal_msp.c ****     HAL_GPIO_Init(GPIOB, &GPIO_InitStruct);
 183:Core/Src/stm32f0xx_hal_msp.c **** 
 184:Core/Src/stm32f0xx_hal_msp.c ****   /* USER CODE BEGIN TIM3_MspPostInit 1 */
 185:Core/Src/stm32f0xx_hal_msp.c **** 
 186:Core/Src/stm32f0xx_hal_msp.c ****   /* USER CODE END TIM3_MspPostInit 1 */
 187:Core/Src/stm32f0xx_hal_msp.c ****   }
 188:Core/Src/stm32f0xx_hal_msp.c **** 
 189:Core/Src/stm32f0xx_hal_msp.c **** }
 341              		.loc 1 189 1 view .LVU74
 342 0018 06B0     		add	sp, sp, #24
 343              		@ sp needed
 344              	.LVL15:
 345              		.loc 1 189 1 view .LVU75
 346 001a 10BD     		pop	{r4, pc}
 347              	.LVL16:
 348              	.L21:
 173:Core/Src/stm32f0xx_hal_msp.c ****     /**TIM3 GPIO Configuration
 349              		.loc 1 173 5 is_stmt 1 view .LVU76
 350              	.LBB7:
 173:Core/Src/stm32f0xx_hal_msp.c ****     /**TIM3 GPIO Configuration
 351              		.loc 1 173 5 view .LVU77
 173:Core/Src/stm32f0xx_hal_msp.c ****     /**TIM3 GPIO Configuration
 352              		.loc 1 173 5 view .LVU78
 353 001c 0A4B     		ldr	r3, .L22+4
 354 001e 5A69     		ldr	r2, [r3, #20]
 355 0020 8021     		movs	r1, #128
 356 0022 C902     		lsls	r1, r1, #11
 357 0024 0A43     		orrs	r2, r1
 358 0026 5A61     		str	r2, [r3, #20]
 173:Core/Src/stm32f0xx_hal_msp.c ****     /**TIM3 GPIO Configuration
 359              		.loc 1 173 5 view .LVU79
ARM GAS  /var/folders/zf/mkqpy7tx7p1_khjt1h6hykn40000gn/T//cc0JHJ7B.s 			page 11


 360 0028 5B69     		ldr	r3, [r3, #20]
 361 002a 0B40     		ands	r3, r1
 362 002c 0093     		str	r3, [sp]
 173:Core/Src/stm32f0xx_hal_msp.c ****     /**TIM3 GPIO Configuration
 363              		.loc 1 173 5 view .LVU80
 364 002e 009B     		ldr	r3, [sp]
 365              	.LBE7:
 173:Core/Src/stm32f0xx_hal_msp.c ****     /**TIM3 GPIO Configuration
 366              		.loc 1 173 5 view .LVU81
 177:Core/Src/stm32f0xx_hal_msp.c ****     GPIO_InitStruct.Mode = GPIO_MODE_AF_PP;
 367              		.loc 1 177 5 view .LVU82
 177:Core/Src/stm32f0xx_hal_msp.c ****     GPIO_InitStruct.Mode = GPIO_MODE_AF_PP;
 368              		.loc 1 177 25 is_stmt 0 view .LVU83
 369 0030 0123     		movs	r3, #1
 370 0032 0193     		str	r3, [sp, #4]
 178:Core/Src/stm32f0xx_hal_msp.c ****     GPIO_InitStruct.Pull = GPIO_NOPULL;
 371              		.loc 1 178 5 is_stmt 1 view .LVU84
 178:Core/Src/stm32f0xx_hal_msp.c ****     GPIO_InitStruct.Pull = GPIO_NOPULL;
 372              		.loc 1 178 26 is_stmt 0 view .LVU85
 373 0034 0222     		movs	r2, #2
 374 0036 0292     		str	r2, [sp, #8]
 179:Core/Src/stm32f0xx_hal_msp.c ****     GPIO_InitStruct.Speed = GPIO_SPEED_FREQ_LOW;
 375              		.loc 1 179 5 is_stmt 1 view .LVU86
 180:Core/Src/stm32f0xx_hal_msp.c ****     GPIO_InitStruct.Alternate = GPIO_AF1_TIM3;
 376              		.loc 1 180 5 view .LVU87
 181:Core/Src/stm32f0xx_hal_msp.c ****     HAL_GPIO_Init(GPIOB, &GPIO_InitStruct);
 377              		.loc 1 181 5 view .LVU88
 181:Core/Src/stm32f0xx_hal_msp.c ****     HAL_GPIO_Init(GPIOB, &GPIO_InitStruct);
 378              		.loc 1 181 31 is_stmt 0 view .LVU89
 379 0038 0593     		str	r3, [sp, #20]
 182:Core/Src/stm32f0xx_hal_msp.c **** 
 380              		.loc 1 182 5 is_stmt 1 view .LVU90
 381 003a 01A9     		add	r1, sp, #4
 382 003c 0348     		ldr	r0, .L22+8
 383 003e FFF7FEFF 		bl	HAL_GPIO_Init
 384              	.LVL17:
 385              		.loc 1 189 1 is_stmt 0 view .LVU91
 386 0042 E9E7     		b	.L19
 387              	.L23:
 388              		.align	2
 389              	.L22:
 390 0044 00040040 		.word	1073742848
 391 0048 00100240 		.word	1073876992
 392 004c 00040048 		.word	1207960576
 393              		.cfi_endproc
 394              	.LFE347:
 396              		.section	.text.HAL_TIM_Base_MspDeInit,"ax",%progbits
 397              		.align	1
 398              		.global	HAL_TIM_Base_MspDeInit
 399              		.syntax unified
 400              		.code	16
 401              		.thumb_func
 403              	HAL_TIM_Base_MspDeInit:
 404              	.LVL18:
 405              	.LFB348:
 190:Core/Src/stm32f0xx_hal_msp.c **** /**
 191:Core/Src/stm32f0xx_hal_msp.c **** * @brief TIM_Base MSP De-Initialization
ARM GAS  /var/folders/zf/mkqpy7tx7p1_khjt1h6hykn40000gn/T//cc0JHJ7B.s 			page 12


 192:Core/Src/stm32f0xx_hal_msp.c **** * This function freeze the hardware resources used in this example
 193:Core/Src/stm32f0xx_hal_msp.c **** * @param htim_base: TIM_Base handle pointer
 194:Core/Src/stm32f0xx_hal_msp.c **** * @retval None
 195:Core/Src/stm32f0xx_hal_msp.c **** */
 196:Core/Src/stm32f0xx_hal_msp.c **** void HAL_TIM_Base_MspDeInit(TIM_HandleTypeDef* htim_base)
 197:Core/Src/stm32f0xx_hal_msp.c **** {
 406              		.loc 1 197 1 is_stmt 1 view -0
 407              		.cfi_startproc
 408              		@ args = 0, pretend = 0, frame = 0
 409              		@ frame_needed = 0, uses_anonymous_args = 0
 410              		@ link register save eliminated.
 198:Core/Src/stm32f0xx_hal_msp.c ****   if(htim_base->Instance==TIM3)
 411              		.loc 1 198 3 view .LVU93
 412              		.loc 1 198 15 is_stmt 0 view .LVU94
 413 0000 0268     		ldr	r2, [r0]
 414              		.loc 1 198 5 view .LVU95
 415 0002 054B     		ldr	r3, .L27
 416 0004 9A42     		cmp	r2, r3
 417 0006 00D0     		beq	.L26
 418              	.L24:
 199:Core/Src/stm32f0xx_hal_msp.c ****   {
 200:Core/Src/stm32f0xx_hal_msp.c ****   /* USER CODE BEGIN TIM3_MspDeInit 0 */
 201:Core/Src/stm32f0xx_hal_msp.c **** 
 202:Core/Src/stm32f0xx_hal_msp.c ****   /* USER CODE END TIM3_MspDeInit 0 */
 203:Core/Src/stm32f0xx_hal_msp.c ****     /* Peripheral clock disable */
 204:Core/Src/stm32f0xx_hal_msp.c ****     __HAL_RCC_TIM3_CLK_DISABLE();
 205:Core/Src/stm32f0xx_hal_msp.c ****   /* USER CODE BEGIN TIM3_MspDeInit 1 */
 206:Core/Src/stm32f0xx_hal_msp.c **** 
 207:Core/Src/stm32f0xx_hal_msp.c ****   /* USER CODE END TIM3_MspDeInit 1 */
 208:Core/Src/stm32f0xx_hal_msp.c ****   }
 209:Core/Src/stm32f0xx_hal_msp.c **** 
 210:Core/Src/stm32f0xx_hal_msp.c **** }
 419              		.loc 1 210 1 view .LVU96
 420              		@ sp needed
 421 0008 7047     		bx	lr
 422              	.L26:
 204:Core/Src/stm32f0xx_hal_msp.c ****   /* USER CODE BEGIN TIM3_MspDeInit 1 */
 423              		.loc 1 204 5 is_stmt 1 view .LVU97
 424 000a 044A     		ldr	r2, .L27+4
 425 000c D369     		ldr	r3, [r2, #28]
 426 000e 0221     		movs	r1, #2
 427 0010 8B43     		bics	r3, r1
 428 0012 D361     		str	r3, [r2, #28]
 429              		.loc 1 210 1 is_stmt 0 view .LVU98
 430 0014 F8E7     		b	.L24
 431              	.L28:
 432 0016 C046     		.align	2
 433              	.L27:
 434 0018 00040040 		.word	1073742848
 435 001c 00100240 		.word	1073876992
 436              		.cfi_endproc
 437              	.LFE348:
 439              		.text
 440              	.Letext0:
 441              		.file 2 "/Users/sizweletanta/Library/Application Support/Code/User/globalStorage/bmd.stm32-for-vsc
 442              		.file 3 "/Users/sizweletanta/Library/Application Support/Code/User/globalStorage/bmd.stm32-for-vsc
 443              		.file 4 "Drivers/CMSIS/Device/ST/STM32F0xx/Include/stm32f051x8.h"
ARM GAS  /var/folders/zf/mkqpy7tx7p1_khjt1h6hykn40000gn/T//cc0JHJ7B.s 			page 13


 444              		.file 5 "Drivers/CMSIS/Device/ST/STM32F0xx/Include/stm32f0xx.h"
 445              		.file 6 "Drivers/STM32F0xx_HAL_Driver/Inc/stm32f0xx_hal_def.h"
 446              		.file 7 "Drivers/STM32F0xx_HAL_Driver/Inc/stm32f0xx_hal_gpio.h"
 447              		.file 8 "Drivers/STM32F0xx_HAL_Driver/Inc/stm32f0xx_hal_dma.h"
 448              		.file 9 "Drivers/STM32F0xx_HAL_Driver/Inc/stm32f0xx_hal_adc.h"
 449              		.file 10 "Drivers/STM32F0xx_HAL_Driver/Inc/stm32f0xx_hal_tim.h"
 450              		.file 11 "Drivers/STM32F0xx_HAL_Driver/Inc/stm32f0xx_ll_dma.h"
 451              		.file 12 "<built-in>"
ARM GAS  /var/folders/zf/mkqpy7tx7p1_khjt1h6hykn40000gn/T//cc0JHJ7B.s 			page 14


DEFINED SYMBOLS
                            *ABS*:0000000000000000 stm32f0xx_hal_msp.c
/var/folders/zf/mkqpy7tx7p1_khjt1h6hykn40000gn/T//cc0JHJ7B.s:19     .text.HAL_MspInit:0000000000000000 $t
/var/folders/zf/mkqpy7tx7p1_khjt1h6hykn40000gn/T//cc0JHJ7B.s:25     .text.HAL_MspInit:0000000000000000 HAL_MspInit
/var/folders/zf/mkqpy7tx7p1_khjt1h6hykn40000gn/T//cc0JHJ7B.s:75     .text.HAL_MspInit:000000000000002c $d
/var/folders/zf/mkqpy7tx7p1_khjt1h6hykn40000gn/T//cc0JHJ7B.s:80     .text.HAL_ADC_MspInit:0000000000000000 $t
/var/folders/zf/mkqpy7tx7p1_khjt1h6hykn40000gn/T//cc0JHJ7B.s:86     .text.HAL_ADC_MspInit:0000000000000000 HAL_ADC_MspInit
/var/folders/zf/mkqpy7tx7p1_khjt1h6hykn40000gn/T//cc0JHJ7B.s:181    .text.HAL_ADC_MspInit:0000000000000058 $d
/var/folders/zf/mkqpy7tx7p1_khjt1h6hykn40000gn/T//cc0JHJ7B.s:187    .text.HAL_ADC_MspDeInit:0000000000000000 $t
/var/folders/zf/mkqpy7tx7p1_khjt1h6hykn40000gn/T//cc0JHJ7B.s:193    .text.HAL_ADC_MspDeInit:0000000000000000 HAL_ADC_MspDeInit
/var/folders/zf/mkqpy7tx7p1_khjt1h6hykn40000gn/T//cc0JHJ7B.s:238    .text.HAL_ADC_MspDeInit:0000000000000024 $d
/var/folders/zf/mkqpy7tx7p1_khjt1h6hykn40000gn/T//cc0JHJ7B.s:245    .text.HAL_TIM_Base_MspInit:0000000000000000 $t
/var/folders/zf/mkqpy7tx7p1_khjt1h6hykn40000gn/T//cc0JHJ7B.s:251    .text.HAL_TIM_Base_MspInit:0000000000000000 HAL_TIM_Base_MspInit
/var/folders/zf/mkqpy7tx7p1_khjt1h6hykn40000gn/T//cc0JHJ7B.s:297    .text.HAL_TIM_Base_MspInit:0000000000000024 $d
/var/folders/zf/mkqpy7tx7p1_khjt1h6hykn40000gn/T//cc0JHJ7B.s:303    .text.HAL_TIM_MspPostInit:0000000000000000 $t
/var/folders/zf/mkqpy7tx7p1_khjt1h6hykn40000gn/T//cc0JHJ7B.s:309    .text.HAL_TIM_MspPostInit:0000000000000000 HAL_TIM_MspPostInit
/var/folders/zf/mkqpy7tx7p1_khjt1h6hykn40000gn/T//cc0JHJ7B.s:390    .text.HAL_TIM_MspPostInit:0000000000000044 $d
/var/folders/zf/mkqpy7tx7p1_khjt1h6hykn40000gn/T//cc0JHJ7B.s:397    .text.HAL_TIM_Base_MspDeInit:0000000000000000 $t
/var/folders/zf/mkqpy7tx7p1_khjt1h6hykn40000gn/T//cc0JHJ7B.s:403    .text.HAL_TIM_Base_MspDeInit:0000000000000000 HAL_TIM_Base_MspDeInit
/var/folders/zf/mkqpy7tx7p1_khjt1h6hykn40000gn/T//cc0JHJ7B.s:434    .text.HAL_TIM_Base_MspDeInit:0000000000000018 $d

UNDEFINED SYMBOLS
memset
HAL_GPIO_Init
HAL_GPIO_DeInit
